{"timestamp":"2026-03-10T00:27:37.803664Z","level":"info","event":"DAG bundles loaded: dags-folder, example_dags","logger":"airflow.dag_processing.bundles.manager.DagBundlesManager","filename":"manager.py","lineno":179}
{"timestamp":"2026-03-10T00:27:37.803934Z","level":"info","event":"Filling up the DagBag from /Users/sujithsuji/uber-trip-pipeline/airflow/dags/trip_pipeline_dag.py","logger":"airflow.models.dagbag.BundleDagBag","filename":"dagbag.py","lineno":593}
{"timestamp":"2026-03-10T00:27:37.808946Z","level":"warning","event":"The `airflow.operators.python.PythonOperator` attribute is deprecated. Please use `'airflow.providers.standard.operators.python.PythonOperator'`.","category":"DeprecatedImportWarning","filename":"/Users/sujithsuji/uber-trip-pipeline/airflow/dags/trip_pipeline_dag.py","lineno":2,"logger":"py.warnings"}
{"timestamp":"2026-03-10T00:27:37.809081Z","level":"warning","event":"The `airflow.operators.bash.BashOperator` attribute is deprecated. Please use `'airflow.providers.standard.operators.bash.BashOperator'`.","category":"DeprecatedImportWarning","filename":"/Users/sujithsuji/uber-trip-pipeline/airflow/dags/trip_pipeline_dag.py","lineno":3,"logger":"py.warnings"}
{"timestamp":"2026-03-10T00:27:37.874680Z","level":"info","event":"Task instance is in running state","logger":"task.stdout"}
{"timestamp":"2026-03-10T00:27:37.874925Z","level":"info","event":" Previous state of the Task instance: TaskInstanceState.QUEUED","logger":"task.stdout"}
{"timestamp":"2026-03-10T00:27:37.876342Z","level":"info","event":"Current task name:silver_transform","logger":"task.stdout"}
{"timestamp":"2026-03-10T00:27:37.876380Z","level":"info","event":"Dag name:uber_trip_pipeline","logger":"task.stdout"}
{"timestamp":"2026-03-10T00:27:50.597026Z","level":"info","event":"✅ Spark Session started","logger":"task.stdout"}
{"timestamp":"2026-03-10T00:27:50.597803Z","level":"info","event":"🔄 Processing Trips...","logger":"task.stdout"}
{"timestamp":"2026-03-10T00:27:50.597848Z","level":"info","event":"   Clean trips: 9993 rows","logger":"task.stdout"}
{"timestamp":"2026-03-10T00:27:50.597874Z","level":"info","event":"","logger":"task.stdout"}
{"timestamp":"2026-03-10T00:27:50.600050Z","level":"error","event":"Task failed with exception","logger":"task","filename":"task_runner.py","lineno":1142,"error_detail":[{"exc_type":"Exception","exc_value":"WARNING: Using incubator modules: jdk.incubator.vector\nUsing Spark's default log4j profile: org/apache/spark/log4j2-defaults.properties\n26/03/09 20:27:40 WARN Utils: Your hostname, Sujiths-Laptop.local, resolves to a loopback address: 127.0.0.1; using 192.168.1.230 instead (on interface en0)\n26/03/09 20:27:40 WARN Utils: Set SPARK_LOCAL_IP if you need to bind to another address\nUsing Spark's default log4j profile: org/apache/spark/log4j2-defaults.properties\nSetting default log level to \"WARN\".\nTo adjust logging level use sc.setLogLevel(newLevel). For SparkR, use setLogLevel(newLevel).\n26/03/09 20:27:41 WARN NativeCodeLoader: Unable to load native-hadoop library for your platform... using builtin-java classes where applicable\n\n[Stage 9:>                                                          (0 + 1) / 1]\n\n                                                                                \n26/03/09 20:27:49 ERROR FileFormatWriter: Aborting job 6b7534ce-3783-4912-98cf-177c25d82369.\njava.io.FileNotFoundException: File file:/Users/sujithsuji/uber-trip-pipeline/data/processed/silver_trips/_temporary/0 does not exist\n\tat org.apache.hadoop.fs.RawLocalFileSystem.listStatus(RawLocalFileSystem.java:798)\n\tat org.apache.hadoop.fs.FileSystem.listStatus(FileSystem.java:2078)\n\tat org.apache.hadoop.fs.FileSystem.listStatus(FileSystem.java:2122)\n\tat org.apache.hadoop.fs.ChecksumFileSystem.listStatus(ChecksumFileSystem.java:1020)\n\tat org.apache.hadoop.fs.FileSystem.listStatus(FileSystem.java:2078)\n\tat org.apache.hadoop.fs.FileSystem.listStatus(FileSystem.java:2122)\n\tat org.apache.hadoop.mapreduce.lib.output.FileOutputCommitter.getAllCommittedTaskPaths(FileOutputCommitter.java:334)\n\tat org.apache.hadoop.mapreduce.lib.output.FileOutputCommitter.commitJobInternal(FileOutputCommitter.java:404)\n\tat org.apache.hadoop.mapreduce.lib.output.FileOutputCommitter.commitJob(FileOutputCommitter.java:377)\n\tat org.apache.parquet.hadoop.ParquetOutputCommitter.commitJob(ParquetOutputCommitter.java:46)\n\tat org.apache.spark.internal.io.HadoopMapReduceCommitProtocol.commitJob(HadoopMapReduceCommitProtocol.scala:184)\n\tat org.apache.spark.sql.execution.datasources.FileFormatWriter$.$anonfun$writeAndCommit$3(FileFormatWriter.scala:275)\n\tat scala.runtime.java8.JFunction0$mcV$sp.apply(JFunction0$mcV$sp.scala:18)\n\tat org.apache.spark.util.Utils$.timeTakenMs(Utils.scala:496)\n\tat org.apache.spark.sql.execution.datasources.FileFormatWriter$.writeAndCommit(FileFormatWriter.scala:275)\n\tat org.apache.spark.sql.execution.datasources.FileFormatWriter$.executeWrite(FileFormatWriter.scala:306)\n\tat org.apache.spark.sql.execution.datasources.FileFormatWriter$.write(FileFormatWriter.scala:189)\n\tat org.apache.spark.sql.execution.datasources.InsertIntoHadoopFsRelationCommand.run(InsertIntoHadoopFsRelationCommand.scala:195)\n\tat org.apache.spark.sql.execution.command.DataWritingCommandExec.sideEffectResult$lzycompute(commands.scala:117)\n\tat org.apache.spark.sql.execution.command.DataWritingCommandExec.sideEffectResult(commands.scala:115)\n\tat org.apache.spark.sql.execution.command.DataWritingCommandExec.executeCollect(commands.scala:129)\n\tat org.apache.spark.sql.execution.adaptive.AdaptiveSparkPlanExec.$anonfun$executeCollect$1(AdaptiveSparkPlanExec.scala:396)\n\tat org.apache.spark.sql.execution.adaptive.ResultQueryStageExec.$anonfun$doMaterialize$1(QueryStageExec.scala:328)\n\tat org.apache.spark.sql.execution.SQLExecution$.$anonfun$withThreadLocalCaptured$4(SQLExecution.scala:335)\n\tat org.apache.spark.sql.execution.SQLExecution$.withSessionTagsApplied(SQLExecution.scala:285)\n\tat org.apache.spark.sql.execution.SQLExecution$.$anonfun$withThreadLocalCaptured$3(SQLExecution.scala:333)\n\tat org.apache.spark.JobArtifactSet$.withActiveJobArtifactState(JobArtifactSet.scala:94)\n\tat org.apache.spark.sql.execution.SQLExecution$.$anonfun$withThreadLocalCaptured$2(SQLExecution.scala:329)\n\tat java.base/java.util.concurrent.CompletableFuture$AsyncSupply.run(CompletableFuture.java:1768)\n\tat java.base/java.util.concurrent.ThreadPoolExecutor.runWorker(ThreadPoolExecutor.java:1144)\n\tat java.base/java.util.concurrent.ThreadPoolExecutor$Worker.run(ThreadPoolExecutor.java:642)\n\tat java.base/java.lang.Thread.run(Thread.java:1570)\nTraceback (most recent call last):\n  File \"/Users/sujithsuji/uber-trip-pipeline/transformations/bronze_to_silver.py\", line 50, in <module>\n    df_trips_silver.write.mode(\"overwrite\").parquet(\"data/processed/silver_trips/\")\n  File \"/Users/sujithsuji/uber-trip-pipeline/venv311/lib/python3.11/site-packages/pyspark/sql/readwriter.py\", line 2003, in parquet\n    self._jwrite.parquet(path)\n  File \"/Users/sujithsuji/uber-trip-pipeline/venv311/lib/python3.11/site-packages/py4j/java_gateway.py\", line 1362, in __call__\n    return_value = get_return_value(\n                   ^^^^^^^^^^^^^^^^^\n  File \"/Users/sujithsuji/uber-trip-pipeline/venv311/lib/python3.11/site-packages/pyspark/errors/exceptions/captured.py\", line 263, in deco\n    return f(*a, **kw)\n           ^^^^^^^^^^^\n  File \"/Users/sujithsuji/uber-trip-pipeline/venv311/lib/python3.11/site-packages/py4j/protocol.py\", line 327, in get_return_value\n    raise Py4JJavaError(\npy4j.protocol.Py4JJavaError: An error occurred while calling o155.parquet.\n: java.io.FileNotFoundException: File file:/Users/sujithsuji/uber-trip-pipeline/data/processed/silver_trips/_temporary/0 does not exist\n\tat org.apache.hadoop.fs.RawLocalFileSystem.listStatus(RawLocalFileSystem.java:798)\n\tat org.apache.hadoop.fs.FileSystem.listStatus(FileSystem.java:2078)\n\tat org.apache.hadoop.fs.FileSystem.listStatus(FileSystem.java:2122)\n\tat org.apache.hadoop.fs.ChecksumFileSystem.listStatus(ChecksumFileSystem.java:1020)\n\tat org.apache.hadoop.fs.FileSystem.listStatus(FileSystem.java:2078)\n\tat org.apache.hadoop.fs.FileSystem.listStatus(FileSystem.java:2122)\n\tat org.apache.hadoop.mapreduce.lib.output.FileOutputCommitter.getAllCommittedTaskPaths(FileOutputCommitter.java:334)\n\tat org.apache.hadoop.mapreduce.lib.output.FileOutputCommitter.commitJobInternal(FileOutputCommitter.java:404)\n\tat org.apache.hadoop.mapreduce.lib.output.FileOutputCommitter.commitJob(FileOutputCommitter.java:377)\n\tat org.apache.parquet.hadoop.ParquetOutputCommitter.commitJob(ParquetOutputCommitter.java:46)\n\tat org.apache.spark.internal.io.HadoopMapReduceCommitProtocol.commitJob(HadoopMapReduceCommitProtocol.scala:184)\n\tat org.apache.spark.sql.execution.datasources.FileFormatWriter$.$anonfun$writeAndCommit$3(FileFormatWriter.scala:275)\n\tat scala.runtime.java8.JFunction0$mcV$sp.apply(JFunction0$mcV$sp.scala:18)\n\tat org.apache.spark.util.Utils$.timeTakenMs(Utils.scala:496)\n\tat org.apache.spark.sql.execution.datasources.FileFormatWriter$.writeAndCommit(FileFormatWriter.scala:275)\n\tat org.apache.spark.sql.execution.datasources.FileFormatWriter$.executeWrite(FileFormatWriter.scala:306)\n\tat org.apache.spark.sql.execution.datasources.FileFormatWriter$.write(FileFormatWriter.scala:189)\n\tat org.apache.spark.sql.execution.datasources.InsertIntoHadoopFsRelationCommand.run(InsertIntoHadoopFsRelationCommand.scala:195)\n\tat org.apache.spark.sql.execution.command.DataWritingCommandExec.sideEffectResult$lzycompute(commands.scala:117)\n\tat org.apache.spark.sql.execution.command.DataWritingCommandExec.sideEffectResult(commands.scala:115)\n\tat org.apache.spark.sql.execution.command.DataWritingCommandExec.executeCollect(commands.scala:129)\n\tat org.apache.spark.sql.execution.adaptive.AdaptiveSparkPlanExec.$anonfun$executeCollect$1(AdaptiveSparkPlanExec.scala:396)\n\tat org.apache.spark.sql.execution.adaptive.ResultQueryStageExec.$anonfun$doMaterialize$1(QueryStageExec.scala:328)\n\tat org.apache.spark.sql.execution.SQLExecution$.$anonfun$withThreadLocalCaptured$4(SQLExecution.scala:335)\n\tat org.apache.spark.sql.execution.SQLExecution$.withSessionTagsApplied(SQLExecution.scala:285)\n\tat org.apache.spark.sql.execution.SQLExecution$.$anonfun$withThreadLocalCaptured$3(SQLExecution.scala:333)\n\tat org.apache.spark.JobArtifactSet$.withActiveJobArtifactState(JobArtifactSet.scala:94)\n\tat org.apache.spark.sql.execution.SQLExecution$.$anonfun$withThreadLocalCaptured$2(SQLExecution.scala:329)\n\tat java.base/java.util.concurrent.CompletableFuture$AsyncSupply.run(CompletableFuture.java:1768)\n\tat java.base/java.util.concurrent.ThreadPoolExecutor.runWorker(ThreadPoolExecutor.java:1144)\n\tat java.base/java.util.concurrent.ThreadPoolExecutor$Worker.run(ThreadPoolExecutor.java:642)\n\tat org.apache.spark.util.Utils$.getTryWithCallerStacktrace(Utils.scala:1453)\n\tat org.apache.spark.util.LazyTry.get(LazyTry.scala:58)\n\tat org.apache.spark.sql.execution.QueryExecution.commandExecuted(QueryExecution.scala:160)\n\tat org.apache.spark.sql.execution.QueryExecution.assertCommandExecuted(QueryExecution.scala:239)\n\tat org.apache.spark.sql.classic.DataFrameWriter.runCommand(DataFrameWriter.scala:592)\n\tat org.apache.spark.sql.classic.DataFrameWriter.save(DataFrameWriter.scala:115)\n\tat org.apache.spark.sql.DataFrameWriter.parquet(DataFrameWriter.scala:369)\n\tat java.base/jdk.internal.reflect.DirectMethodHandleAccessor.invoke(DirectMethodHandleAccessor.java:103)\n\tat java.base/java.lang.reflect.Method.invoke(Method.java:580)\n\tat py4j.reflection.MethodInvoker.invoke(MethodInvoker.java:244)\n\tat py4j.reflection.ReflectionEngine.invoke(ReflectionEngine.java:374)\n\tat py4j.Gateway.invoke(Gateway.java:282)\n\tat py4j.commands.AbstractCommand.invokeMethod(AbstractCommand.java:132)\n\tat py4j.commands.CallCommand.execute(CallCommand.java:79)\n\tat py4j.ClientServerConnection.waitForCommands(ClientServerConnection.java:184)\n\tat py4j.ClientServerConnection.run(ClientServerConnection.java:108)\n\tat java.base/java.lang.Thread.run(Thread.java:1570)\n\tSuppressed: org.apache.spark.util.Utils$OriginalTryStackTraceException: Full stacktrace of original doTryWithCallerStacktrace caller\n\t\tat org.apache.hadoop.fs.RawLocalFileSystem.listStatus(RawLocalFileSystem.java:798)\n\t\tat org.apache.hadoop.fs.FileSystem.listStatus(FileSystem.java:2078)\n\t\tat org.apache.hadoop.fs.FileSystem.listStatus(FileSystem.java:2122)\n\t\tat org.apache.hadoop.fs.ChecksumFileSystem.listStatus(ChecksumFileSystem.java:1020)\n\t\tat org.apache.hadoop.fs.FileSystem.listStatus(FileSystem.java:2078)\n\t\tat org.apache.hadoop.fs.FileSystem.listStatus(FileSystem.java:2122)\n\t\tat org.apache.hadoop.mapreduce.lib.output.FileOutputCommitter.getAllCommittedTaskPaths(FileOutputCommitter.java:334)\n\t\tat org.apache.hadoop.mapreduce.lib.output.FileOutputCommitter.commitJobInternal(FileOutputCommitter.java:404)\n\t\tat org.apache.hadoop.mapreduce.lib.output.FileOutputCommitter.commitJob(FileOutputCommitter.java:377)\n\t\tat org.apache.parquet.hadoop.ParquetOutputCommitter.commitJob(ParquetOutputCommitter.java:46)\n\t\tat org.apache.spark.internal.io.HadoopMapReduceCommitProtocol.commitJob(HadoopMapReduceCommitProtocol.scala:184)\n\t\tat org.apache.spark.sql.execution.datasources.FileFormatWriter$.$anonfun$writeAndCommit$3(FileFormatWriter.scala:275)\n\t\tat scala.runtime.java8.JFunction0$mcV$sp.apply(JFunction0$mcV$sp.scala:18)\n\t\tat org.apache.spark.util.Utils$.timeTakenMs(Utils.scala:496)\n\t\tat org.apache.spark.sql.execution.datasources.FileFormatWriter$.writeAndCommit(FileFormatWriter.scala:275)\n\t\tat org.apache.spark.sql.execution.datasources.FileFormatWriter$.executeWrite(FileFormatWriter.scala:306)\n\t\tat org.apache.spark.sql.execution.datasources.FileFormatWriter$.write(FileFormatWriter.scala:189)\n\t\tat org.apache.spark.sql.execution.datasources.InsertIntoHadoopFsRelationCommand.run(InsertIntoHadoopFsRelationCommand.scala:195)\n\t\tat org.apache.spark.sql.execution.command.DataWritingCommandExec.sideEffectResult$lzycompute(commands.scala:117)\n\t\tat org.apache.spark.sql.execution.command.DataWritingCommandExec.sideEffectResult(commands.scala:115)\n\t\tat org.apache.spark.sql.execution.command.DataWritingCommandExec.executeCollect(commands.scala:129)\n\t\tat org.apache.spark.sql.execution.adaptive.AdaptiveSparkPlanExec.$anonfun$executeCollect$1(AdaptiveSparkPlanExec.scala:396)\n\t\tat org.apache.spark.sql.execution.adaptive.ResultQueryStageExec.$anonfun$doMaterialize$1(QueryStageExec.scala:328)\n\t\tat org.apache.spark.sql.execution.SQLExecution$.$anonfun$withThreadLocalCaptured$4(SQLExecution.scala:335)\n\t\tat org.apache.spark.sql.execution.SQLExecution$.withSessionTagsApplied(SQLExecution.scala:285)\n\t\tat org.apache.spark.sql.execution.SQLExecution$.$anonfun$withThreadLocalCaptured$3(SQLExecution.scala:333)\n\t\tat org.apache.spark.JobArtifactSet$.withActiveJobArtifactState(JobArtifactSet.scala:94)\n\t\tat org.apache.spark.sql.execution.SQLExecution$.$anonfun$withThreadLocalCaptured$2(SQLExecution.scala:329)\n\t\tat java.base/java.util.concurrent.CompletableFuture$AsyncSupply.run(CompletableFuture.java:1768)\n\t\tat java.base/java.util.concurrent.ThreadPoolExecutor.runWorker(ThreadPoolExecutor.java:1144)\n\t\tat java.base/java.util.concurrent.ThreadPoolExecutor$Worker.run(ThreadPoolExecutor.java:642)\n\t\t... 1 more\n\n","exc_notes":[],"syntax_error":null,"is_cause":false,"frames":[{"filename":"/Users/sujithsuji/uber-trip-pipeline/venv311/lib/python3.11/site-packages/airflow/sdk/execution_time/task_runner.py","lineno":1068,"name":"run"},{"filename":"/Users/sujithsuji/uber-trip-pipeline/venv311/lib/python3.11/site-packages/airflow/sdk/execution_time/task_runner.py","lineno":1477,"name":"_execute_task"},{"filename":"/Users/sujithsuji/uber-trip-pipeline/venv311/lib/python3.11/site-packages/airflow/sdk/bases/operator.py","lineno":417,"name":"wrapper"},{"filename":"/Users/sujithsuji/uber-trip-pipeline/venv311/lib/python3.11/site-packages/airflow/providers/standard/operators/python.py","lineno":228,"name":"execute"},{"filename":"/Users/sujithsuji/uber-trip-pipeline/venv311/lib/python3.11/site-packages/airflow/providers/standard/operators/python.py","lineno":251,"name":"execute_callable"},{"filename":"/Users/sujithsuji/uber-trip-pipeline/venv311/lib/python3.11/site-packages/airflow/sdk/execution_time/callback_runner.py","lineno":82,"name":"run"},{"filename":"/Users/sujithsuji/uber-trip-pipeline/airflow/dags/trip_pipeline_dag.py","lineno":44,"name":"run_silver"}],"is_group":false,"exceptions":[]}]}
{"timestamp":"2026-03-10T00:27:50.620348Z","level":"info","event":"Task instance in failure state","logger":"task.stdout"}
{"timestamp":"2026-03-10T00:27:50.622455Z","level":"info","event":"Task start","logger":"task.stdout"}
{"timestamp":"2026-03-10T00:27:50.622522Z","level":"info","event":"Task:<Task(PythonOperator): silver_transform>","logger":"task.stdout"}
{"timestamp":"2026-03-10T00:27:50.622544Z","level":"info","event":"Failure caused by WARNING: Using incubator modules: jdk.incubator.vector","logger":"task.stdout"}
{"timestamp":"2026-03-10T00:27:50.622580Z","level":"info","event":"Using Spark's default log4j profile: org/apache/spark/log4j2-defaults.properties","logger":"task.stdout"}
{"timestamp":"2026-03-10T00:27:50.622598Z","level":"info","event":"26/03/09 20:27:40 WARN Utils: Your hostname, Sujiths-Laptop.local, resolves to a loopback address: 127.0.0.1; using 192.168.1.230 instead (on interface en0)","logger":"task.stdout"}
{"timestamp":"2026-03-10T00:27:50.622622Z","level":"info","event":"26/03/09 20:27:40 WARN Utils: Set SPARK_LOCAL_IP if you need to bind to another address","logger":"task.stdout"}
{"timestamp":"2026-03-10T00:27:50.622638Z","level":"info","event":"Using Spark's default log4j profile: org/apache/spark/log4j2-defaults.properties","logger":"task.stdout"}
{"timestamp":"2026-03-10T00:27:50.622662Z","level":"info","event":"Setting default log level to \"WARN\".","logger":"task.stdout"}
{"timestamp":"2026-03-10T00:27:50.622682Z","level":"info","event":"To adjust logging level use sc.setLogLevel(newLevel). For SparkR, use setLogLevel(newLevel).","logger":"task.stdout"}
{"timestamp":"2026-03-10T00:27:50.622698Z","level":"info","event":"26/03/09 20:27:41 WARN NativeCodeLoader: Unable to load native-hadoop library for your platform... using builtin-java classes where applicable","logger":"task.stdout"}
{"timestamp":"2026-03-10T00:27:50.622713Z","level":"info","event":"","logger":"task.stdout"}
{"timestamp":"2026-03-10T00:27:50.622729Z","level":"info","event":"[Stage 9:>                                                          (0 + 1) / 1]","logger":"task.stdout"}
{"timestamp":"2026-03-10T00:27:50.622744Z","level":"info","event":"","logger":"task.stdout"}
{"timestamp":"2026-03-10T00:27:50.622760Z","level":"info","event":"","logger":"task.stdout"}
{"timestamp":"2026-03-10T00:27:50.622774Z","level":"info","event":"26/03/09 20:27:49 ERROR FileFormatWriter: Aborting job 6b7534ce-3783-4912-98cf-177c25d82369.","logger":"task.stdout"}
{"timestamp":"2026-03-10T00:27:50.622798Z","level":"info","event":"java.io.FileNotFoundException: File file:/Users/sujithsuji/uber-trip-pipeline/data/processed/silver_trips/_temporary/0 does not exist","logger":"task.stdout"}
{"timestamp":"2026-03-10T00:27:50.622828Z","level":"info","event":"\tat org.apache.hadoop.fs.RawLocalFileSystem.listStatus(RawLocalFileSystem.java:798)","logger":"task.stdout"}
{"timestamp":"2026-03-10T00:27:50.622844Z","level":"info","event":"\tat org.apache.hadoop.fs.FileSystem.listStatus(FileSystem.java:2078)","logger":"task.stdout"}
{"timestamp":"2026-03-10T00:27:50.622859Z","level":"info","event":"\tat org.apache.hadoop.fs.FileSystem.listStatus(FileSystem.java:2122)","logger":"task.stdout"}
{"timestamp":"2026-03-10T00:27:50.622879Z","level":"info","event":"\tat org.apache.hadoop.fs.ChecksumFileSystem.listStatus(ChecksumFileSystem.java:1020)","logger":"task.stdout"}
{"timestamp":"2026-03-10T00:27:50.622894Z","level":"info","event":"\tat org.apache.hadoop.fs.FileSystem.listStatus(FileSystem.java:2078)","logger":"task.stdout"}
{"timestamp":"2026-03-10T00:27:50.622909Z","level":"info","event":"\tat org.apache.hadoop.fs.FileSystem.listStatus(FileSystem.java:2122)","logger":"task.stdout"}
{"timestamp":"2026-03-10T00:27:50.622925Z","level":"info","event":"\tat org.apache.hadoop.mapreduce.lib.output.FileOutputCommitter.getAllCommittedTaskPaths(FileOutputCommitter.java:334)","logger":"task.stdout"}
{"timestamp":"2026-03-10T00:27:50.622952Z","level":"info","event":"\tat org.apache.hadoop.mapreduce.lib.output.FileOutputCommitter.commitJobInternal(FileOutputCommitter.java:404)","logger":"task.stdout"}
{"timestamp":"2026-03-10T00:27:50.622967Z","level":"info","event":"\tat org.apache.hadoop.mapreduce.lib.output.FileOutputCommitter.commitJob(FileOutputCommitter.java:377)","logger":"task.stdout"}
{"timestamp":"2026-03-10T00:27:50.622982Z","level":"info","event":"\tat org.apache.parquet.hadoop.ParquetOutputCommitter.commitJob(ParquetOutputCommitter.java:46)","logger":"task.stdout"}
{"timestamp":"2026-03-10T00:27:50.623003Z","level":"info","event":"\tat org.apache.spark.internal.io.HadoopMapReduceCommitProtocol.commitJob(HadoopMapReduceCommitProtocol.scala:184)","logger":"task.stdout"}
{"timestamp":"2026-03-10T00:27:50.623018Z","level":"info","event":"\tat org.apache.spark.sql.execution.datasources.FileFormatWriter$.$anonfun$writeAndCommit$3(FileFormatWriter.scala:275)","logger":"task.stdout"}
{"timestamp":"2026-03-10T00:27:50.623032Z","level":"info","event":"\tat scala.runtime.java8.JFunction0$mcV$sp.apply(JFunction0$mcV$sp.scala:18)","logger":"task.stdout"}
{"timestamp":"2026-03-10T00:27:50.623048Z","level":"info","event":"\tat org.apache.spark.util.Utils$.timeTakenMs(Utils.scala:496)","logger":"task.stdout"}
{"timestamp":"2026-03-10T00:27:50.623063Z","level":"info","event":"\tat org.apache.spark.sql.execution.datasources.FileFormatWriter$.writeAndCommit(FileFormatWriter.scala:275)","logger":"task.stdout"}
{"timestamp":"2026-03-10T00:27:50.623077Z","level":"info","event":"\tat org.apache.spark.sql.execution.datasources.FileFormatWriter$.executeWrite(FileFormatWriter.scala:306)","logger":"task.stdout"}
{"timestamp":"2026-03-10T00:27:50.623097Z","level":"info","event":"\tat org.apache.spark.sql.execution.datasources.FileFormatWriter$.write(FileFormatWriter.scala:189)","logger":"task.stdout"}
{"timestamp":"2026-03-10T00:27:50.623112Z","level":"info","event":"\tat org.apache.spark.sql.execution.datasources.InsertIntoHadoopFsRelationCommand.run(InsertIntoHadoopFsRelationCommand.scala:195)","logger":"task.stdout"}
{"timestamp":"2026-03-10T00:27:50.623126Z","level":"info","event":"\tat org.apache.spark.sql.execution.command.DataWritingCommandExec.sideEffectResult$lzycompute(commands.scala:117)","logger":"task.stdout"}
{"timestamp":"2026-03-10T00:27:50.623141Z","level":"info","event":"\tat org.apache.spark.sql.execution.command.DataWritingCommandExec.sideEffectResult(commands.scala:115)","logger":"task.stdout"}
{"timestamp":"2026-03-10T00:27:50.623155Z","level":"info","event":"\tat org.apache.spark.sql.execution.command.DataWritingCommandExec.executeCollect(commands.scala:129)","logger":"task.stdout"}
{"timestamp":"2026-03-10T00:27:50.623170Z","level":"info","event":"\tat org.apache.spark.sql.execution.adaptive.AdaptiveSparkPlanExec.$anonfun$executeCollect$1(AdaptiveSparkPlanExec.scala:396)","logger":"task.stdout"}
{"timestamp":"2026-03-10T00:27:50.623185Z","level":"info","event":"\tat org.apache.spark.sql.execution.adaptive.ResultQueryStageExec.$anonfun$doMaterialize$1(QueryStageExec.scala:328)","logger":"task.stdout"}
{"timestamp":"2026-03-10T00:27:50.623201Z","level":"info","event":"\tat org.apache.spark.sql.execution.SQLExecution$.$anonfun$withThreadLocalCaptured$4(SQLExecution.scala:335)","logger":"task.stdout"}
{"timestamp":"2026-03-10T00:27:50.623215Z","level":"info","event":"\tat org.apache.spark.sql.execution.SQLExecution$.withSessionTagsApplied(SQLExecution.scala:285)","logger":"task.stdout"}
{"timestamp":"2026-03-10T00:27:50.623644Z","level":"info","event":"\tat org.apache.spark.sql.execution.SQLExecution$.$anonfun$withThreadLocalCaptured$3(SQLExecution.scala:333)","logger":"task.stdout"}
{"timestamp":"2026-03-10T00:27:50.623663Z","level":"info","event":"\tat org.apache.spark.JobArtifactSet$.withActiveJobArtifactState(JobArtifactSet.scala:94)","logger":"task.stdout"}
{"timestamp":"2026-03-10T00:27:50.623684Z","level":"info","event":"\tat org.apache.spark.sql.execution.SQLExecution$.$anonfun$withThreadLocalCaptured$2(SQLExecution.scala:329)","logger":"task.stdout"}
{"timestamp":"2026-03-10T00:27:50.623700Z","level":"info","event":"\tat java.base/java.util.concurrent.CompletableFuture$AsyncSupply.run(CompletableFuture.java:1768)","logger":"task.stdout"}
{"timestamp":"2026-03-10T00:27:50.623744Z","level":"info","event":"\tat java.base/java.util.concurrent.ThreadPoolExecutor.runWorker(ThreadPoolExecutor.java:1144)","logger":"task.stdout"}
{"timestamp":"2026-03-10T00:27:50.623761Z","level":"info","event":"\tat java.base/java.util.concurrent.ThreadPoolExecutor$Worker.run(ThreadPoolExecutor.java:642)","logger":"task.stdout"}
{"timestamp":"2026-03-10T00:27:50.623777Z","level":"info","event":"\tat java.base/java.lang.Thread.run(Thread.java:1570)","logger":"task.stdout"}
{"timestamp":"2026-03-10T00:27:50.623792Z","level":"info","event":"Traceback (most recent call last):","logger":"task.stdout"}
{"timestamp":"2026-03-10T00:27:50.623807Z","level":"info","event":"  File \"/Users/sujithsuji/uber-trip-pipeline/transformations/bronze_to_silver.py\", line 50, in <module>","logger":"task.stdout"}
{"timestamp":"2026-03-10T00:27:50.623822Z","level":"info","event":"    df_trips_silver.write.mode(\"overwrite\").parquet(\"data/processed/silver_trips/\")","logger":"task.stdout"}
{"timestamp":"2026-03-10T00:27:50.623837Z","level":"info","event":"  File \"/Users/sujithsuji/uber-trip-pipeline/venv311/lib/python3.11/site-packages/pyspark/sql/readwriter.py\", line 2003, in parquet","logger":"task.stdout"}
{"timestamp":"2026-03-10T00:27:50.623859Z","level":"info","event":"    self._jwrite.parquet(path)","logger":"task.stdout"}
{"timestamp":"2026-03-10T00:27:50.623874Z","level":"info","event":"  File \"/Users/sujithsuji/uber-trip-pipeline/venv311/lib/python3.11/site-packages/py4j/java_gateway.py\", line 1362, in __call__","logger":"task.stdout"}
{"timestamp":"2026-03-10T00:27:50.623889Z","level":"info","event":"    return_value = get_return_value(","logger":"task.stdout"}
{"timestamp":"2026-03-10T00:27:50.623904Z","level":"info","event":"                   ^^^^^^^^^^^^^^^^^","logger":"task.stdout"}
{"timestamp":"2026-03-10T00:27:50.623920Z","level":"info","event":"  File \"/Users/sujithsuji/uber-trip-pipeline/venv311/lib/python3.11/site-packages/pyspark/errors/exceptions/captured.py\", line 263, in deco","logger":"task.stdout"}
{"timestamp":"2026-03-10T00:27:50.623935Z","level":"info","event":"    return f(*a, **kw)","logger":"task.stdout"}
{"timestamp":"2026-03-10T00:27:50.623951Z","level":"info","event":"           ^^^^^^^^^^^","logger":"task.stdout"}
{"timestamp":"2026-03-10T00:27:50.623966Z","level":"info","event":"  File \"/Users/sujithsuji/uber-trip-pipeline/venv311/lib/python3.11/site-packages/py4j/protocol.py\", line 327, in get_return_value","logger":"task.stdout"}
{"timestamp":"2026-03-10T00:27:50.623981Z","level":"info","event":"    raise Py4JJavaError(","logger":"task.stdout"}
{"timestamp":"2026-03-10T00:27:50.623995Z","level":"info","event":"py4j.protocol.Py4JJavaError: An error occurred while calling o155.parquet.","logger":"task.stdout"}
{"timestamp":"2026-03-10T00:27:50.624011Z","level":"info","event":": java.io.FileNotFoundException: File file:/Users/sujithsuji/uber-trip-pipeline/data/processed/silver_trips/_temporary/0 does not exist","logger":"task.stdout"}
{"timestamp":"2026-03-10T00:27:50.624025Z","level":"info","event":"\tat org.apache.hadoop.fs.RawLocalFileSystem.listStatus(RawLocalFileSystem.java:798)","logger":"task.stdout"}
{"timestamp":"2026-03-10T00:27:50.624041Z","level":"info","event":"\tat org.apache.hadoop.fs.FileSystem.listStatus(FileSystem.java:2078)","logger":"task.stdout"}
{"timestamp":"2026-03-10T00:27:50.624055Z","level":"info","event":"\tat org.apache.hadoop.fs.FileSystem.listStatus(FileSystem.java:2122)","logger":"task.stdout"}
{"timestamp":"2026-03-10T00:27:50.624071Z","level":"info","event":"\tat org.apache.hadoop.fs.ChecksumFileSystem.listStatus(ChecksumFileSystem.java:1020)","logger":"task.stdout"}
{"timestamp":"2026-03-10T00:27:50.624089Z","level":"info","event":"\tat org.apache.hadoop.fs.FileSystem.listStatus(FileSystem.java:2078)","logger":"task.stdout"}
{"timestamp":"2026-03-10T00:27:50.624104Z","level":"info","event":"\tat org.apache.hadoop.fs.FileSystem.listStatus(FileSystem.java:2122)","logger":"task.stdout"}
{"timestamp":"2026-03-10T00:27:50.624118Z","level":"info","event":"\tat org.apache.hadoop.mapreduce.lib.output.FileOutputCommitter.getAllCommittedTaskPaths(FileOutputCommitter.java:334)","logger":"task.stdout"}
{"timestamp":"2026-03-10T00:27:50.624134Z","level":"info","event":"\tat org.apache.hadoop.mapreduce.lib.output.FileOutputCommitter.commitJobInternal(FileOutputCommitter.java:404)","logger":"task.stdout"}
{"timestamp":"2026-03-10T00:27:50.624149Z","level":"info","event":"\tat org.apache.hadoop.mapreduce.lib.output.FileOutputCommitter.commitJob(FileOutputCommitter.java:377)","logger":"task.stdout"}
{"timestamp":"2026-03-10T00:27:50.624164Z","level":"info","event":"\tat org.apache.parquet.hadoop.ParquetOutputCommitter.commitJob(ParquetOutputCommitter.java:46)","logger":"task.stdout"}
{"timestamp":"2026-03-10T00:27:50.624180Z","level":"info","event":"\tat org.apache.spark.internal.io.HadoopMapReduceCommitProtocol.commitJob(HadoopMapReduceCommitProtocol.scala:184)","logger":"task.stdout"}
{"timestamp":"2026-03-10T00:27:50.624195Z","level":"info","event":"\tat org.apache.spark.sql.execution.datasources.FileFormatWriter$.$anonfun$writeAndCommit$3(FileFormatWriter.scala:275)","logger":"task.stdout"}
{"timestamp":"2026-03-10T00:27:50.624211Z","level":"info","event":"\tat scala.runtime.java8.JFunction0$mcV$sp.apply(JFunction0$mcV$sp.scala:18)","logger":"task.stdout"}
{"timestamp":"2026-03-10T00:27:50.624226Z","level":"info","event":"\tat org.apache.spark.util.Utils$.timeTakenMs(Utils.scala:496)","logger":"task.stdout"}
{"timestamp":"2026-03-10T00:27:50.624241Z","level":"info","event":"\tat org.apache.spark.sql.execution.datasources.FileFormatWriter$.writeAndCommit(FileFormatWriter.scala:275)","logger":"task.stdout"}
{"timestamp":"2026-03-10T00:27:50.624256Z","level":"info","event":"\tat org.apache.spark.sql.execution.datasources.FileFormatWriter$.executeWrite(FileFormatWriter.scala:306)","logger":"task.stdout"}
{"timestamp":"2026-03-10T00:27:50.624271Z","level":"info","event":"\tat org.apache.spark.sql.execution.datasources.FileFormatWriter$.write(FileFormatWriter.scala:189)","logger":"task.stdout"}
{"timestamp":"2026-03-10T00:27:50.624287Z","level":"info","event":"\tat org.apache.spark.sql.execution.datasources.InsertIntoHadoopFsRelationCommand.run(InsertIntoHadoopFsRelationCommand.scala:195)","logger":"task.stdout"}
{"timestamp":"2026-03-10T00:27:50.624302Z","level":"info","event":"\tat org.apache.spark.sql.execution.command.DataWritingCommandExec.sideEffectResult$lzycompute(commands.scala:117)","logger":"task.stdout"}
{"timestamp":"2026-03-10T00:27:50.624317Z","level":"info","event":"\tat org.apache.spark.sql.execution.command.DataWritingCommandExec.sideEffectResult(commands.scala:115)","logger":"task.stdout"}
{"timestamp":"2026-03-10T00:27:50.624332Z","level":"info","event":"\tat org.apache.spark.sql.execution.command.DataWritingCommandExec.executeCollect(commands.scala:129)","logger":"task.stdout"}
{"timestamp":"2026-03-10T00:27:50.624348Z","level":"info","event":"\tat org.apache.spark.sql.execution.adaptive.AdaptiveSparkPlanExec.$anonfun$executeCollect$1(AdaptiveSparkPlanExec.scala:396)","logger":"task.stdout"}
{"timestamp":"2026-03-10T00:27:50.624364Z","level":"info","event":"\tat org.apache.spark.sql.execution.adaptive.ResultQueryStageExec.$anonfun$doMaterialize$1(QueryStageExec.scala:328)","logger":"task.stdout"}
{"timestamp":"2026-03-10T00:27:50.624379Z","level":"info","event":"\tat org.apache.spark.sql.execution.SQLExecution$.$anonfun$withThreadLocalCaptured$4(SQLExecution.scala:335)","logger":"task.stdout"}
{"timestamp":"2026-03-10T00:27:50.624395Z","level":"info","event":"\tat org.apache.spark.sql.execution.SQLExecution$.withSessionTagsApplied(SQLExecution.scala:285)","logger":"task.stdout"}
{"timestamp":"2026-03-10T00:27:50.624414Z","level":"info","event":"\tat org.apache.spark.sql.execution.SQLExecution$.$anonfun$withThreadLocalCaptured$3(SQLExecution.scala:333)","logger":"task.stdout"}
{"timestamp":"2026-03-10T00:27:50.624429Z","level":"info","event":"\tat org.apache.spark.JobArtifactSet$.withActiveJobArtifactState(JobArtifactSet.scala:94)","logger":"task.stdout"}
{"timestamp":"2026-03-10T00:27:50.624444Z","level":"info","event":"\tat org.apache.spark.sql.execution.SQLExecution$.$anonfun$withThreadLocalCaptured$2(SQLExecution.scala:329)","logger":"task.stdout"}
{"timestamp":"2026-03-10T00:27:50.631254Z","level":"info","event":"\tat java.base/java.util.concurrent.CompletableFuture$AsyncSupply.run(CompletableFuture.java:1768)","logger":"task.stdout"}
{"timestamp":"2026-03-10T00:27:50.631279Z","level":"info","event":"\tat java.base/java.util.concurrent.ThreadPoolExecutor.runWorker(ThreadPoolExecutor.java:1144)","logger":"task.stdout"}
{"timestamp":"2026-03-10T00:27:50.631295Z","level":"info","event":"\tat java.base/java.util.concurrent.ThreadPoolExecutor$Worker.run(ThreadPoolExecutor.java:642)","logger":"task.stdout"}
{"timestamp":"2026-03-10T00:27:50.631310Z","level":"info","event":"\tat org.apache.spark.util.Utils$.getTryWithCallerStacktrace(Utils.scala:1453)","logger":"task.stdout"}
{"timestamp":"2026-03-10T00:27:50.631326Z","level":"info","event":"\tat org.apache.spark.util.LazyTry.get(LazyTry.scala:58)","logger":"task.stdout"}
{"timestamp":"2026-03-10T00:27:50.631341Z","level":"info","event":"\tat org.apache.spark.sql.execution.QueryExecution.commandExecuted(QueryExecution.scala:160)","logger":"task.stdout"}
{"timestamp":"2026-03-10T00:27:50.631356Z","level":"info","event":"\tat org.apache.spark.sql.execution.QueryExecution.assertCommandExecuted(QueryExecution.scala:239)","logger":"task.stdout"}
{"timestamp":"2026-03-10T00:27:50.631371Z","level":"info","event":"\tat org.apache.spark.sql.classic.DataFrameWriter.runCommand(DataFrameWriter.scala:592)","logger":"task.stdout"}
{"timestamp":"2026-03-10T00:27:50.631386Z","level":"info","event":"\tat org.apache.spark.sql.classic.DataFrameWriter.save(DataFrameWriter.scala:115)","logger":"task.stdout"}
{"timestamp":"2026-03-10T00:27:50.631401Z","level":"info","event":"\tat org.apache.spark.sql.DataFrameWriter.parquet(DataFrameWriter.scala:369)","logger":"task.stdout"}
{"timestamp":"2026-03-10T00:27:50.631416Z","level":"info","event":"\tat java.base/jdk.internal.reflect.DirectMethodHandleAccessor.invoke(DirectMethodHandleAccessor.java:103)","logger":"task.stdout"}
{"timestamp":"2026-03-10T00:27:50.631431Z","level":"info","event":"\tat java.base/java.lang.reflect.Method.invoke(Method.java:580)","logger":"task.stdout"}
{"timestamp":"2026-03-10T00:27:50.631455Z","level":"info","event":"\tat py4j.reflection.MethodInvoker.invoke(MethodInvoker.java:244)","logger":"task.stdout"}
{"timestamp":"2026-03-10T00:27:50.631471Z","level":"info","event":"\tat py4j.reflection.ReflectionEngine.invoke(ReflectionEngine.java:374)","logger":"task.stdout"}
{"timestamp":"2026-03-10T00:27:50.631486Z","level":"info","event":"\tat py4j.Gateway.invoke(Gateway.java:282)","logger":"task.stdout"}
{"timestamp":"2026-03-10T00:27:50.631501Z","level":"info","event":"\tat py4j.commands.AbstractCommand.invokeMethod(AbstractCommand.java:132)","logger":"task.stdout"}
{"timestamp":"2026-03-10T00:27:50.631516Z","level":"info","event":"\tat py4j.commands.CallCommand.execute(CallCommand.java:79)","logger":"task.stdout"}
{"timestamp":"2026-03-10T00:27:50.631530Z","level":"info","event":"\tat py4j.ClientServerConnection.waitForCommands(ClientServerConnection.java:184)","logger":"task.stdout"}
{"timestamp":"2026-03-10T00:27:50.631545Z","level":"info","event":"\tat py4j.ClientServerConnection.run(ClientServerConnection.java:108)","logger":"task.stdout"}
{"timestamp":"2026-03-10T00:27:50.631560Z","level":"info","event":"\tat java.base/java.lang.Thread.run(Thread.java:1570)","logger":"task.stdout"}
{"timestamp":"2026-03-10T00:27:50.631579Z","level":"info","event":"\tSuppressed: org.apache.spark.util.Utils$OriginalTryStackTraceException: Full stacktrace of original doTryWithCallerStacktrace caller","logger":"task.stdout"}
{"timestamp":"2026-03-10T00:27:50.631598Z","level":"info","event":"\t\tat org.apache.hadoop.fs.RawLocalFileSystem.listStatus(RawLocalFileSystem.java:798)","logger":"task.stdout"}
{"timestamp":"2026-03-10T00:27:50.631613Z","level":"info","event":"\t\tat org.apache.hadoop.fs.FileSystem.listStatus(FileSystem.java:2078)","logger":"task.stdout"}
{"timestamp":"2026-03-10T00:27:50.631628Z","level":"info","event":"\t\tat org.apache.hadoop.fs.FileSystem.listStatus(FileSystem.java:2122)","logger":"task.stdout"}
{"timestamp":"2026-03-10T00:27:50.631642Z","level":"info","event":"\t\tat org.apache.hadoop.fs.ChecksumFileSystem.listStatus(ChecksumFileSystem.java:1020)","logger":"task.stdout"}
{"timestamp":"2026-03-10T00:27:50.631656Z","level":"info","event":"\t\tat org.apache.hadoop.fs.FileSystem.listStatus(FileSystem.java:2078)","logger":"task.stdout"}
{"timestamp":"2026-03-10T00:27:50.631670Z","level":"info","event":"\t\tat org.apache.hadoop.fs.FileSystem.listStatus(FileSystem.java:2122)","logger":"task.stdout"}
{"timestamp":"2026-03-10T00:27:50.631685Z","level":"info","event":"\t\tat org.apache.hadoop.mapreduce.lib.output.FileOutputCommitter.getAllCommittedTaskPaths(FileOutputCommitter.java:334)","logger":"task.stdout"}
{"timestamp":"2026-03-10T00:27:50.631699Z","level":"info","event":"\t\tat org.apache.hadoop.mapreduce.lib.output.FileOutputCommitter.commitJobInternal(FileOutputCommitter.java:404)","logger":"task.stdout"}
{"timestamp":"2026-03-10T00:27:50.631714Z","level":"info","event":"\t\tat org.apache.hadoop.mapreduce.lib.output.FileOutputCommitter.commitJob(FileOutputCommitter.java:377)","logger":"task.stdout"}
{"timestamp":"2026-03-10T00:27:50.631728Z","level":"info","event":"\t\tat org.apache.parquet.hadoop.ParquetOutputCommitter.commitJob(ParquetOutputCommitter.java:46)","logger":"task.stdout"}
{"timestamp":"2026-03-10T00:27:50.631742Z","level":"info","event":"\t\tat org.apache.spark.internal.io.HadoopMapReduceCommitProtocol.commitJob(HadoopMapReduceCommitProtocol.scala:184)","logger":"task.stdout"}
{"timestamp":"2026-03-10T00:27:50.631756Z","level":"info","event":"\t\tat org.apache.spark.sql.execution.datasources.FileFormatWriter$.$anonfun$writeAndCommit$3(FileFormatWriter.scala:275)","logger":"task.stdout"}
{"timestamp":"2026-03-10T00:27:50.631771Z","level":"info","event":"\t\tat scala.runtime.java8.JFunction0$mcV$sp.apply(JFunction0$mcV$sp.scala:18)","logger":"task.stdout"}
{"timestamp":"2026-03-10T00:27:50.631785Z","level":"info","event":"\t\tat org.apache.spark.util.Utils$.timeTakenMs(Utils.scala:496)","logger":"task.stdout"}
{"timestamp":"2026-03-10T00:27:50.631848Z","level":"info","event":"\t\tat org.apache.spark.sql.execution.datasources.FileFormatWriter$.writeAndCommit(FileFormatWriter.scala:275)","logger":"task.stdout"}
{"timestamp":"2026-03-10T00:27:50.631862Z","level":"info","event":"\t\tat org.apache.spark.sql.execution.datasources.FileFormatWriter$.executeWrite(FileFormatWriter.scala:306)","logger":"task.stdout"}
{"timestamp":"2026-03-10T00:27:50.631876Z","level":"info","event":"\t\tat org.apache.spark.sql.execution.datasources.FileFormatWriter$.write(FileFormatWriter.scala:189)","logger":"task.stdout"}
{"timestamp":"2026-03-10T00:27:50.631890Z","level":"info","event":"\t\tat org.apache.spark.sql.execution.datasources.InsertIntoHadoopFsRelationCommand.run(InsertIntoHadoopFsRelationCommand.scala:195)","logger":"task.stdout"}
{"timestamp":"2026-03-10T00:27:50.631905Z","level":"info","event":"\t\tat org.apache.spark.sql.execution.command.DataWritingCommandExec.sideEffectResult$lzycompute(commands.scala:117)","logger":"task.stdout"}
{"timestamp":"2026-03-10T00:27:50.631919Z","level":"info","event":"\t\tat org.apache.spark.sql.execution.command.DataWritingCommandExec.sideEffectResult(commands.scala:115)","logger":"task.stdout"}
{"timestamp":"2026-03-10T00:27:50.631933Z","level":"info","event":"\t\tat org.apache.spark.sql.execution.command.DataWritingCommandExec.executeCollect(commands.scala:129)","logger":"task.stdout"}
{"timestamp":"2026-03-10T00:27:50.631950Z","level":"info","event":"\t\tat org.apache.spark.sql.execution.adaptive.AdaptiveSparkPlanExec.$anonfun$executeCollect$1(AdaptiveSparkPlanExec.scala:396)","logger":"task.stdout"}
{"timestamp":"2026-03-10T00:27:50.631965Z","level":"info","event":"\t\tat org.apache.spark.sql.execution.adaptive.ResultQueryStageExec.$anonfun$doMaterialize$1(QueryStageExec.scala:328)","logger":"task.stdout"}
{"timestamp":"2026-03-10T00:27:50.631979Z","level":"info","event":"\t\tat org.apache.spark.sql.execution.SQLExecution$.$anonfun$withThreadLocalCaptured$4(SQLExecution.scala:335)","logger":"task.stdout"}
{"timestamp":"2026-03-10T00:27:50.632143Z","level":"info","event":"\t\tat org.apache.spark.sql.execution.SQLExecution$.withSessionTagsApplied(SQLExecution.scala:285)","logger":"task.stdout"}
{"timestamp":"2026-03-10T00:27:50.632160Z","level":"info","event":"\t\tat org.apache.spark.sql.execution.SQLExecution$.$anonfun$withThreadLocalCaptured$3(SQLExecution.scala:333)","logger":"task.stdout"}
{"timestamp":"2026-03-10T00:27:50.632184Z","level":"info","event":"\t\tat org.apache.spark.JobArtifactSet$.withActiveJobArtifactState(JobArtifactSet.scala:94)","logger":"task.stdout"}
{"timestamp":"2026-03-10T00:27:50.632199Z","level":"info","event":"\t\tat org.apache.spark.sql.execution.SQLExecution$.$anonfun$withThreadLocalCaptured$2(SQLExecution.scala:329)","logger":"task.stdout"}
{"timestamp":"2026-03-10T00:27:50.632213Z","level":"info","event":"\t\tat java.base/java.util.concurrent.CompletableFuture$AsyncSupply.run(CompletableFuture.java:1768)","logger":"task.stdout"}
{"timestamp":"2026-03-10T00:27:50.632228Z","level":"info","event":"\t\tat java.base/java.util.concurrent.ThreadPoolExecutor.runWorker(ThreadPoolExecutor.java:1144)","logger":"task.stdout"}
{"timestamp":"2026-03-10T00:27:50.632242Z","level":"info","event":"\t\tat java.base/java.util.concurrent.ThreadPoolExecutor$Worker.run(ThreadPoolExecutor.java:642)","logger":"task.stdout"}
{"timestamp":"2026-03-10T00:27:50.632257Z","level":"info","event":"\t\t... 1 more","logger":"task.stdout"}
{"timestamp":"2026-03-10T00:27:50.632272Z","level":"info","event":"","logger":"task.stdout"}
{"timestamp":"2026-03-10T00:27:50.632286Z","level":"info","event":"","logger":"task.stdout"}
