{"timestamp":"2026-03-10T00:32:51.453663Z","level":"info","event":"DAG bundles loaded: dags-folder, example_dags","logger":"airflow.dag_processing.bundles.manager.DagBundlesManager","filename":"manager.py","lineno":179}
{"timestamp":"2026-03-10T00:32:51.453920Z","level":"info","event":"Filling up the DagBag from /Users/sujithsuji/uber-trip-pipeline/airflow/dags/trip_pipeline_dag.py","logger":"airflow.models.dagbag.BundleDagBag","filename":"dagbag.py","lineno":593}
{"timestamp":"2026-03-10T00:32:51.459137Z","level":"warning","event":"The `airflow.operators.python.PythonOperator` attribute is deprecated. Please use `'airflow.providers.standard.operators.python.PythonOperator'`.","category":"DeprecatedImportWarning","filename":"/Users/sujithsuji/uber-trip-pipeline/airflow/dags/trip_pipeline_dag.py","lineno":2,"logger":"py.warnings"}
{"timestamp":"2026-03-10T00:32:51.459193Z","level":"warning","event":"The `airflow.operators.bash.BashOperator` attribute is deprecated. Please use `'airflow.providers.standard.operators.bash.BashOperator'`.","category":"DeprecatedImportWarning","filename":"/Users/sujithsuji/uber-trip-pipeline/airflow/dags/trip_pipeline_dag.py","lineno":3,"logger":"py.warnings"}
{"timestamp":"2026-03-10T00:32:51.483765Z","level":"info","event":"Task instance is in running state","logger":"task.stdout"}
{"timestamp":"2026-03-10T00:32:51.483915Z","level":"info","event":" Previous state of the Task instance: TaskInstanceState.QUEUED","logger":"task.stdout"}
{"timestamp":"2026-03-10T00:32:51.484037Z","level":"info","event":"Current task name:silver_transform","logger":"task.stdout"}
{"timestamp":"2026-03-10T00:32:51.484152Z","level":"info","event":"Dag name:uber_trip_pipeline","logger":"task.stdout"}
{"timestamp":"2026-03-10T00:33:08.197777Z","level":"info","event":"✅ Spark Session started","logger":"task.stdout"}
{"timestamp":"2026-03-10T00:33:08.200153Z","level":"info","event":"🔄 Processing Trips...","logger":"task.stdout"}
{"timestamp":"2026-03-10T00:33:08.200204Z","level":"info","event":"   Clean trips: 9993 rows","logger":"task.stdout"}
{"timestamp":"2026-03-10T00:33:08.200229Z","level":"info","event":"","logger":"task.stdout"}
{"timestamp":"2026-03-10T00:33:08.205789Z","level":"error","event":"Task failed with exception","logger":"task","filename":"task_runner.py","lineno":1142,"error_detail":[{"exc_type":"Exception","exc_value":"WARNING: Using incubator modules: jdk.incubator.vector\nUsing Spark's default log4j profile: org/apache/spark/log4j2-defaults.properties\n26/03/09 20:32:52 WARN Utils: Your hostname, Sujiths-Laptop.local, resolves to a loopback address: 127.0.0.1; using 192.168.1.230 instead (on interface en0)\n26/03/09 20:32:52 WARN Utils: Set SPARK_LOCAL_IP if you need to bind to another address\nUsing Spark's default log4j profile: org/apache/spark/log4j2-defaults.properties\nSetting default log level to \"WARN\".\nTo adjust logging level use sc.setLogLevel(newLevel). For SparkR, use setLogLevel(newLevel).\n26/03/09 20:32:53 WARN NativeCodeLoader: Unable to load native-hadoop library for your platform... using builtin-java classes where applicable\n26/03/09 20:32:54 WARN Utils: Service 'SparkUI' could not bind on port 4040. Attempting port 4041.\n\n[Stage 1:>                                                          (0 + 1) / 1]\n\n[Stage 3:>                                                          (0 + 1) / 1]\n\n                                                                                \n26/03/09 20:33:02 ERROR FileOutputCommitter: Mkdirs failed to create file:/Users/sujithsuji/uber-trip-pipeline/data/processed/silver_trips/_temporary/0\n\n[Stage 9:>                                                          (0 + 1) / 1]\n\n                                                                                \n26/03/09 20:33:07 ERROR FileFormatWriter: Aborting job 14cfac26-0828-4654-9c0c-58ed59251088.\njava.io.FileNotFoundException: File file:/Users/sujithsuji/uber-trip-pipeline/data/processed/silver_trips/_temporary/0 does not exist\n\tat org.apache.hadoop.fs.RawLocalFileSystem.listStatus(RawLocalFileSystem.java:798)\n\tat org.apache.hadoop.fs.FileSystem.listStatus(FileSystem.java:2078)\n\tat org.apache.hadoop.fs.FileSystem.listStatus(FileSystem.java:2122)\n\tat org.apache.hadoop.fs.ChecksumFileSystem.listStatus(ChecksumFileSystem.java:1020)\n\tat org.apache.hadoop.fs.FileSystem.listStatus(FileSystem.java:2078)\n\tat org.apache.hadoop.fs.FileSystem.listStatus(FileSystem.java:2122)\n\tat org.apache.hadoop.mapreduce.lib.output.FileOutputCommitter.getAllCommittedTaskPaths(FileOutputCommitter.java:334)\n\tat org.apache.hadoop.mapreduce.lib.output.FileOutputCommitter.commitJobInternal(FileOutputCommitter.java:404)\n\tat org.apache.hadoop.mapreduce.lib.output.FileOutputCommitter.commitJob(FileOutputCommitter.java:377)\n\tat org.apache.parquet.hadoop.ParquetOutputCommitter.commitJob(ParquetOutputCommitter.java:46)\n\tat org.apache.spark.internal.io.HadoopMapReduceCommitProtocol.commitJob(HadoopMapReduceCommitProtocol.scala:184)\n\tat org.apache.spark.sql.execution.datasources.FileFormatWriter$.$anonfun$writeAndCommit$3(FileFormatWriter.scala:275)\n\tat scala.runtime.java8.JFunction0$mcV$sp.apply(JFunction0$mcV$sp.scala:18)\n\tat org.apache.spark.util.Utils$.timeTakenMs(Utils.scala:496)\n\tat org.apache.spark.sql.execution.datasources.FileFormatWriter$.writeAndCommit(FileFormatWriter.scala:275)\n\tat org.apache.spark.sql.execution.datasources.FileFormatWriter$.executeWrite(FileFormatWriter.scala:306)\n\tat org.apache.spark.sql.execution.datasources.FileFormatWriter$.write(FileFormatWriter.scala:189)\n\tat org.apache.spark.sql.execution.datasources.InsertIntoHadoopFsRelationCommand.run(InsertIntoHadoopFsRelationCommand.scala:195)\n\tat org.apache.spark.sql.execution.command.DataWritingCommandExec.sideEffectResult$lzycompute(commands.scala:117)\n\tat org.apache.spark.sql.execution.command.DataWritingCommandExec.sideEffectResult(commands.scala:115)\n\tat org.apache.spark.sql.execution.command.DataWritingCommandExec.executeCollect(commands.scala:129)\n\tat org.apache.spark.sql.execution.adaptive.AdaptiveSparkPlanExec.$anonfun$executeCollect$1(AdaptiveSparkPlanExec.scala:396)\n\tat org.apache.spark.sql.execution.adaptive.ResultQueryStageExec.$anonfun$doMaterialize$1(QueryStageExec.scala:328)\n\tat org.apache.spark.sql.execution.SQLExecution$.$anonfun$withThreadLocalCaptured$4(SQLExecution.scala:335)\n\tat org.apache.spark.sql.execution.SQLExecution$.withSessionTagsApplied(SQLExecution.scala:285)\n\tat org.apache.spark.sql.execution.SQLExecution$.$anonfun$withThreadLocalCaptured$3(SQLExecution.scala:333)\n\tat org.apache.spark.JobArtifactSet$.withActiveJobArtifactState(JobArtifactSet.scala:94)\n\tat org.apache.spark.sql.execution.SQLExecution$.$anonfun$withThreadLocalCaptured$2(SQLExecution.scala:329)\n\tat java.base/java.util.concurrent.CompletableFuture$AsyncSupply.run(CompletableFuture.java:1768)\n\tat java.base/java.util.concurrent.ThreadPoolExecutor.runWorker(ThreadPoolExecutor.java:1144)\n\tat java.base/java.util.concurrent.ThreadPoolExecutor$Worker.run(ThreadPoolExecutor.java:642)\n\tat java.base/java.lang.Thread.run(Thread.java:1570)\nTraceback (most recent call last):\n  File \"/Users/sujithsuji/uber-trip-pipeline/transformations/bronze_to_silver.py\", line 40, in <module>\n    df_trips_silver.write.mode(\"overwrite\").parquet(\"data/processed/silver_trips/\")\n  File \"/Users/sujithsuji/uber-trip-pipeline/venv311/lib/python3.11/site-packages/pyspark/sql/readwriter.py\", line 2003, in parquet\n    self._jwrite.parquet(path)\n  File \"/Users/sujithsuji/uber-trip-pipeline/venv311/lib/python3.11/site-packages/py4j/java_gateway.py\", line 1362, in __call__\n    return_value = get_return_value(\n                   ^^^^^^^^^^^^^^^^^\n  File \"/Users/sujithsuji/uber-trip-pipeline/venv311/lib/python3.11/site-packages/pyspark/errors/exceptions/captured.py\", line 263, in deco\n    return f(*a, **kw)\n           ^^^^^^^^^^^\n  File \"/Users/sujithsuji/uber-trip-pipeline/venv311/lib/python3.11/site-packages/py4j/protocol.py\", line 327, in get_return_value\n    raise Py4JJavaError(\npy4j.protocol.Py4JJavaError: An error occurred while calling o147.parquet.\n: java.io.FileNotFoundException: File file:/Users/sujithsuji/uber-trip-pipeline/data/processed/silver_trips/_temporary/0 does not exist\n\tat org.apache.hadoop.fs.RawLocalFileSystem.listStatus(RawLocalFileSystem.java:798)\n\tat org.apache.hadoop.fs.FileSystem.listStatus(FileSystem.java:2078)\n\tat org.apache.hadoop.fs.FileSystem.listStatus(FileSystem.java:2122)\n\tat org.apache.hadoop.fs.ChecksumFileSystem.listStatus(ChecksumFileSystem.java:1020)\n\tat org.apache.hadoop.fs.FileSystem.listStatus(FileSystem.java:2078)\n\tat org.apache.hadoop.fs.FileSystem.listStatus(FileSystem.java:2122)\n\tat org.apache.hadoop.mapreduce.lib.output.FileOutputCommitter.getAllCommittedTaskPaths(FileOutputCommitter.java:334)\n\tat org.apache.hadoop.mapreduce.lib.output.FileOutputCommitter.commitJobInternal(FileOutputCommitter.java:404)\n\tat org.apache.hadoop.mapreduce.lib.output.FileOutputCommitter.commitJob(FileOutputCommitter.java:377)\n\tat org.apache.parquet.hadoop.ParquetOutputCommitter.commitJob(ParquetOutputCommitter.java:46)\n\tat org.apache.spark.internal.io.HadoopMapReduceCommitProtocol.commitJob(HadoopMapReduceCommitProtocol.scala:184)\n\tat org.apache.spark.sql.execution.datasources.FileFormatWriter$.$anonfun$writeAndCommit$3(FileFormatWriter.scala:275)\n\tat scala.runtime.java8.JFunction0$mcV$sp.apply(JFunction0$mcV$sp.scala:18)\n\tat org.apache.spark.util.Utils$.timeTakenMs(Utils.scala:496)\n\tat org.apache.spark.sql.execution.datasources.FileFormatWriter$.writeAndCommit(FileFormatWriter.scala:275)\n\tat org.apache.spark.sql.execution.datasources.FileFormatWriter$.executeWrite(FileFormatWriter.scala:306)\n\tat org.apache.spark.sql.execution.datasources.FileFormatWriter$.write(FileFormatWriter.scala:189)\n\tat org.apache.spark.sql.execution.datasources.InsertIntoHadoopFsRelationCommand.run(InsertIntoHadoopFsRelationCommand.scala:195)\n\tat org.apache.spark.sql.execution.command.DataWritingCommandExec.sideEffectResult$lzycompute(commands.scala:117)\n\tat org.apache.spark.sql.execution.command.DataWritingCommandExec.sideEffectResult(commands.scala:115)\n\tat org.apache.spark.sql.execution.command.DataWritingCommandExec.executeCollect(commands.scala:129)\n\tat org.apache.spark.sql.execution.adaptive.AdaptiveSparkPlanExec.$anonfun$executeCollect$1(AdaptiveSparkPlanExec.scala:396)\n\tat org.apache.spark.sql.execution.adaptive.ResultQueryStageExec.$anonfun$doMaterialize$1(QueryStageExec.scala:328)\n\tat org.apache.spark.sql.execution.SQLExecution$.$anonfun$withThreadLocalCaptured$4(SQLExecution.scala:335)\n\tat org.apache.spark.sql.execution.SQLExecution$.withSessionTagsApplied(SQLExecution.scala:285)\n\tat org.apache.spark.sql.execution.SQLExecution$.$anonfun$withThreadLocalCaptured$3(SQLExecution.scala:333)\n\tat org.apache.spark.JobArtifactSet$.withActiveJobArtifactState(JobArtifactSet.scala:94)\n\tat org.apache.spark.sql.execution.SQLExecution$.$anonfun$withThreadLocalCaptured$2(SQLExecution.scala:329)\n\tat java.base/java.util.concurrent.CompletableFuture$AsyncSupply.run(CompletableFuture.java:1768)\n\tat java.base/java.util.concurrent.ThreadPoolExecutor.runWorker(ThreadPoolExecutor.java:1144)\n\tat java.base/java.util.concurrent.ThreadPoolExecutor$Worker.run(ThreadPoolExecutor.java:642)\n\tat org.apache.spark.util.Utils$.getTryWithCallerStacktrace(Utils.scala:1453)\n\tat org.apache.spark.util.LazyTry.get(LazyTry.scala:58)\n\tat org.apache.spark.sql.execution.QueryExecution.commandExecuted(QueryExecution.scala:160)\n\tat org.apache.spark.sql.execution.QueryExecution.assertCommandExecuted(QueryExecution.scala:239)\n\tat org.apache.spark.sql.classic.DataFrameWriter.runCommand(DataFrameWriter.scala:592)\n\tat org.apache.spark.sql.classic.DataFrameWriter.save(DataFrameWriter.scala:115)\n\tat org.apache.spark.sql.DataFrameWriter.parquet(DataFrameWriter.scala:369)\n\tat java.base/jdk.internal.reflect.DirectMethodHandleAccessor.invoke(DirectMethodHandleAccessor.java:103)\n\tat java.base/java.lang.reflect.Method.invoke(Method.java:580)\n\tat py4j.reflection.MethodInvoker.invoke(MethodInvoker.java:244)\n\tat py4j.reflection.ReflectionEngine.invoke(ReflectionEngine.java:374)\n\tat py4j.Gateway.invoke(Gateway.java:282)\n\tat py4j.commands.AbstractCommand.invokeMethod(AbstractCommand.java:132)\n\tat py4j.commands.CallCommand.execute(CallCommand.java:79)\n\tat py4j.ClientServerConnection.waitForCommands(ClientServerConnection.java:184)\n\tat py4j.ClientServerConnection.run(ClientServerConnection.java:108)\n\tat java.base/java.lang.Thread.run(Thread.java:1570)\n\tSuppressed: org.apache.spark.util.Utils$OriginalTryStackTraceException: Full stacktrace of original doTryWithCallerStacktrace caller\n\t\tat org.apache.hadoop.fs.RawLocalFileSystem.listStatus(RawLocalFileSystem.java:798)\n\t\tat org.apache.hadoop.fs.FileSystem.listStatus(FileSystem.java:2078)\n\t\tat org.apache.hadoop.fs.FileSystem.listStatus(FileSystem.java:2122)\n\t\tat org.apache.hadoop.fs.ChecksumFileSystem.listStatus(ChecksumFileSystem.java:1020)\n\t\tat org.apache.hadoop.fs.FileSystem.listStatus(FileSystem.java:2078)\n\t\tat org.apache.hadoop.fs.FileSystem.listStatus(FileSystem.java:2122)\n\t\tat org.apache.hadoop.mapreduce.lib.output.FileOutputCommitter.getAllCommittedTaskPaths(FileOutputCommitter.java:334)\n\t\tat org.apache.hadoop.mapreduce.lib.output.FileOutputCommitter.commitJobInternal(FileOutputCommitter.java:404)\n\t\tat org.apache.hadoop.mapreduce.lib.output.FileOutputCommitter.commitJob(FileOutputCommitter.java:377)\n\t\tat org.apache.parquet.hadoop.ParquetOutputCommitter.commitJob(ParquetOutputCommitter.java:46)\n\t\tat org.apache.spark.internal.io.HadoopMapReduceCommitProtocol.commitJob(HadoopMapReduceCommitProtocol.scala:184)\n\t\tat org.apache.spark.sql.execution.datasources.FileFormatWriter$.$anonfun$writeAndCommit$3(FileFormatWriter.scala:275)\n\t\tat scala.runtime.java8.JFunction0$mcV$sp.apply(JFunction0$mcV$sp.scala:18)\n\t\tat org.apache.spark.util.Utils$.timeTakenMs(Utils.scala:496)\n\t\tat org.apache.spark.sql.execution.datasources.FileFormatWriter$.writeAndCommit(FileFormatWriter.scala:275)\n\t\tat org.apache.spark.sql.execution.datasources.FileFormatWriter$.executeWrite(FileFormatWriter.scala:306)\n\t\tat org.apache.spark.sql.execution.datasources.FileFormatWriter$.write(FileFormatWriter.scala:189)\n\t\tat org.apache.spark.sql.execution.datasources.InsertIntoHadoopFsRelationCommand.run(InsertIntoHadoopFsRelationCommand.scala:195)\n\t\tat org.apache.spark.sql.execution.command.DataWritingCommandExec.sideEffectResult$lzycompute(commands.scala:117)\n\t\tat org.apache.spark.sql.execution.command.DataWritingCommandExec.sideEffectResult(commands.scala:115)\n\t\tat org.apache.spark.sql.execution.command.DataWritingCommandExec.executeCollect(commands.scala:129)\n\t\tat org.apache.spark.sql.execution.adaptive.AdaptiveSparkPlanExec.$anonfun$executeCollect$1(AdaptiveSparkPlanExec.scala:396)\n\t\tat org.apache.spark.sql.execution.adaptive.ResultQueryStageExec.$anonfun$doMaterialize$1(QueryStageExec.scala:328)\n\t\tat org.apache.spark.sql.execution.SQLExecution$.$anonfun$withThreadLocalCaptured$4(SQLExecution.scala:335)\n\t\tat org.apache.spark.sql.execution.SQLExecution$.withSessionTagsApplied(SQLExecution.scala:285)\n\t\tat org.apache.spark.sql.execution.SQLExecution$.$anonfun$withThreadLocalCaptured$3(SQLExecution.scala:333)\n\t\tat org.apache.spark.JobArtifactSet$.withActiveJobArtifactState(JobArtifactSet.scala:94)\n\t\tat org.apache.spark.sql.execution.SQLExecution$.$anonfun$withThreadLocalCaptured$2(SQLExecution.scala:329)\n\t\tat java.base/java.util.concurrent.CompletableFuture$AsyncSupply.run(CompletableFuture.java:1768)\n\t\tat java.base/java.util.concurrent.ThreadPoolExecutor.runWorker(ThreadPoolExecutor.java:1144)\n\t\tat java.base/java.util.concurrent.ThreadPoolExecutor$Worker.run(ThreadPoolExecutor.java:642)\n\t\t... 1 more\n\n","exc_notes":[],"syntax_error":null,"is_cause":false,"frames":[{"filename":"/Users/sujithsuji/uber-trip-pipeline/venv311/lib/python3.11/site-packages/airflow/sdk/execution_time/task_runner.py","lineno":1068,"name":"run"},{"filename":"/Users/sujithsuji/uber-trip-pipeline/venv311/lib/python3.11/site-packages/airflow/sdk/execution_time/task_runner.py","lineno":1477,"name":"_execute_task"},{"filename":"/Users/sujithsuji/uber-trip-pipeline/venv311/lib/python3.11/site-packages/airflow/sdk/bases/operator.py","lineno":417,"name":"wrapper"},{"filename":"/Users/sujithsuji/uber-trip-pipeline/venv311/lib/python3.11/site-packages/airflow/providers/standard/operators/python.py","lineno":228,"name":"execute"},{"filename":"/Users/sujithsuji/uber-trip-pipeline/venv311/lib/python3.11/site-packages/airflow/providers/standard/operators/python.py","lineno":251,"name":"execute_callable"},{"filename":"/Users/sujithsuji/uber-trip-pipeline/venv311/lib/python3.11/site-packages/airflow/sdk/execution_time/callback_runner.py","lineno":82,"name":"run"},{"filename":"/Users/sujithsuji/uber-trip-pipeline/airflow/dags/trip_pipeline_dag.py","lineno":44,"name":"run_silver"}],"is_group":false,"exceptions":[]}]}
{"timestamp":"2026-03-10T00:33:08.220018Z","level":"info","event":"Task instance in failure state","logger":"task.stdout"}
{"timestamp":"2026-03-10T00:33:08.223005Z","level":"info","event":"Task start","logger":"task.stdout"}
{"timestamp":"2026-03-10T00:33:08.223714Z","level":"info","event":"Task:<Task(PythonOperator): silver_transform>","logger":"task.stdout"}
{"timestamp":"2026-03-10T00:33:08.223766Z","level":"info","event":"Failure caused by WARNING: Using incubator modules: jdk.incubator.vector","logger":"task.stdout"}
{"timestamp":"2026-03-10T00:33:08.223796Z","level":"info","event":"Using Spark's default log4j profile: org/apache/spark/log4j2-defaults.properties","logger":"task.stdout"}
{"timestamp":"2026-03-10T00:33:08.223816Z","level":"info","event":"26/03/09 20:32:52 WARN Utils: Your hostname, Sujiths-Laptop.local, resolves to a loopback address: 127.0.0.1; using 192.168.1.230 instead (on interface en0)","logger":"task.stdout"}
{"timestamp":"2026-03-10T00:33:08.223840Z","level":"info","event":"26/03/09 20:32:52 WARN Utils: Set SPARK_LOCAL_IP if you need to bind to another address","logger":"task.stdout"}
{"timestamp":"2026-03-10T00:33:08.223862Z","level":"info","event":"Using Spark's default log4j profile: org/apache/spark/log4j2-defaults.properties","logger":"task.stdout"}
{"timestamp":"2026-03-10T00:33:08.223893Z","level":"info","event":"Setting default log level to \"WARN\".","logger":"task.stdout"}
{"timestamp":"2026-03-10T00:33:08.223918Z","level":"info","event":"To adjust logging level use sc.setLogLevel(newLevel). For SparkR, use setLogLevel(newLevel).","logger":"task.stdout"}
{"timestamp":"2026-03-10T00:33:08.223936Z","level":"info","event":"26/03/09 20:32:53 WARN NativeCodeLoader: Unable to load native-hadoop library for your platform... using builtin-java classes where applicable","logger":"task.stdout"}
{"timestamp":"2026-03-10T00:33:08.223953Z","level":"info","event":"26/03/09 20:32:54 WARN Utils: Service 'SparkUI' could not bind on port 4040. Attempting port 4041.","logger":"task.stdout"}
{"timestamp":"2026-03-10T00:33:08.223978Z","level":"info","event":"","logger":"task.stdout"}
{"timestamp":"2026-03-10T00:33:08.223995Z","level":"info","event":"[Stage 1:>                                                          (0 + 1) / 1]","logger":"task.stdout"}
{"timestamp":"2026-03-10T00:33:08.224012Z","level":"info","event":"","logger":"task.stdout"}
{"timestamp":"2026-03-10T00:33:08.224028Z","level":"info","event":"[Stage 3:>                                                          (0 + 1) / 1]","logger":"task.stdout"}
{"timestamp":"2026-03-10T00:33:08.224048Z","level":"info","event":"","logger":"task.stdout"}
{"timestamp":"2026-03-10T00:33:08.224065Z","level":"info","event":"","logger":"task.stdout"}
{"timestamp":"2026-03-10T00:33:08.224081Z","level":"info","event":"26/03/09 20:33:02 ERROR FileOutputCommitter: Mkdirs failed to create file:/Users/sujithsuji/uber-trip-pipeline/data/processed/silver_trips/_temporary/0","logger":"task.stdout"}
{"timestamp":"2026-03-10T00:33:08.224097Z","level":"info","event":"","logger":"task.stdout"}
{"timestamp":"2026-03-10T00:33:08.224113Z","level":"info","event":"[Stage 9:>                                                          (0 + 1) / 1]","logger":"task.stdout"}
{"timestamp":"2026-03-10T00:33:08.224137Z","level":"info","event":"","logger":"task.stdout"}
{"timestamp":"2026-03-10T00:33:08.224153Z","level":"info","event":"","logger":"task.stdout"}
{"timestamp":"2026-03-10T00:33:08.224169Z","level":"info","event":"26/03/09 20:33:07 ERROR FileFormatWriter: Aborting job 14cfac26-0828-4654-9c0c-58ed59251088.","logger":"task.stdout"}
{"timestamp":"2026-03-10T00:33:08.224191Z","level":"info","event":"java.io.FileNotFoundException: File file:/Users/sujithsuji/uber-trip-pipeline/data/processed/silver_trips/_temporary/0 does not exist","logger":"task.stdout"}
{"timestamp":"2026-03-10T00:33:08.224218Z","level":"info","event":"\tat org.apache.hadoop.fs.RawLocalFileSystem.listStatus(RawLocalFileSystem.java:798)","logger":"task.stdout"}
{"timestamp":"2026-03-10T00:33:08.224235Z","level":"info","event":"\tat org.apache.hadoop.fs.FileSystem.listStatus(FileSystem.java:2078)","logger":"task.stdout"}
{"timestamp":"2026-03-10T00:33:08.224251Z","level":"info","event":"\tat org.apache.hadoop.fs.FileSystem.listStatus(FileSystem.java:2122)","logger":"task.stdout"}
{"timestamp":"2026-03-10T00:33:08.224267Z","level":"info","event":"\tat org.apache.hadoop.fs.ChecksumFileSystem.listStatus(ChecksumFileSystem.java:1020)","logger":"task.stdout"}
{"timestamp":"2026-03-10T00:33:08.224282Z","level":"info","event":"\tat org.apache.hadoop.fs.FileSystem.listStatus(FileSystem.java:2078)","logger":"task.stdout"}
{"timestamp":"2026-03-10T00:33:08.224303Z","level":"info","event":"\tat org.apache.hadoop.fs.FileSystem.listStatus(FileSystem.java:2122)","logger":"task.stdout"}
{"timestamp":"2026-03-10T00:33:08.224331Z","level":"info","event":"\tat org.apache.hadoop.mapreduce.lib.output.FileOutputCommitter.getAllCommittedTaskPaths(FileOutputCommitter.java:334)","logger":"task.stdout"}
{"timestamp":"2026-03-10T00:33:08.224348Z","level":"info","event":"\tat org.apache.hadoop.mapreduce.lib.output.FileOutputCommitter.commitJobInternal(FileOutputCommitter.java:404)","logger":"task.stdout"}
{"timestamp":"2026-03-10T00:33:08.224368Z","level":"info","event":"\tat org.apache.hadoop.mapreduce.lib.output.FileOutputCommitter.commitJob(FileOutputCommitter.java:377)","logger":"task.stdout"}
{"timestamp":"2026-03-10T00:33:08.224384Z","level":"info","event":"\tat org.apache.parquet.hadoop.ParquetOutputCommitter.commitJob(ParquetOutputCommitter.java:46)","logger":"task.stdout"}
{"timestamp":"2026-03-10T00:33:08.224400Z","level":"info","event":"\tat org.apache.spark.internal.io.HadoopMapReduceCommitProtocol.commitJob(HadoopMapReduceCommitProtocol.scala:184)","logger":"task.stdout"}
{"timestamp":"2026-03-10T00:33:08.224418Z","level":"info","event":"\tat org.apache.spark.sql.execution.datasources.FileFormatWriter$.$anonfun$writeAndCommit$3(FileFormatWriter.scala:275)","logger":"task.stdout"}
{"timestamp":"2026-03-10T00:33:08.224434Z","level":"info","event":"\tat scala.runtime.java8.JFunction0$mcV$sp.apply(JFunction0$mcV$sp.scala:18)","logger":"task.stdout"}
{"timestamp":"2026-03-10T00:33:08.224459Z","level":"info","event":"\tat org.apache.spark.util.Utils$.timeTakenMs(Utils.scala:496)","logger":"task.stdout"}
{"timestamp":"2026-03-10T00:33:08.224475Z","level":"info","event":"\tat org.apache.spark.sql.execution.datasources.FileFormatWriter$.writeAndCommit(FileFormatWriter.scala:275)","logger":"task.stdout"}
{"timestamp":"2026-03-10T00:33:08.224491Z","level":"info","event":"\tat org.apache.spark.sql.execution.datasources.FileFormatWriter$.executeWrite(FileFormatWriter.scala:306)","logger":"task.stdout"}
{"timestamp":"2026-03-10T00:33:08.224510Z","level":"info","event":"\tat org.apache.spark.sql.execution.datasources.FileFormatWriter$.write(FileFormatWriter.scala:189)","logger":"task.stdout"}
{"timestamp":"2026-03-10T00:33:08.224530Z","level":"info","event":"\tat org.apache.spark.sql.execution.datasources.InsertIntoHadoopFsRelationCommand.run(InsertIntoHadoopFsRelationCommand.scala:195)","logger":"task.stdout"}
{"timestamp":"2026-03-10T00:33:08.224552Z","level":"info","event":"\tat org.apache.spark.sql.execution.command.DataWritingCommandExec.sideEffectResult$lzycompute(commands.scala:117)","logger":"task.stdout"}
{"timestamp":"2026-03-10T00:33:08.224573Z","level":"info","event":"\tat org.apache.spark.sql.execution.command.DataWritingCommandExec.sideEffectResult(commands.scala:115)","logger":"task.stdout"}
{"timestamp":"2026-03-10T00:33:08.224592Z","level":"info","event":"\tat org.apache.spark.sql.execution.command.DataWritingCommandExec.executeCollect(commands.scala:129)","logger":"task.stdout"}
{"timestamp":"2026-03-10T00:33:08.224608Z","level":"info","event":"\tat org.apache.spark.sql.execution.adaptive.AdaptiveSparkPlanExec.$anonfun$executeCollect$1(AdaptiveSparkPlanExec.scala:396)","logger":"task.stdout"}
{"timestamp":"2026-03-10T00:33:08.224624Z","level":"info","event":"\tat org.apache.spark.sql.execution.adaptive.ResultQueryStageExec.$anonfun$doMaterialize$1(QueryStageExec.scala:328)","logger":"task.stdout"}
{"timestamp":"2026-03-10T00:33:08.224639Z","level":"info","event":"\tat org.apache.spark.sql.execution.SQLExecution$.$anonfun$withThreadLocalCaptured$4(SQLExecution.scala:335)","logger":"task.stdout"}
{"timestamp":"2026-03-10T00:33:08.224708Z","level":"info","event":"\tat org.apache.spark.sql.execution.SQLExecution$.withSessionTagsApplied(SQLExecution.scala:285)","logger":"task.stdout"}
{"timestamp":"2026-03-10T00:33:08.224727Z","level":"info","event":"\tat org.apache.spark.sql.execution.SQLExecution$.$anonfun$withThreadLocalCaptured$3(SQLExecution.scala:333)","logger":"task.stdout"}
{"timestamp":"2026-03-10T00:33:08.224744Z","level":"info","event":"\tat org.apache.spark.JobArtifactSet$.withActiveJobArtifactState(JobArtifactSet.scala:94)","logger":"task.stdout"}
{"timestamp":"2026-03-10T00:33:08.224760Z","level":"info","event":"\tat org.apache.spark.sql.execution.SQLExecution$.$anonfun$withThreadLocalCaptured$2(SQLExecution.scala:329)","logger":"task.stdout"}
{"timestamp":"2026-03-10T00:33:08.224775Z","level":"info","event":"\tat java.base/java.util.concurrent.CompletableFuture$AsyncSupply.run(CompletableFuture.java:1768)","logger":"task.stdout"}
{"timestamp":"2026-03-10T00:33:08.224791Z","level":"info","event":"\tat java.base/java.util.concurrent.ThreadPoolExecutor.runWorker(ThreadPoolExecutor.java:1144)","logger":"task.stdout"}
{"timestamp":"2026-03-10T00:33:08.224807Z","level":"info","event":"\tat java.base/java.util.concurrent.ThreadPoolExecutor$Worker.run(ThreadPoolExecutor.java:642)","logger":"task.stdout"}
{"timestamp":"2026-03-10T00:33:08.224823Z","level":"info","event":"\tat java.base/java.lang.Thread.run(Thread.java:1570)","logger":"task.stdout"}
{"timestamp":"2026-03-10T00:33:08.224839Z","level":"info","event":"Traceback (most recent call last):","logger":"task.stdout"}
{"timestamp":"2026-03-10T00:33:08.224854Z","level":"info","event":"  File \"/Users/sujithsuji/uber-trip-pipeline/transformations/bronze_to_silver.py\", line 40, in <module>","logger":"task.stdout"}
{"timestamp":"2026-03-10T00:33:08.224870Z","level":"info","event":"    df_trips_silver.write.mode(\"overwrite\").parquet(\"data/processed/silver_trips/\")","logger":"task.stdout"}
{"timestamp":"2026-03-10T00:33:08.224885Z","level":"info","event":"  File \"/Users/sujithsuji/uber-trip-pipeline/venv311/lib/python3.11/site-packages/pyspark/sql/readwriter.py\", line 2003, in parquet","logger":"task.stdout"}
{"timestamp":"2026-03-10T00:33:08.224902Z","level":"info","event":"    self._jwrite.parquet(path)","logger":"task.stdout"}
{"timestamp":"2026-03-10T00:33:08.224917Z","level":"info","event":"  File \"/Users/sujithsuji/uber-trip-pipeline/venv311/lib/python3.11/site-packages/py4j/java_gateway.py\", line 1362, in __call__","logger":"task.stdout"}
{"timestamp":"2026-03-10T00:33:08.224934Z","level":"info","event":"    return_value = get_return_value(","logger":"task.stdout"}
{"timestamp":"2026-03-10T00:33:08.224949Z","level":"info","event":"                   ^^^^^^^^^^^^^^^^^","logger":"task.stdout"}
{"timestamp":"2026-03-10T00:33:08.224966Z","level":"info","event":"  File \"/Users/sujithsuji/uber-trip-pipeline/venv311/lib/python3.11/site-packages/pyspark/errors/exceptions/captured.py\", line 263, in deco","logger":"task.stdout"}
{"timestamp":"2026-03-10T00:33:08.224990Z","level":"info","event":"    return f(*a, **kw)","logger":"task.stdout"}
{"timestamp":"2026-03-10T00:33:08.225006Z","level":"info","event":"           ^^^^^^^^^^^","logger":"task.stdout"}
{"timestamp":"2026-03-10T00:33:08.225022Z","level":"info","event":"  File \"/Users/sujithsuji/uber-trip-pipeline/venv311/lib/python3.11/site-packages/py4j/protocol.py\", line 327, in get_return_value","logger":"task.stdout"}
{"timestamp":"2026-03-10T00:33:08.225038Z","level":"info","event":"    raise Py4JJavaError(","logger":"task.stdout"}
{"timestamp":"2026-03-10T00:33:08.225054Z","level":"info","event":"py4j.protocol.Py4JJavaError: An error occurred while calling o147.parquet.","logger":"task.stdout"}
{"timestamp":"2026-03-10T00:33:08.225071Z","level":"info","event":": java.io.FileNotFoundException: File file:/Users/sujithsuji/uber-trip-pipeline/data/processed/silver_trips/_temporary/0 does not exist","logger":"task.stdout"}
{"timestamp":"2026-03-10T00:33:08.225087Z","level":"info","event":"\tat org.apache.hadoop.fs.RawLocalFileSystem.listStatus(RawLocalFileSystem.java:798)","logger":"task.stdout"}
{"timestamp":"2026-03-10T00:33:08.225103Z","level":"info","event":"\tat org.apache.hadoop.fs.FileSystem.listStatus(FileSystem.java:2078)","logger":"task.stdout"}
{"timestamp":"2026-03-10T00:33:08.225119Z","level":"info","event":"\tat org.apache.hadoop.fs.FileSystem.listStatus(FileSystem.java:2122)","logger":"task.stdout"}
{"timestamp":"2026-03-10T00:33:08.225134Z","level":"info","event":"\tat org.apache.hadoop.fs.ChecksumFileSystem.listStatus(ChecksumFileSystem.java:1020)","logger":"task.stdout"}
{"timestamp":"2026-03-10T00:33:08.225151Z","level":"info","event":"\tat org.apache.hadoop.fs.FileSystem.listStatus(FileSystem.java:2078)","logger":"task.stdout"}
{"timestamp":"2026-03-10T00:33:08.225167Z","level":"info","event":"\tat org.apache.hadoop.fs.FileSystem.listStatus(FileSystem.java:2122)","logger":"task.stdout"}
{"timestamp":"2026-03-10T00:33:08.225183Z","level":"info","event":"\tat org.apache.hadoop.mapreduce.lib.output.FileOutputCommitter.getAllCommittedTaskPaths(FileOutputCommitter.java:334)","logger":"task.stdout"}
{"timestamp":"2026-03-10T00:33:08.225199Z","level":"info","event":"\tat org.apache.hadoop.mapreduce.lib.output.FileOutputCommitter.commitJobInternal(FileOutputCommitter.java:404)","logger":"task.stdout"}
{"timestamp":"2026-03-10T00:33:08.225215Z","level":"info","event":"\tat org.apache.hadoop.mapreduce.lib.output.FileOutputCommitter.commitJob(FileOutputCommitter.java:377)","logger":"task.stdout"}
{"timestamp":"2026-03-10T00:33:08.225231Z","level":"info","event":"\tat org.apache.parquet.hadoop.ParquetOutputCommitter.commitJob(ParquetOutputCommitter.java:46)","logger":"task.stdout"}
{"timestamp":"2026-03-10T00:33:08.225247Z","level":"info","event":"\tat org.apache.spark.internal.io.HadoopMapReduceCommitProtocol.commitJob(HadoopMapReduceCommitProtocol.scala:184)","logger":"task.stdout"}
{"timestamp":"2026-03-10T00:33:08.225263Z","level":"info","event":"\tat org.apache.spark.sql.execution.datasources.FileFormatWriter$.$anonfun$writeAndCommit$3(FileFormatWriter.scala:275)","logger":"task.stdout"}
{"timestamp":"2026-03-10T00:33:08.225279Z","level":"info","event":"\tat scala.runtime.java8.JFunction0$mcV$sp.apply(JFunction0$mcV$sp.scala:18)","logger":"task.stdout"}
{"timestamp":"2026-03-10T00:33:08.225294Z","level":"info","event":"\tat org.apache.spark.util.Utils$.timeTakenMs(Utils.scala:496)","logger":"task.stdout"}
{"timestamp":"2026-03-10T00:33:08.225310Z","level":"info","event":"\tat org.apache.spark.sql.execution.datasources.FileFormatWriter$.writeAndCommit(FileFormatWriter.scala:275)","logger":"task.stdout"}
{"timestamp":"2026-03-10T00:33:08.225326Z","level":"info","event":"\tat org.apache.spark.sql.execution.datasources.FileFormatWriter$.executeWrite(FileFormatWriter.scala:306)","logger":"task.stdout"}
{"timestamp":"2026-03-10T00:33:08.225342Z","level":"info","event":"\tat org.apache.spark.sql.execution.datasources.FileFormatWriter$.write(FileFormatWriter.scala:189)","logger":"task.stdout"}
{"timestamp":"2026-03-10T00:33:08.225364Z","level":"info","event":"\tat org.apache.spark.sql.execution.datasources.InsertIntoHadoopFsRelationCommand.run(InsertIntoHadoopFsRelationCommand.scala:195)","logger":"task.stdout"}
{"timestamp":"2026-03-10T00:33:08.225381Z","level":"info","event":"\tat org.apache.spark.sql.execution.command.DataWritingCommandExec.sideEffectResult$lzycompute(commands.scala:117)","logger":"task.stdout"}
{"timestamp":"2026-03-10T00:33:08.225404Z","level":"info","event":"\tat org.apache.spark.sql.execution.command.DataWritingCommandExec.sideEffectResult(commands.scala:115)","logger":"task.stdout"}
{"timestamp":"2026-03-10T00:33:08.225420Z","level":"info","event":"\tat org.apache.spark.sql.execution.command.DataWritingCommandExec.executeCollect(commands.scala:129)","logger":"task.stdout"}
{"timestamp":"2026-03-10T00:33:08.225436Z","level":"info","event":"\tat org.apache.spark.sql.execution.adaptive.AdaptiveSparkPlanExec.$anonfun$executeCollect$1(AdaptiveSparkPlanExec.scala:396)","logger":"task.stdout"}
{"timestamp":"2026-03-10T00:33:08.225452Z","level":"info","event":"\tat org.apache.spark.sql.execution.adaptive.ResultQueryStageExec.$anonfun$doMaterialize$1(QueryStageExec.scala:328)","logger":"task.stdout"}
{"timestamp":"2026-03-10T00:33:08.233240Z","level":"info","event":"\tat org.apache.spark.sql.execution.SQLExecution$.$anonfun$withThreadLocalCaptured$4(SQLExecution.scala:335)","logger":"task.stdout"}
{"timestamp":"2026-03-10T00:33:08.233299Z","level":"info","event":"\tat org.apache.spark.sql.execution.SQLExecution$.withSessionTagsApplied(SQLExecution.scala:285)","logger":"task.stdout"}
{"timestamp":"2026-03-10T00:33:08.233323Z","level":"info","event":"\tat org.apache.spark.sql.execution.SQLExecution$.$anonfun$withThreadLocalCaptured$3(SQLExecution.scala:333)","logger":"task.stdout"}
{"timestamp":"2026-03-10T00:33:08.233341Z","level":"info","event":"\tat org.apache.spark.JobArtifactSet$.withActiveJobArtifactState(JobArtifactSet.scala:94)","logger":"task.stdout"}
{"timestamp":"2026-03-10T00:33:08.233359Z","level":"info","event":"\tat org.apache.spark.sql.execution.SQLExecution$.$anonfun$withThreadLocalCaptured$2(SQLExecution.scala:329)","logger":"task.stdout"}
{"timestamp":"2026-03-10T00:33:08.233376Z","level":"info","event":"\tat java.base/java.util.concurrent.CompletableFuture$AsyncSupply.run(CompletableFuture.java:1768)","logger":"task.stdout"}
{"timestamp":"2026-03-10T00:33:08.233393Z","level":"info","event":"\tat java.base/java.util.concurrent.ThreadPoolExecutor.runWorker(ThreadPoolExecutor.java:1144)","logger":"task.stdout"}
{"timestamp":"2026-03-10T00:33:08.233410Z","level":"info","event":"\tat java.base/java.util.concurrent.ThreadPoolExecutor$Worker.run(ThreadPoolExecutor.java:642)","logger":"task.stdout"}
{"timestamp":"2026-03-10T00:33:08.233426Z","level":"info","event":"\tat org.apache.spark.util.Utils$.getTryWithCallerStacktrace(Utils.scala:1453)","logger":"task.stdout"}
{"timestamp":"2026-03-10T00:33:08.233444Z","level":"info","event":"\tat org.apache.spark.util.LazyTry.get(LazyTry.scala:58)","logger":"task.stdout"}
{"timestamp":"2026-03-10T00:33:08.233460Z","level":"info","event":"\tat org.apache.spark.sql.execution.QueryExecution.commandExecuted(QueryExecution.scala:160)","logger":"task.stdout"}
{"timestamp":"2026-03-10T00:33:08.233476Z","level":"info","event":"\tat org.apache.spark.sql.execution.QueryExecution.assertCommandExecuted(QueryExecution.scala:239)","logger":"task.stdout"}
{"timestamp":"2026-03-10T00:33:08.233493Z","level":"info","event":"\tat org.apache.spark.sql.classic.DataFrameWriter.runCommand(DataFrameWriter.scala:592)","logger":"task.stdout"}
{"timestamp":"2026-03-10T00:33:08.233513Z","level":"info","event":"\tat org.apache.spark.sql.classic.DataFrameWriter.save(DataFrameWriter.scala:115)","logger":"task.stdout"}
{"timestamp":"2026-03-10T00:33:08.233529Z","level":"info","event":"\tat org.apache.spark.sql.DataFrameWriter.parquet(DataFrameWriter.scala:369)","logger":"task.stdout"}
{"timestamp":"2026-03-10T00:33:08.233551Z","level":"info","event":"\tat java.base/jdk.internal.reflect.DirectMethodHandleAccessor.invoke(DirectMethodHandleAccessor.java:103)","logger":"task.stdout"}
{"timestamp":"2026-03-10T00:33:08.233568Z","level":"info","event":"\tat java.base/java.lang.reflect.Method.invoke(Method.java:580)","logger":"task.stdout"}
{"timestamp":"2026-03-10T00:33:08.233584Z","level":"info","event":"\tat py4j.reflection.MethodInvoker.invoke(MethodInvoker.java:244)","logger":"task.stdout"}
{"timestamp":"2026-03-10T00:33:08.233600Z","level":"info","event":"\tat py4j.reflection.ReflectionEngine.invoke(ReflectionEngine.java:374)","logger":"task.stdout"}
{"timestamp":"2026-03-10T00:33:08.233616Z","level":"info","event":"\tat py4j.Gateway.invoke(Gateway.java:282)","logger":"task.stdout"}
{"timestamp":"2026-03-10T00:33:08.233633Z","level":"info","event":"\tat py4j.commands.AbstractCommand.invokeMethod(AbstractCommand.java:132)","logger":"task.stdout"}
{"timestamp":"2026-03-10T00:33:08.233648Z","level":"info","event":"\tat py4j.commands.CallCommand.execute(CallCommand.java:79)","logger":"task.stdout"}
{"timestamp":"2026-03-10T00:33:08.233664Z","level":"info","event":"\tat py4j.ClientServerConnection.waitForCommands(ClientServerConnection.java:184)","logger":"task.stdout"}
{"timestamp":"2026-03-10T00:33:08.233679Z","level":"info","event":"\tat py4j.ClientServerConnection.run(ClientServerConnection.java:108)","logger":"task.stdout"}
{"timestamp":"2026-03-10T00:33:08.233695Z","level":"info","event":"\tat java.base/java.lang.Thread.run(Thread.java:1570)","logger":"task.stdout"}
{"timestamp":"2026-03-10T00:33:08.233711Z","level":"info","event":"\tSuppressed: org.apache.spark.util.Utils$OriginalTryStackTraceException: Full stacktrace of original doTryWithCallerStacktrace caller","logger":"task.stdout"}
{"timestamp":"2026-03-10T00:33:08.233727Z","level":"info","event":"\t\tat org.apache.hadoop.fs.RawLocalFileSystem.listStatus(RawLocalFileSystem.java:798)","logger":"task.stdout"}
{"timestamp":"2026-03-10T00:33:08.233743Z","level":"info","event":"\t\tat org.apache.hadoop.fs.FileSystem.listStatus(FileSystem.java:2078)","logger":"task.stdout"}
{"timestamp":"2026-03-10T00:33:08.233759Z","level":"info","event":"\t\tat org.apache.hadoop.fs.FileSystem.listStatus(FileSystem.java:2122)","logger":"task.stdout"}
{"timestamp":"2026-03-10T00:33:08.233775Z","level":"info","event":"\t\tat org.apache.hadoop.fs.ChecksumFileSystem.listStatus(ChecksumFileSystem.java:1020)","logger":"task.stdout"}
{"timestamp":"2026-03-10T00:33:08.233790Z","level":"info","event":"\t\tat org.apache.hadoop.fs.FileSystem.listStatus(FileSystem.java:2078)","logger":"task.stdout"}
{"timestamp":"2026-03-10T00:33:08.233805Z","level":"info","event":"\t\tat org.apache.hadoop.fs.FileSystem.listStatus(FileSystem.java:2122)","logger":"task.stdout"}
{"timestamp":"2026-03-10T00:33:08.233821Z","level":"info","event":"\t\tat org.apache.hadoop.mapreduce.lib.output.FileOutputCommitter.getAllCommittedTaskPaths(FileOutputCommitter.java:334)","logger":"task.stdout"}
{"timestamp":"2026-03-10T00:33:08.233837Z","level":"info","event":"\t\tat org.apache.hadoop.mapreduce.lib.output.FileOutputCommitter.commitJobInternal(FileOutputCommitter.java:404)","logger":"task.stdout"}
{"timestamp":"2026-03-10T00:33:08.233853Z","level":"info","event":"\t\tat org.apache.hadoop.mapreduce.lib.output.FileOutputCommitter.commitJob(FileOutputCommitter.java:377)","logger":"task.stdout"}
{"timestamp":"2026-03-10T00:33:08.233868Z","level":"info","event":"\t\tat org.apache.parquet.hadoop.ParquetOutputCommitter.commitJob(ParquetOutputCommitter.java:46)","logger":"task.stdout"}
{"timestamp":"2026-03-10T00:33:08.233884Z","level":"info","event":"\t\tat org.apache.spark.internal.io.HadoopMapReduceCommitProtocol.commitJob(HadoopMapReduceCommitProtocol.scala:184)","logger":"task.stdout"}
{"timestamp":"2026-03-10T00:33:08.233899Z","level":"info","event":"\t\tat org.apache.spark.sql.execution.datasources.FileFormatWriter$.$anonfun$writeAndCommit$3(FileFormatWriter.scala:275)","logger":"task.stdout"}
{"timestamp":"2026-03-10T00:33:08.233919Z","level":"info","event":"\t\tat scala.runtime.java8.JFunction0$mcV$sp.apply(JFunction0$mcV$sp.scala:18)","logger":"task.stdout"}
{"timestamp":"2026-03-10T00:33:08.233935Z","level":"info","event":"\t\tat org.apache.spark.util.Utils$.timeTakenMs(Utils.scala:496)","logger":"task.stdout"}
{"timestamp":"2026-03-10T00:33:08.233950Z","level":"info","event":"\t\tat org.apache.spark.sql.execution.datasources.FileFormatWriter$.writeAndCommit(FileFormatWriter.scala:275)","logger":"task.stdout"}
{"timestamp":"2026-03-10T00:33:08.233966Z","level":"info","event":"\t\tat org.apache.spark.sql.execution.datasources.FileFormatWriter$.executeWrite(FileFormatWriter.scala:306)","logger":"task.stdout"}
{"timestamp":"2026-03-10T00:33:08.233981Z","level":"info","event":"\t\tat org.apache.spark.sql.execution.datasources.FileFormatWriter$.write(FileFormatWriter.scala:189)","logger":"task.stdout"}
{"timestamp":"2026-03-10T00:33:08.233997Z","level":"info","event":"\t\tat org.apache.spark.sql.execution.datasources.InsertIntoHadoopFsRelationCommand.run(InsertIntoHadoopFsRelationCommand.scala:195)","logger":"task.stdout"}
{"timestamp":"2026-03-10T00:33:08.234012Z","level":"info","event":"\t\tat org.apache.spark.sql.execution.command.DataWritingCommandExec.sideEffectResult$lzycompute(commands.scala:117)","logger":"task.stdout"}
{"timestamp":"2026-03-10T00:33:08.234027Z","level":"info","event":"\t\tat org.apache.spark.sql.execution.command.DataWritingCommandExec.sideEffectResult(commands.scala:115)","logger":"task.stdout"}
{"timestamp":"2026-03-10T00:33:08.234194Z","level":"info","event":"\t\tat org.apache.spark.sql.execution.command.DataWritingCommandExec.executeCollect(commands.scala:129)","logger":"task.stdout"}
{"timestamp":"2026-03-10T00:33:08.234216Z","level":"info","event":"\t\tat org.apache.spark.sql.execution.adaptive.AdaptiveSparkPlanExec.$anonfun$executeCollect$1(AdaptiveSparkPlanExec.scala:396)","logger":"task.stdout"}
{"timestamp":"2026-03-10T00:33:08.234237Z","level":"info","event":"\t\tat org.apache.spark.sql.execution.adaptive.ResultQueryStageExec.$anonfun$doMaterialize$1(QueryStageExec.scala:328)","logger":"task.stdout"}
{"timestamp":"2026-03-10T00:33:08.234252Z","level":"info","event":"\t\tat org.apache.spark.sql.execution.SQLExecution$.$anonfun$withThreadLocalCaptured$4(SQLExecution.scala:335)","logger":"task.stdout"}
{"timestamp":"2026-03-10T00:33:08.234268Z","level":"info","event":"\t\tat org.apache.spark.sql.execution.SQLExecution$.withSessionTagsApplied(SQLExecution.scala:285)","logger":"task.stdout"}
{"timestamp":"2026-03-10T00:33:08.234284Z","level":"info","event":"\t\tat org.apache.spark.sql.execution.SQLExecution$.$anonfun$withThreadLocalCaptured$3(SQLExecution.scala:333)","logger":"task.stdout"}
{"timestamp":"2026-03-10T00:33:08.234300Z","level":"info","event":"\t\tat org.apache.spark.JobArtifactSet$.withActiveJobArtifactState(JobArtifactSet.scala:94)","logger":"task.stdout"}
{"timestamp":"2026-03-10T00:33:08.234315Z","level":"info","event":"\t\tat org.apache.spark.sql.execution.SQLExecution$.$anonfun$withThreadLocalCaptured$2(SQLExecution.scala:329)","logger":"task.stdout"}
{"timestamp":"2026-03-10T00:33:08.234331Z","level":"info","event":"\t\tat java.base/java.util.concurrent.CompletableFuture$AsyncSupply.run(CompletableFuture.java:1768)","logger":"task.stdout"}
{"timestamp":"2026-03-10T00:33:08.234346Z","level":"info","event":"\t\tat java.base/java.util.concurrent.ThreadPoolExecutor.runWorker(ThreadPoolExecutor.java:1144)","logger":"task.stdout"}
{"timestamp":"2026-03-10T00:33:08.234361Z","level":"info","event":"\t\tat java.base/java.util.concurrent.ThreadPoolExecutor$Worker.run(ThreadPoolExecutor.java:642)","logger":"task.stdout"}
{"timestamp":"2026-03-10T00:33:08.234377Z","level":"info","event":"\t\t... 1 more","logger":"task.stdout"}
{"timestamp":"2026-03-10T00:33:08.234393Z","level":"info","event":"","logger":"task.stdout"}
{"timestamp":"2026-03-10T00:33:08.234410Z","level":"info","event":"","logger":"task.stdout"}
