{"timestamp":"2026-03-10T00:54:52.757789Z","level":"info","event":"DAG bundles loaded: dags-folder, example_dags","logger":"airflow.dag_processing.bundles.manager.DagBundlesManager","filename":"manager.py","lineno":179}
{"timestamp":"2026-03-10T00:54:52.758030Z","level":"info","event":"Filling up the DagBag from /Users/sujithsuji/uber-trip-pipeline/airflow/dags/trip_pipeline_dag.py","logger":"airflow.models.dagbag.BundleDagBag","filename":"dagbag.py","lineno":593}
{"timestamp":"2026-03-10T00:54:52.761341Z","level":"warning","event":"The `airflow.operators.python.PythonOperator` attribute is deprecated. Please use `'airflow.providers.standard.operators.python.PythonOperator'`.","category":"DeprecatedImportWarning","filename":"/Users/sujithsuji/uber-trip-pipeline/airflow/dags/trip_pipeline_dag.py","lineno":2,"logger":"py.warnings"}
{"timestamp":"2026-03-10T00:54:52.761394Z","level":"warning","event":"The `airflow.operators.bash.BashOperator` attribute is deprecated. Please use `'airflow.providers.standard.operators.bash.BashOperator'`.","category":"DeprecatedImportWarning","filename":"/Users/sujithsuji/uber-trip-pipeline/airflow/dags/trip_pipeline_dag.py","lineno":3,"logger":"py.warnings"}
{"timestamp":"2026-03-10T00:54:52.776120Z","level":"info","event":"Task instance is in running state","logger":"task.stdout"}
{"timestamp":"2026-03-10T00:54:52.776188Z","level":"info","event":" Previous state of the Task instance: TaskInstanceState.QUEUED","logger":"task.stdout"}
{"timestamp":"2026-03-10T00:54:52.776567Z","level":"info","event":"Current task name:dbt_run","logger":"task.stdout"}
{"timestamp":"2026-03-10T00:54:52.776597Z","level":"info","event":"Dag name:uber_trip_pipeline","logger":"task.stdout"}
{"timestamp":"2026-03-10T00:54:52.777071Z","level":"info","event":"Tmp dir root location: /var/folders/f6/7ll0qx9x4m3_qd296xhbqjd40000gn/T","logger":"airflow.task.hooks.airflow.providers.standard.hooks.subprocess.SubprocessHook","filename":"subprocess.py","lineno":78}
{"timestamp":"2026-03-10T00:54:52.777576Z","level":"info","event":"Running command: ['/bin/bash', '-c', 'cd /Users/sujithsuji/uber-trip-pipeline/dbt_project && /Users/sujithsuji/uber-trip-pipeline/venv311/bin/dbt run']","logger":"airflow.task.hooks.airflow.providers.standard.hooks.subprocess.SubprocessHook","filename":"subprocess.py","lineno":80}
{"timestamp":"2026-03-10T00:54:52.785411Z","level":"info","event":"Output:","logger":"airflow.task.hooks.airflow.providers.standard.hooks.subprocess.SubprocessHook","filename":"subprocess.py","lineno":92}
{"timestamp":"2026-03-10T00:54:53.801288Z","level":"info","event":"\u001b[0m00:54:53  Running with dbt=1.11.7","logger":"airflow.task.hooks.airflow.providers.standard.hooks.subprocess.SubprocessHook","filename":"subprocess.py","lineno":99}
{"timestamp":"2026-03-10T00:54:54.104158Z","level":"info","event":"\u001b[0m00:54:54  Registered adapter: postgres=1.10.0","logger":"airflow.task.hooks.airflow.providers.standard.hooks.subprocess.SubprocessHook","filename":"subprocess.py","lineno":99}
{"timestamp":"2026-03-10T00:54:54.240951Z","level":"info","event":"\u001b[0m00:54:54  [\u001b[33mWARNING\u001b[0m]: Configuration paths exist in your dbt_project.yml file which do not apply to any resources.","logger":"airflow.task.hooks.airflow.providers.standard.hooks.subprocess.SubprocessHook","filename":"subprocess.py","lineno":99}
{"timestamp":"2026-03-10T00:54:54.241035Z","level":"info","event":"There are 1 unused configuration paths:","logger":"airflow.task.hooks.airflow.providers.standard.hooks.subprocess.SubprocessHook","filename":"subprocess.py","lineno":99}
{"timestamp":"2026-03-10T00:54:54.241054Z","level":"info","event":"- models.dbt_project.intermediate","logger":"airflow.task.hooks.airflow.providers.standard.hooks.subprocess.SubprocessHook","filename":"subprocess.py","lineno":99}
{"timestamp":"2026-03-10T00:54:54.314291Z","level":"info","event":"\u001b[0m00:54:54  Found 7 models, 12 data tests, 464 macros","logger":"airflow.task.hooks.airflow.providers.standard.hooks.subprocess.SubprocessHook","filename":"subprocess.py","lineno":99}
{"timestamp":"2026-03-10T00:54:54.315552Z","level":"info","event":"\u001b[0m00:54:54","logger":"airflow.task.hooks.airflow.providers.standard.hooks.subprocess.SubprocessHook","filename":"subprocess.py","lineno":99}
{"timestamp":"2026-03-10T00:54:54.315707Z","level":"info","event":"\u001b[0m00:54:54  Concurrency: 4 threads (target='dev')","logger":"airflow.task.hooks.airflow.providers.standard.hooks.subprocess.SubprocessHook","filename":"subprocess.py","lineno":99}
{"timestamp":"2026-03-10T00:54:54.315833Z","level":"info","event":"\u001b[0m00:54:54","logger":"airflow.task.hooks.airflow.providers.standard.hooks.subprocess.SubprocessHook","filename":"subprocess.py","lineno":99}
{"timestamp":"2026-03-10T00:54:55.161854Z","level":"info","event":"\u001b[0m00:54:55  1 of 7 START sql view model analytics_staging.stg_customers .................... [RUN]","logger":"airflow.task.hooks.airflow.providers.standard.hooks.subprocess.SubprocessHook","filename":"subprocess.py","lineno":99}
{"timestamp":"2026-03-10T00:54:55.162498Z","level":"info","event":"\u001b[0m00:54:55  2 of 7 START sql view model analytics_staging.stg_drivers ...................... [RUN]","logger":"airflow.task.hooks.airflow.providers.standard.hooks.subprocess.SubprocessHook","filename":"subprocess.py","lineno":99}
{"timestamp":"2026-03-10T00:54:55.162532Z","level":"info","event":"\u001b[0m00:54:55  3 of 7 START sql view model analytics_staging.stg_trips ........................ [RUN]","logger":"airflow.task.hooks.airflow.providers.standard.hooks.subprocess.SubprocessHook","filename":"subprocess.py","lineno":99}
{"timestamp":"2026-03-10T00:54:55.474588Z","level":"info","event":"\u001b[0m00:54:55  3 of 7 OK created sql view model analytics_staging.stg_trips ................... [\u001b[32mCREATE VIEW\u001b[0m in 0.30s]","logger":"airflow.task.hooks.airflow.providers.standard.hooks.subprocess.SubprocessHook","filename":"subprocess.py","lineno":99}
{"timestamp":"2026-03-10T00:54:55.474989Z","level":"info","event":"\u001b[0m00:54:55  2 of 7 OK created sql view model analytics_staging.stg_drivers ................. [\u001b[32mCREATE VIEW\u001b[0m in 0.31s]","logger":"airflow.task.hooks.airflow.providers.standard.hooks.subprocess.SubprocessHook","filename":"subprocess.py","lineno":99}
{"timestamp":"2026-03-10T00:54:55.475459Z","level":"info","event":"\u001b[0m00:54:55  1 of 7 OK created sql view model analytics_staging.stg_customers ............... [\u001b[32mCREATE VIEW\u001b[0m in 0.31s]","logger":"airflow.task.hooks.airflow.providers.standard.hooks.subprocess.SubprocessHook","filename":"subprocess.py","lineno":99}
{"timestamp":"2026-03-10T00:54:55.477517Z","level":"info","event":"\u001b[0m00:54:55  4 of 7 START sql table model analytics_analytics.fct_trips ..................... [RUN]","logger":"airflow.task.hooks.airflow.providers.standard.hooks.subprocess.SubprocessHook","filename":"subprocess.py","lineno":99}
{"timestamp":"2026-03-10T00:54:55.824694Z","level":"info","event":"\u001b[0m00:54:55  4 of 7 OK created sql table model analytics_analytics.fct_trips ................ [\u001b[32mSELECT 10000\u001b[0m in 0.35s]","logger":"airflow.task.hooks.airflow.providers.standard.hooks.subprocess.SubprocessHook","filename":"subprocess.py","lineno":99}
{"timestamp":"2026-03-10T00:54:55.827107Z","level":"info","event":"\u001b[0m00:54:55  5 of 7 START sql table model analytics_analytics.agg_driver_performance ........ [RUN]","logger":"airflow.task.hooks.airflow.providers.standard.hooks.subprocess.SubprocessHook","filename":"subprocess.py","lineno":99}
{"timestamp":"2026-03-10T00:54:55.827906Z","level":"info","event":"\u001b[0m00:54:55  6 of 7 START sql table model analytics_analytics.agg_hourly_demand ............. [RUN]","logger":"airflow.task.hooks.airflow.providers.standard.hooks.subprocess.SubprocessHook","filename":"subprocess.py","lineno":99}
{"timestamp":"2026-03-10T00:54:55.828745Z","level":"info","event":"\u001b[0m00:54:55  7 of 7 START sql table model analytics_analytics.agg_zone_revenue .............. [RUN]","logger":"airflow.task.hooks.airflow.providers.standard.hooks.subprocess.SubprocessHook","filename":"subprocess.py","lineno":99}
{"timestamp":"2026-03-10T00:54:56.230105Z","level":"info","event":"\u001b[0m00:54:56  7 of 7 OK created sql table model analytics_analytics.agg_zone_revenue ......... [\u001b[32mSELECT 8\u001b[0m in 0.40s]","logger":"airflow.task.hooks.airflow.providers.standard.hooks.subprocess.SubprocessHook","filename":"subprocess.py","lineno":99}
{"timestamp":"2026-03-10T00:54:56.232314Z","level":"info","event":"\u001b[0m00:54:56  6 of 7 OK created sql table model analytics_analytics.agg_hourly_demand ........ [\u001b[32mSELECT 24\u001b[0m in 0.40s]","logger":"airflow.task.hooks.airflow.providers.standard.hooks.subprocess.SubprocessHook","filename":"subprocess.py","lineno":99}
{"timestamp":"2026-03-10T00:54:56.234703Z","level":"info","event":"\u001b[0m00:54:56  5 of 7 OK created sql table model analytics_analytics.agg_driver_performance ... [\u001b[32mSELECT 200\u001b[0m in 0.41s]","logger":"airflow.task.hooks.airflow.providers.standard.hooks.subprocess.SubprocessHook","filename":"subprocess.py","lineno":99}
{"timestamp":"2026-03-10T00:54:56.401542Z","level":"info","event":"\u001b[0m00:54:56","logger":"airflow.task.hooks.airflow.providers.standard.hooks.subprocess.SubprocessHook","filename":"subprocess.py","lineno":99}
{"timestamp":"2026-03-10T00:54:56.402845Z","level":"info","event":"\u001b[0m00:54:56  Finished running 4 table models, 3 view models in 0 hours 0 minutes and 2.08 seconds (2.08s).","logger":"airflow.task.hooks.airflow.providers.standard.hooks.subprocess.SubprocessHook","filename":"subprocess.py","lineno":99}
{"timestamp":"2026-03-10T00:54:56.463165Z","level":"info","event":"\u001b[0m00:54:56","logger":"airflow.task.hooks.airflow.providers.standard.hooks.subprocess.SubprocessHook","filename":"subprocess.py","lineno":99}
{"timestamp":"2026-03-10T00:54:56.463416Z","level":"info","event":"\u001b[0m00:54:56  \u001b[32mCompleted successfully\u001b[0m","logger":"airflow.task.hooks.airflow.providers.standard.hooks.subprocess.SubprocessHook","filename":"subprocess.py","lineno":99}
{"timestamp":"2026-03-10T00:54:56.463623Z","level":"info","event":"\u001b[0m00:54:56","logger":"airflow.task.hooks.airflow.providers.standard.hooks.subprocess.SubprocessHook","filename":"subprocess.py","lineno":99}
{"timestamp":"2026-03-10T00:54:56.463889Z","level":"info","event":"\u001b[0m00:54:56  Done. PASS=7 WARN=0 ERROR=0 SKIP=0 NO-OP=0 TOTAL=7","logger":"airflow.task.hooks.airflow.providers.standard.hooks.subprocess.SubprocessHook","filename":"subprocess.py","lineno":99}
{"timestamp":"2026-03-10T00:54:56.944748Z","level":"info","event":"Command exited with return code 0","logger":"airflow.task.hooks.airflow.providers.standard.hooks.subprocess.SubprocessHook","filename":"subprocess.py","lineno":103}
{"timestamp":"2026-03-10T00:54:56.946320Z","level":"info","event":"Pushing xcom","ti":"RuntimeTaskInstance(id=UUID('019cd52f-38aa-748c-9504-3940364c7474'), task_id='dbt_run', dag_id='uber_trip_pipeline', run_id='manual__2026-03-10T00:27:27.466961+00:00', try_number=1, dag_version_id=UUID('019cd50e-bfd1-7767-8d8d-4c5efd53a219'), map_index=-1, hostname='sujiths-laptop.local', context_carrier={}, task=<Task(BashOperator): dbt_run>, bundle_instance=LocalDagBundle(name=dags-folder), max_tries=1, start_date=datetime.datetime(2026, 3, 10, 0, 54, 52, 254731, tzinfo=datetime.timezone.utc), end_date=None, state=<TaskInstanceState.RUNNING: 'running'>, is_mapped=False, rendered_map_index=None)","logger":"task","filename":"task_runner.py","lineno":1522}
{"timestamp":"2026-03-10T00:54:56.978720Z","level":"info","event":"Task instance in success state","logger":"task.stdout"}
{"timestamp":"2026-03-10T00:54:56.978826Z","level":"info","event":" Previous state of the Task instance: TaskInstanceState.RUNNING","logger":"task.stdout"}
{"timestamp":"2026-03-10T00:54:56.979928Z","level":"info","event":"Task operator:<Task(BashOperator): dbt_run>","logger":"task.stdout"}
