{"timestamp":"2026-03-10T00:37:06.542180Z","level":"info","event":"DAG bundles loaded: dags-folder, example_dags","logger":"airflow.dag_processing.bundles.manager.DagBundlesManager","filename":"manager.py","lineno":179}
{"timestamp":"2026-03-10T00:37:06.542472Z","level":"info","event":"Filling up the DagBag from /Users/sujithsuji/uber-trip-pipeline/airflow/dags/trip_pipeline_dag.py","logger":"airflow.models.dagbag.BundleDagBag","filename":"dagbag.py","lineno":593}
{"timestamp":"2026-03-10T00:37:06.546701Z","level":"warning","event":"The `airflow.operators.python.PythonOperator` attribute is deprecated. Please use `'airflow.providers.standard.operators.python.PythonOperator'`.","category":"DeprecatedImportWarning","filename":"/Users/sujithsuji/uber-trip-pipeline/airflow/dags/trip_pipeline_dag.py","lineno":2,"logger":"py.warnings"}
{"timestamp":"2026-03-10T00:37:06.546748Z","level":"warning","event":"The `airflow.operators.bash.BashOperator` attribute is deprecated. Please use `'airflow.providers.standard.operators.bash.BashOperator'`.","category":"DeprecatedImportWarning","filename":"/Users/sujithsuji/uber-trip-pipeline/airflow/dags/trip_pipeline_dag.py","lineno":3,"logger":"py.warnings"}
{"timestamp":"2026-03-10T00:37:06.570966Z","level":"info","event":"Task instance is in running state","logger":"task.stdout"}
{"timestamp":"2026-03-10T00:37:06.571036Z","level":"info","event":" Previous state of the Task instance: TaskInstanceState.QUEUED","logger":"task.stdout"}
{"timestamp":"2026-03-10T00:37:06.572037Z","level":"info","event":"Current task name:generate_trip_data","logger":"task.stdout"}
{"timestamp":"2026-03-10T00:37:06.572084Z","level":"info","event":"Dag name:uber_trip_pipeline","logger":"task.stdout"}
{"timestamp":"2026-03-10T00:37:07.231394Z","level":"info","event":"Generating trip data...","logger":"task.stdout"}
{"timestamp":"2026-03-10T00:37:07.231538Z","level":"info","event":"✅ Generated 200 drivers","logger":"task.stdout"}
{"timestamp":"2026-03-10T00:37:07.231569Z","level":"info","event":"✅ Generated 500 customers","logger":"task.stdout"}
{"timestamp":"2026-03-10T00:37:07.231592Z","level":"info","event":"✅ Generated 10000 trips","logger":"task.stdout"}
{"timestamp":"2026-03-10T00:37:07.231613Z","level":"info","event":"","logger":"task.stdout"}
{"timestamp":"2026-03-10T00:37:07.231634Z","level":"info","event":"📊 Data Summary:","logger":"task.stdout"}
{"timestamp":"2026-03-10T00:37:07.231656Z","level":"info","event":"   Total Trips:     10000","logger":"task.stdout"}
{"timestamp":"2026-03-10T00:37:07.231675Z","level":"info","event":"   Completed Trips: 7484","logger":"task.stdout"}
{"timestamp":"2026-03-10T00:37:07.231693Z","level":"info","event":"   Cancelled Trips: 2516","logger":"task.stdout"}
{"timestamp":"2026-03-10T00:37:07.231721Z","level":"info","event":"   Total Revenue:   $362,746.09","logger":"task.stdout"}
{"timestamp":"2026-03-10T00:37:07.231739Z","level":"info","event":"   Avg Fare:        $41.14","logger":"task.stdout"}
{"timestamp":"2026-03-10T00:37:07.231758Z","level":"info","event":"","logger":"task.stdout"}
{"timestamp":"2026-03-10T00:37:07.231777Z","level":"info","event":"✅ Clean data saved to data/raw/","logger":"task.stdout"}
{"timestamp":"2026-03-10T00:37:07.231795Z","level":"info","event":"","logger":"task.stdout"}
{"timestamp":"2026-03-10T00:37:07.231999Z","level":"info","event":"Done. Returned value was: None","logger":"airflow.task.operators.airflow.providers.standard.operators.python.PythonOperator","filename":"python.py","lineno":230}
{"timestamp":"2026-03-10T00:37:07.239093Z","level":"info","event":"Task instance in success state","logger":"task.stdout"}
{"timestamp":"2026-03-10T00:37:07.239164Z","level":"info","event":" Previous state of the Task instance: TaskInstanceState.RUNNING","logger":"task.stdout"}
{"timestamp":"2026-03-10T00:37:07.239638Z","level":"info","event":"Task operator:<Task(PythonOperator): generate_trip_data>","logger":"task.stdout"}
