{"timestamp":"2026-03-10T00:53:43.422922Z","level":"info","event":"DAG bundles loaded: dags-folder, example_dags","logger":"airflow.dag_processing.bundles.manager.DagBundlesManager","filename":"manager.py","lineno":179}
{"timestamp":"2026-03-10T00:53:43.423186Z","level":"info","event":"Filling up the DagBag from /Users/sujithsuji/uber-trip-pipeline/airflow/dags/trip_pipeline_dag.py","logger":"airflow.models.dagbag.BundleDagBag","filename":"dagbag.py","lineno":593}
{"timestamp":"2026-03-10T00:53:43.427567Z","level":"warning","event":"The `airflow.operators.python.PythonOperator` attribute is deprecated. Please use `'airflow.providers.standard.operators.python.PythonOperator'`.","category":"DeprecatedImportWarning","filename":"/Users/sujithsuji/uber-trip-pipeline/airflow/dags/trip_pipeline_dag.py","lineno":2,"logger":"py.warnings"}
{"timestamp":"2026-03-10T00:53:43.427620Z","level":"warning","event":"The `airflow.operators.bash.BashOperator` attribute is deprecated. Please use `'airflow.providers.standard.operators.bash.BashOperator'`.","category":"DeprecatedImportWarning","filename":"/Users/sujithsuji/uber-trip-pipeline/airflow/dags/trip_pipeline_dag.py","lineno":3,"logger":"py.warnings"}
{"timestamp":"2026-03-10T00:53:43.441093Z","level":"info","event":"Task instance is in running state","logger":"task.stdout"}
{"timestamp":"2026-03-10T00:53:43.441149Z","level":"info","event":" Previous state of the Task instance: TaskInstanceState.QUEUED","logger":"task.stdout"}
{"timestamp":"2026-03-10T00:53:43.441396Z","level":"info","event":"Current task name:load_postgres","logger":"task.stdout"}
{"timestamp":"2026-03-10T00:53:43.441422Z","level":"info","event":"Dag name:uber_trip_pipeline","logger":"task.stdout"}
{"timestamp":"2026-03-10T00:53:44.596108Z","level":"info","event":"🚀 Loading data into PostgreSQL RDS...","logger":"task.stdout"}
{"timestamp":"2026-03-10T00:53:44.596323Z","level":"info","event":"","logger":"task.stdout"}
{"timestamp":"2026-03-10T00:53:44.596357Z","level":"info","event":"📂 Loading trips...","logger":"task.stdout"}
{"timestamp":"2026-03-10T00:53:44.596393Z","level":"info","event":"","logger":"task.stdout"}
{"timestamp":"2026-03-10T00:53:44.596351Z","level":"error","event":"Task failed with exception","logger":"task","filename":"task_runner.py","lineno":1142,"error_detail":[{"exc_type":"Exception","exc_value":"Traceback (most recent call last):\n  File \"/Users/sujithsuji/uber-trip-pipeline/venv311/lib/python3.11/site-packages/sqlalchemy/engine/base.py\", line 1967, in _exec_single_context\n    self.dialect.do_execute(\n  File \"/Users/sujithsuji/uber-trip-pipeline/venv311/lib/python3.11/site-packages/sqlalchemy/engine/default.py\", line 952, in do_execute\n    cursor.execute(statement, parameters)\npsycopg2.errors.DependentObjectsStillExist: cannot drop table raw_trips because other objects depend on it\nDETAIL:  view analytics_staging.stg_trips depends on table raw_trips\nHINT:  Use DROP ... CASCADE to drop the dependent objects too.\n\n\nThe above exception was the direct cause of the following exception:\n\nTraceback (most recent call last):\n  File \"/Users/sujithsuji/uber-trip-pipeline/ingestion/load_to_postgres.py\", line 12, in <module>\n    df_trips.to_sql(\"raw_trips\", engine, schema=\"public\", if_exists=\"replace\", index=False)\n  File \"/Users/sujithsuji/uber-trip-pipeline/venv311/lib/python3.11/site-packages/pandas/core/generic.py\", line 3052, in to_sql\n    return sql.to_sql(\n           ^^^^^^^^^^^\n  File \"/Users/sujithsuji/uber-trip-pipeline/venv311/lib/python3.11/site-packages/pandas/io/sql.py\", line 841, in to_sql\n    return pandas_sql.to_sql(\n           ^^^^^^^^^^^^^^^^^^\n  File \"/Users/sujithsuji/uber-trip-pipeline/venv311/lib/python3.11/site-packages/pandas/io/sql.py\", line 2027, in to_sql\n    table = self.prep_table(\n            ^^^^^^^^^^^^^^^^\n  File \"/Users/sujithsuji/uber-trip-pipeline/venv311/lib/python3.11/site-packages/pandas/io/sql.py\", line 1932, in prep_table\n    table.create()\n  File \"/Users/sujithsuji/uber-trip-pipeline/venv311/lib/python3.11/site-packages/pandas/io/sql.py\", line 990, in create\n    self.pd_sql.drop_table(self.name, self.schema)\n  File \"/Users/sujithsuji/uber-trip-pipeline/venv311/lib/python3.11/site-packages/pandas/io/sql.py\", line 2082, in drop_table\n    self.get_table(table_name, schema).drop(bind=self.con)\n  File \"/Users/sujithsuji/uber-trip-pipeline/venv311/lib/python3.11/site-packages/sqlalchemy/sql/schema.py\", line 1300, in drop\n    bind._run_ddl_visitor(ddl.SchemaDropper, self, checkfirst=checkfirst)\n  File \"/Users/sujithsuji/uber-trip-pipeline/venv311/lib/python3.11/site-packages/sqlalchemy/engine/base.py\", line 2467, in _run_ddl_visitor\n    ).traverse_single(element)\n      ^^^^^^^^^^^^^^^^^^^^^^^^\n  File \"/Users/sujithsuji/uber-trip-pipeline/venv311/lib/python3.11/site-packages/sqlalchemy/sql/visitors.py\", line 661, in traverse_single\n    return meth(obj, **kw)\n           ^^^^^^^^^^^^^^^\n  File \"/Users/sujithsuji/uber-trip-pipeline/venv311/lib/python3.11/site-packages/sqlalchemy/sql/ddl.py\", line 1209, in visit_table\n    DropTable(table)._invoke_with(self.connection)\n  File \"/Users/sujithsuji/uber-trip-pipeline/venv311/lib/python3.11/site-packages/sqlalchemy/sql/ddl.py\", line 321, in _invoke_with\n    return bind.execute(self)\n           ^^^^^^^^^^^^^^^^^^\n  File \"/Users/sujithsuji/uber-trip-pipeline/venv311/lib/python3.11/site-packages/sqlalchemy/engine/base.py\", line 1419, in execute\n    return meth(\n           ^^^^^\n  File \"/Users/sujithsuji/uber-trip-pipeline/venv311/lib/python3.11/site-packages/sqlalchemy/sql/ddl.py\", line 187, in _execute_on_connection\n    return connection._execute_ddl(\n           ^^^^^^^^^^^^^^^^^^^^^^^^\n  File \"/Users/sujithsuji/uber-trip-pipeline/venv311/lib/python3.11/site-packages/sqlalchemy/engine/base.py\", line 1530, in _execute_ddl\n    ret = self._execute_context(\n          ^^^^^^^^^^^^^^^^^^^^^^\n  File \"/Users/sujithsuji/uber-trip-pipeline/venv311/lib/python3.11/site-packages/sqlalchemy/engine/base.py\", line 1846, in _execute_context\n    return self._exec_single_context(\n           ^^^^^^^^^^^^^^^^^^^^^^^^^^\n  File \"/Users/sujithsuji/uber-trip-pipeline/venv311/lib/python3.11/site-packages/sqlalchemy/engine/base.py\", line 1986, in _exec_single_context\n    self._handle_dbapi_exception(\n  File \"/Users/sujithsuji/uber-trip-pipeline/venv311/lib/python3.11/site-packages/sqlalchemy/engine/base.py\", line 2363, in _handle_dbapi_exception\n    raise sqlalchemy_exception.with_traceback(exc_info[2]) from e\n  File \"/Users/sujithsuji/uber-trip-pipeline/venv311/lib/python3.11/site-packages/sqlalchemy/engine/base.py\", line 1967, in _exec_single_context\n    self.dialect.do_execute(\n  File \"/Users/sujithsuji/uber-trip-pipeline/venv311/lib/python3.11/site-packages/sqlalchemy/engine/default.py\", line 952, in do_execute\n    cursor.execute(statement, parameters)\nsqlalchemy.exc.InternalError: (psycopg2.errors.DependentObjectsStillExist) cannot drop table raw_trips because other objects depend on it\nDETAIL:  view analytics_staging.stg_trips depends on table raw_trips\nHINT:  Use DROP ... CASCADE to drop the dependent objects too.\n\n[SQL: \nDROP TABLE public.raw_trips]\n(Background on this error at: https://sqlalche.me/e/20/2j85)\n","exc_notes":[],"syntax_error":null,"is_cause":false,"frames":[{"filename":"/Users/sujithsuji/uber-trip-pipeline/venv311/lib/python3.11/site-packages/airflow/sdk/execution_time/task_runner.py","lineno":1068,"name":"run"},{"filename":"/Users/sujithsuji/uber-trip-pipeline/venv311/lib/python3.11/site-packages/airflow/sdk/execution_time/task_runner.py","lineno":1477,"name":"_execute_task"},{"filename":"/Users/sujithsuji/uber-trip-pipeline/venv311/lib/python3.11/site-packages/airflow/sdk/bases/operator.py","lineno":417,"name":"wrapper"},{"filename":"/Users/sujithsuji/uber-trip-pipeline/venv311/lib/python3.11/site-packages/airflow/providers/standard/operators/python.py","lineno":228,"name":"execute"},{"filename":"/Users/sujithsuji/uber-trip-pipeline/venv311/lib/python3.11/site-packages/airflow/providers/standard/operators/python.py","lineno":251,"name":"execute_callable"},{"filename":"/Users/sujithsuji/uber-trip-pipeline/venv311/lib/python3.11/site-packages/airflow/sdk/execution_time/callback_runner.py","lineno":82,"name":"run"},{"filename":"/Users/sujithsuji/uber-trip-pipeline/airflow/dags/trip_pipeline_dag.py","lineno":60,"name":"load_postgres"}],"is_group":false,"exceptions":[]}]}
{"timestamp":"2026-03-10T00:53:44.597225Z","level":"info","event":"Task instance in failure state","logger":"task.stdout"}
{"timestamp":"2026-03-10T00:53:44.597829Z","level":"info","event":"Task start","logger":"task.stdout"}
{"timestamp":"2026-03-10T00:53:44.597855Z","level":"info","event":"Task:<Task(PythonOperator): load_postgres>","logger":"task.stdout"}
{"timestamp":"2026-03-10T00:53:44.597880Z","level":"info","event":"Failure caused by Traceback (most recent call last):","logger":"task.stdout"}
{"timestamp":"2026-03-10T00:53:44.597899Z","level":"info","event":"  File \"/Users/sujithsuji/uber-trip-pipeline/venv311/lib/python3.11/site-packages/sqlalchemy/engine/base.py\", line 1967, in _exec_single_context","logger":"task.stdout"}
{"timestamp":"2026-03-10T00:53:44.597918Z","level":"info","event":"    self.dialect.do_execute(","logger":"task.stdout"}
{"timestamp":"2026-03-10T00:53:44.597936Z","level":"info","event":"  File \"/Users/sujithsuji/uber-trip-pipeline/venv311/lib/python3.11/site-packages/sqlalchemy/engine/default.py\", line 952, in do_execute","logger":"task.stdout"}
{"timestamp":"2026-03-10T00:53:44.597954Z","level":"info","event":"    cursor.execute(statement, parameters)","logger":"task.stdout"}
{"timestamp":"2026-03-10T00:53:44.597972Z","level":"info","event":"psycopg2.errors.DependentObjectsStillExist: cannot drop table raw_trips because other objects depend on it","logger":"task.stdout"}
{"timestamp":"2026-03-10T00:53:44.597995Z","level":"info","event":"DETAIL:  view analytics_staging.stg_trips depends on table raw_trips","logger":"task.stdout"}
{"timestamp":"2026-03-10T00:53:44.598014Z","level":"info","event":"HINT:  Use DROP ... CASCADE to drop the dependent objects too.","logger":"task.stdout"}
{"timestamp":"2026-03-10T00:53:44.598032Z","level":"info","event":"","logger":"task.stdout"}
{"timestamp":"2026-03-10T00:53:44.598050Z","level":"info","event":"","logger":"task.stdout"}
{"timestamp":"2026-03-10T00:53:44.598067Z","level":"info","event":"The above exception was the direct cause of the following exception:","logger":"task.stdout"}
{"timestamp":"2026-03-10T00:53:44.598084Z","level":"info","event":"","logger":"task.stdout"}
{"timestamp":"2026-03-10T00:53:44.598101Z","level":"info","event":"Traceback (most recent call last):","logger":"task.stdout"}
{"timestamp":"2026-03-10T00:53:44.598118Z","level":"info","event":"  File \"/Users/sujithsuji/uber-trip-pipeline/ingestion/load_to_postgres.py\", line 12, in <module>","logger":"task.stdout"}
{"timestamp":"2026-03-10T00:53:44.598136Z","level":"info","event":"    df_trips.to_sql(\"raw_trips\", engine, schema=\"public\", if_exists=\"replace\", index=False)","logger":"task.stdout"}
{"timestamp":"2026-03-10T00:53:44.598153Z","level":"info","event":"  File \"/Users/sujithsuji/uber-trip-pipeline/venv311/lib/python3.11/site-packages/pandas/core/generic.py\", line 3052, in to_sql","logger":"task.stdout"}
{"timestamp":"2026-03-10T00:53:44.598174Z","level":"info","event":"    return sql.to_sql(","logger":"task.stdout"}
{"timestamp":"2026-03-10T00:53:44.598196Z","level":"info","event":"           ^^^^^^^^^^^","logger":"task.stdout"}
{"timestamp":"2026-03-10T00:53:44.598214Z","level":"info","event":"  File \"/Users/sujithsuji/uber-trip-pipeline/venv311/lib/python3.11/site-packages/pandas/io/sql.py\", line 841, in to_sql","logger":"task.stdout"}
{"timestamp":"2026-03-10T00:53:44.598231Z","level":"info","event":"    return pandas_sql.to_sql(","logger":"task.stdout"}
{"timestamp":"2026-03-10T00:53:44.598248Z","level":"info","event":"           ^^^^^^^^^^^^^^^^^^","logger":"task.stdout"}
{"timestamp":"2026-03-10T00:53:44.598264Z","level":"info","event":"  File \"/Users/sujithsuji/uber-trip-pipeline/venv311/lib/python3.11/site-packages/pandas/io/sql.py\", line 2027, in to_sql","logger":"task.stdout"}
{"timestamp":"2026-03-10T00:53:44.598286Z","level":"info","event":"    table = self.prep_table(","logger":"task.stdout"}
{"timestamp":"2026-03-10T00:53:44.598303Z","level":"info","event":"            ^^^^^^^^^^^^^^^^","logger":"task.stdout"}
{"timestamp":"2026-03-10T00:53:44.598319Z","level":"info","event":"  File \"/Users/sujithsuji/uber-trip-pipeline/venv311/lib/python3.11/site-packages/pandas/io/sql.py\", line 1932, in prep_table","logger":"task.stdout"}
{"timestamp":"2026-03-10T00:53:44.598336Z","level":"info","event":"    table.create()","logger":"task.stdout"}
{"timestamp":"2026-03-10T00:53:44.598353Z","level":"info","event":"  File \"/Users/sujithsuji/uber-trip-pipeline/venv311/lib/python3.11/site-packages/pandas/io/sql.py\", line 990, in create","logger":"task.stdout"}
{"timestamp":"2026-03-10T00:53:44.598370Z","level":"info","event":"    self.pd_sql.drop_table(self.name, self.schema)","logger":"task.stdout"}
{"timestamp":"2026-03-10T00:53:44.598389Z","level":"info","event":"  File \"/Users/sujithsuji/uber-trip-pipeline/venv311/lib/python3.11/site-packages/pandas/io/sql.py\", line 2082, in drop_table","logger":"task.stdout"}
{"timestamp":"2026-03-10T00:53:44.598405Z","level":"info","event":"    self.get_table(table_name, schema).drop(bind=self.con)","logger":"task.stdout"}
{"timestamp":"2026-03-10T00:53:44.598421Z","level":"info","event":"  File \"/Users/sujithsuji/uber-trip-pipeline/venv311/lib/python3.11/site-packages/sqlalchemy/sql/schema.py\", line 1300, in drop","logger":"task.stdout"}
{"timestamp":"2026-03-10T00:53:44.598438Z","level":"info","event":"    bind._run_ddl_visitor(ddl.SchemaDropper, self, checkfirst=checkfirst)","logger":"task.stdout"}
{"timestamp":"2026-03-10T00:53:44.598454Z","level":"info","event":"  File \"/Users/sujithsuji/uber-trip-pipeline/venv311/lib/python3.11/site-packages/sqlalchemy/engine/base.py\", line 2467, in _run_ddl_visitor","logger":"task.stdout"}
{"timestamp":"2026-03-10T00:53:44.598471Z","level":"info","event":"    ).traverse_single(element)","logger":"task.stdout"}
{"timestamp":"2026-03-10T00:53:44.598488Z","level":"info","event":"      ^^^^^^^^^^^^^^^^^^^^^^^^","logger":"task.stdout"}
{"timestamp":"2026-03-10T00:53:44.598504Z","level":"info","event":"  File \"/Users/sujithsuji/uber-trip-pipeline/venv311/lib/python3.11/site-packages/sqlalchemy/sql/visitors.py\", line 661, in traverse_single","logger":"task.stdout"}
{"timestamp":"2026-03-10T00:53:44.598521Z","level":"info","event":"    return meth(obj, **kw)","logger":"task.stdout"}
{"timestamp":"2026-03-10T00:53:44.598537Z","level":"info","event":"           ^^^^^^^^^^^^^^^","logger":"task.stdout"}
{"timestamp":"2026-03-10T00:53:44.598553Z","level":"info","event":"  File \"/Users/sujithsuji/uber-trip-pipeline/venv311/lib/python3.11/site-packages/sqlalchemy/sql/ddl.py\", line 1209, in visit_table","logger":"task.stdout"}
{"timestamp":"2026-03-10T00:53:44.598575Z","level":"info","event":"    DropTable(table)._invoke_with(self.connection)","logger":"task.stdout"}
{"timestamp":"2026-03-10T00:53:44.598591Z","level":"info","event":"  File \"/Users/sujithsuji/uber-trip-pipeline/venv311/lib/python3.11/site-packages/sqlalchemy/sql/ddl.py\", line 321, in _invoke_with","logger":"task.stdout"}
{"timestamp":"2026-03-10T00:53:44.598607Z","level":"info","event":"    return bind.execute(self)","logger":"task.stdout"}
{"timestamp":"2026-03-10T00:53:44.598622Z","level":"info","event":"           ^^^^^^^^^^^^^^^^^^","logger":"task.stdout"}
{"timestamp":"2026-03-10T00:53:44.598638Z","level":"info","event":"  File \"/Users/sujithsuji/uber-trip-pipeline/venv311/lib/python3.11/site-packages/sqlalchemy/engine/base.py\", line 1419, in execute","logger":"task.stdout"}
{"timestamp":"2026-03-10T00:53:44.598654Z","level":"info","event":"    return meth(","logger":"task.stdout"}
{"timestamp":"2026-03-10T00:53:44.598670Z","level":"info","event":"           ^^^^^","logger":"task.stdout"}
{"timestamp":"2026-03-10T00:53:44.598686Z","level":"info","event":"  File \"/Users/sujithsuji/uber-trip-pipeline/venv311/lib/python3.11/site-packages/sqlalchemy/sql/ddl.py\", line 187, in _execute_on_connection","logger":"task.stdout"}
{"timestamp":"2026-03-10T00:53:44.598708Z","level":"info","event":"    return connection._execute_ddl(","logger":"task.stdout"}
{"timestamp":"2026-03-10T00:53:44.598725Z","level":"info","event":"           ^^^^^^^^^^^^^^^^^^^^^^^^","logger":"task.stdout"}
{"timestamp":"2026-03-10T00:53:44.598741Z","level":"info","event":"  File \"/Users/sujithsuji/uber-trip-pipeline/venv311/lib/python3.11/site-packages/sqlalchemy/engine/base.py\", line 1530, in _execute_ddl","logger":"task.stdout"}
{"timestamp":"2026-03-10T00:53:44.598757Z","level":"info","event":"    ret = self._execute_context(","logger":"task.stdout"}
{"timestamp":"2026-03-10T00:53:44.598773Z","level":"info","event":"          ^^^^^^^^^^^^^^^^^^^^^^","logger":"task.stdout"}
{"timestamp":"2026-03-10T00:53:44.598789Z","level":"info","event":"  File \"/Users/sujithsuji/uber-trip-pipeline/venv311/lib/python3.11/site-packages/sqlalchemy/engine/base.py\", line 1846, in _execute_context","logger":"task.stdout"}
{"timestamp":"2026-03-10T00:53:44.598805Z","level":"info","event":"    return self._exec_single_context(","logger":"task.stdout"}
{"timestamp":"2026-03-10T00:53:44.598821Z","level":"info","event":"           ^^^^^^^^^^^^^^^^^^^^^^^^^^","logger":"task.stdout"}
{"timestamp":"2026-03-10T00:53:44.598837Z","level":"info","event":"  File \"/Users/sujithsuji/uber-trip-pipeline/venv311/lib/python3.11/site-packages/sqlalchemy/engine/base.py\", line 1986, in _exec_single_context","logger":"task.stdout"}
{"timestamp":"2026-03-10T00:53:44.598854Z","level":"info","event":"    self._handle_dbapi_exception(","logger":"task.stdout"}
{"timestamp":"2026-03-10T00:53:44.601529Z","level":"info","event":"  File \"/Users/sujithsuji/uber-trip-pipeline/venv311/lib/python3.11/site-packages/sqlalchemy/engine/base.py\", line 2363, in _handle_dbapi_exception","logger":"task.stdout"}
{"timestamp":"2026-03-10T00:53:44.601556Z","level":"info","event":"    raise sqlalchemy_exception.with_traceback(exc_info[2]) from e","logger":"task.stdout"}
{"timestamp":"2026-03-10T00:53:44.601572Z","level":"info","event":"  File \"/Users/sujithsuji/uber-trip-pipeline/venv311/lib/python3.11/site-packages/sqlalchemy/engine/base.py\", line 1967, in _exec_single_context","logger":"task.stdout"}
{"timestamp":"2026-03-10T00:53:44.601588Z","level":"info","event":"    self.dialect.do_execute(","logger":"task.stdout"}
{"timestamp":"2026-03-10T00:53:44.601604Z","level":"info","event":"  File \"/Users/sujithsuji/uber-trip-pipeline/venv311/lib/python3.11/site-packages/sqlalchemy/engine/default.py\", line 952, in do_execute","logger":"task.stdout"}
{"timestamp":"2026-03-10T00:53:44.601619Z","level":"info","event":"    cursor.execute(statement, parameters)","logger":"task.stdout"}
{"timestamp":"2026-03-10T00:53:44.601635Z","level":"info","event":"sqlalchemy.exc.InternalError: (psycopg2.errors.DependentObjectsStillExist) cannot drop table raw_trips because other objects depend on it","logger":"task.stdout"}
{"timestamp":"2026-03-10T00:53:44.601650Z","level":"info","event":"DETAIL:  view analytics_staging.stg_trips depends on table raw_trips","logger":"task.stdout"}
{"timestamp":"2026-03-10T00:53:44.601666Z","level":"info","event":"HINT:  Use DROP ... CASCADE to drop the dependent objects too.","logger":"task.stdout"}
{"timestamp":"2026-03-10T00:53:44.601681Z","level":"info","event":"","logger":"task.stdout"}
{"timestamp":"2026-03-10T00:53:44.601696Z","level":"info","event":"[SQL:","logger":"task.stdout"}
{"timestamp":"2026-03-10T00:53:44.601711Z","level":"info","event":"DROP TABLE public.raw_trips]","logger":"task.stdout"}
{"timestamp":"2026-03-10T00:53:44.601726Z","level":"info","event":"(Background on this error at: https://sqlalche.me/e/20/2j85)","logger":"task.stdout"}
{"timestamp":"2026-03-10T00:53:44.601742Z","level":"info","event":"","logger":"task.stdout"}
