{"timestamp":"2026-03-10T00:48:40.580573Z","level":"info","event":"DAG bundles loaded: dags-folder, example_dags","logger":"airflow.dag_processing.bundles.manager.DagBundlesManager","filename":"manager.py","lineno":179}
{"timestamp":"2026-03-10T00:48:40.580797Z","level":"info","event":"Filling up the DagBag from /Users/sujithsuji/uber-trip-pipeline/airflow/dags/trip_pipeline_dag.py","logger":"airflow.models.dagbag.BundleDagBag","filename":"dagbag.py","lineno":593}
{"timestamp":"2026-03-10T00:48:40.584305Z","level":"warning","event":"The `airflow.operators.python.PythonOperator` attribute is deprecated. Please use `'airflow.providers.standard.operators.python.PythonOperator'`.","category":"DeprecatedImportWarning","filename":"/Users/sujithsuji/uber-trip-pipeline/airflow/dags/trip_pipeline_dag.py","lineno":2,"logger":"py.warnings"}
{"timestamp":"2026-03-10T00:48:40.584352Z","level":"warning","event":"The `airflow.operators.bash.BashOperator` attribute is deprecated. Please use `'airflow.providers.standard.operators.bash.BashOperator'`.","category":"DeprecatedImportWarning","filename":"/Users/sujithsuji/uber-trip-pipeline/airflow/dags/trip_pipeline_dag.py","lineno":3,"logger":"py.warnings"}
{"timestamp":"2026-03-10T00:48:40.595007Z","level":"info","event":"Task instance is in running state","logger":"task.stdout"}
{"timestamp":"2026-03-10T00:48:40.595084Z","level":"info","event":" Previous state of the Task instance: TaskInstanceState.QUEUED","logger":"task.stdout"}
{"timestamp":"2026-03-10T00:48:40.595521Z","level":"info","event":"Current task name:load_postgres","logger":"task.stdout"}
{"timestamp":"2026-03-10T00:48:40.595564Z","level":"info","event":"Dag name:uber_trip_pipeline","logger":"task.stdout"}
{"timestamp":"2026-03-10T00:48:42.117648Z","level":"info","event":"🚀 Loading data into PostgreSQL RDS...","logger":"task.stdout"}
{"timestamp":"2026-03-10T00:48:42.118046Z","level":"info","event":"","logger":"task.stdout"}
{"timestamp":"2026-03-10T00:48:42.118091Z","level":"info","event":"📂 Loading trips...","logger":"task.stdout"}
{"timestamp":"2026-03-10T00:48:42.118114Z","level":"info","event":"","logger":"task.stdout"}
{"timestamp":"2026-03-10T00:48:42.117824Z","level":"error","event":"Task failed with exception","logger":"task","filename":"task_runner.py","lineno":1142,"error_detail":[{"exc_type":"Exception","exc_value":"Traceback (most recent call last):\n  File \"/Users/sujithsuji/uber-trip-pipeline/venv311/lib/python3.11/site-packages/sqlalchemy/engine/base.py\", line 1967, in _exec_single_context\n    self.dialect.do_execute(\n  File \"/Users/sujithsuji/uber-trip-pipeline/venv311/lib/python3.11/site-packages/sqlalchemy/engine/default.py\", line 952, in do_execute\n    cursor.execute(statement, parameters)\npsycopg2.errors.DependentObjectsStillExist: cannot drop table raw_trips because other objects depend on it\nDETAIL:  view analytics_staging.stg_trips depends on table raw_trips\nHINT:  Use DROP ... CASCADE to drop the dependent objects too.\n\n\nThe above exception was the direct cause of the following exception:\n\nTraceback (most recent call last):\n  File \"/Users/sujithsuji/uber-trip-pipeline/ingestion/load_to_postgres.py\", line 12, in <module>\n    df_trips.to_sql(\"raw_trips\", engine, schema=\"public\", if_exists=\"replace\", index=False)\n  File \"/Users/sujithsuji/uber-trip-pipeline/venv311/lib/python3.11/site-packages/pandas/core/generic.py\", line 3052, in to_sql\n    return sql.to_sql(\n           ^^^^^^^^^^^\n  File \"/Users/sujithsuji/uber-trip-pipeline/venv311/lib/python3.11/site-packages/pandas/io/sql.py\", line 841, in to_sql\n    return pandas_sql.to_sql(\n           ^^^^^^^^^^^^^^^^^^\n  File \"/Users/sujithsuji/uber-trip-pipeline/venv311/lib/python3.11/site-packages/pandas/io/sql.py\", line 2027, in to_sql\n    table = self.prep_table(\n            ^^^^^^^^^^^^^^^^\n  File \"/Users/sujithsuji/uber-trip-pipeline/venv311/lib/python3.11/site-packages/pandas/io/sql.py\", line 1932, in prep_table\n    table.create()\n  File \"/Users/sujithsuji/uber-trip-pipeline/venv311/lib/python3.11/site-packages/pandas/io/sql.py\", line 990, in create\n    self.pd_sql.drop_table(self.name, self.schema)\n  File \"/Users/sujithsuji/uber-trip-pipeline/venv311/lib/python3.11/site-packages/pandas/io/sql.py\", line 2082, in drop_table\n    self.get_table(table_name, schema).drop(bind=self.con)\n  File \"/Users/sujithsuji/uber-trip-pipeline/venv311/lib/python3.11/site-packages/sqlalchemy/sql/schema.py\", line 1300, in drop\n    bind._run_ddl_visitor(ddl.SchemaDropper, self, checkfirst=checkfirst)\n  File \"/Users/sujithsuji/uber-trip-pipeline/venv311/lib/python3.11/site-packages/sqlalchemy/engine/base.py\", line 2467, in _run_ddl_visitor\n    ).traverse_single(element)\n      ^^^^^^^^^^^^^^^^^^^^^^^^\n  File \"/Users/sujithsuji/uber-trip-pipeline/venv311/lib/python3.11/site-packages/sqlalchemy/sql/visitors.py\", line 661, in traverse_single\n    return meth(obj, **kw)\n           ^^^^^^^^^^^^^^^\n  File \"/Users/sujithsuji/uber-trip-pipeline/venv311/lib/python3.11/site-packages/sqlalchemy/sql/ddl.py\", line 1209, in visit_table\n    DropTable(table)._invoke_with(self.connection)\n  File \"/Users/sujithsuji/uber-trip-pipeline/venv311/lib/python3.11/site-packages/sqlalchemy/sql/ddl.py\", line 321, in _invoke_with\n    return bind.execute(self)\n           ^^^^^^^^^^^^^^^^^^\n  File \"/Users/sujithsuji/uber-trip-pipeline/venv311/lib/python3.11/site-packages/sqlalchemy/engine/base.py\", line 1419, in execute\n    return meth(\n           ^^^^^\n  File \"/Users/sujithsuji/uber-trip-pipeline/venv311/lib/python3.11/site-packages/sqlalchemy/sql/ddl.py\", line 187, in _execute_on_connection\n    return connection._execute_ddl(\n           ^^^^^^^^^^^^^^^^^^^^^^^^\n  File \"/Users/sujithsuji/uber-trip-pipeline/venv311/lib/python3.11/site-packages/sqlalchemy/engine/base.py\", line 1530, in _execute_ddl\n    ret = self._execute_context(\n          ^^^^^^^^^^^^^^^^^^^^^^\n  File \"/Users/sujithsuji/uber-trip-pipeline/venv311/lib/python3.11/site-packages/sqlalchemy/engine/base.py\", line 1846, in _execute_context\n    return self._exec_single_context(\n           ^^^^^^^^^^^^^^^^^^^^^^^^^^\n  File \"/Users/sujithsuji/uber-trip-pipeline/venv311/lib/python3.11/site-packages/sqlalchemy/engine/base.py\", line 1986, in _exec_single_context\n    self._handle_dbapi_exception(\n  File \"/Users/sujithsuji/uber-trip-pipeline/venv311/lib/python3.11/site-packages/sqlalchemy/engine/base.py\", line 2363, in _handle_dbapi_exception\n    raise sqlalchemy_exception.with_traceback(exc_info[2]) from e\n  File \"/Users/sujithsuji/uber-trip-pipeline/venv311/lib/python3.11/site-packages/sqlalchemy/engine/base.py\", line 1967, in _exec_single_context\n    self.dialect.do_execute(\n  File \"/Users/sujithsuji/uber-trip-pipeline/venv311/lib/python3.11/site-packages/sqlalchemy/engine/default.py\", line 952, in do_execute\n    cursor.execute(statement, parameters)\nsqlalchemy.exc.InternalError: (psycopg2.errors.DependentObjectsStillExist) cannot drop table raw_trips because other objects depend on it\nDETAIL:  view analytics_staging.stg_trips depends on table raw_trips\nHINT:  Use DROP ... CASCADE to drop the dependent objects too.\n\n[SQL: \nDROP TABLE public.raw_trips]\n(Background on this error at: https://sqlalche.me/e/20/2j85)\n","exc_notes":[],"syntax_error":null,"is_cause":false,"frames":[{"filename":"/Users/sujithsuji/uber-trip-pipeline/venv311/lib/python3.11/site-packages/airflow/sdk/execution_time/task_runner.py","lineno":1068,"name":"run"},{"filename":"/Users/sujithsuji/uber-trip-pipeline/venv311/lib/python3.11/site-packages/airflow/sdk/execution_time/task_runner.py","lineno":1477,"name":"_execute_task"},{"filename":"/Users/sujithsuji/uber-trip-pipeline/venv311/lib/python3.11/site-packages/airflow/sdk/bases/operator.py","lineno":417,"name":"wrapper"},{"filename":"/Users/sujithsuji/uber-trip-pipeline/venv311/lib/python3.11/site-packages/airflow/providers/standard/operators/python.py","lineno":228,"name":"execute"},{"filename":"/Users/sujithsuji/uber-trip-pipeline/venv311/lib/python3.11/site-packages/airflow/providers/standard/operators/python.py","lineno":251,"name":"execute_callable"},{"filename":"/Users/sujithsuji/uber-trip-pipeline/venv311/lib/python3.11/site-packages/airflow/sdk/execution_time/callback_runner.py","lineno":82,"name":"run"},{"filename":"/Users/sujithsuji/uber-trip-pipeline/airflow/dags/trip_pipeline_dag.py","lineno":60,"name":"load_postgres"}],"is_group":false,"exceptions":[]}]}
{"timestamp":"2026-03-10T00:48:42.137456Z","level":"info","event":"Task instance in failure state","logger":"task.stdout"}
{"timestamp":"2026-03-10T00:48:42.138232Z","level":"info","event":"Task start","logger":"task.stdout"}
{"timestamp":"2026-03-10T00:48:42.138258Z","level":"info","event":"Task:<Task(PythonOperator): load_postgres>","logger":"task.stdout"}
{"timestamp":"2026-03-10T00:48:42.138303Z","level":"info","event":"Failure caused by Traceback (most recent call last):","logger":"task.stdout"}
{"timestamp":"2026-03-10T00:48:42.138323Z","level":"info","event":"  File \"/Users/sujithsuji/uber-trip-pipeline/venv311/lib/python3.11/site-packages/sqlalchemy/engine/base.py\", line 1967, in _exec_single_context","logger":"task.stdout"}
{"timestamp":"2026-03-10T00:48:42.138351Z","level":"info","event":"    self.dialect.do_execute(","logger":"task.stdout"}
{"timestamp":"2026-03-10T00:48:42.138375Z","level":"info","event":"  File \"/Users/sujithsuji/uber-trip-pipeline/venv311/lib/python3.11/site-packages/sqlalchemy/engine/default.py\", line 952, in do_execute","logger":"task.stdout"}
{"timestamp":"2026-03-10T00:48:42.138395Z","level":"info","event":"    cursor.execute(statement, parameters)","logger":"task.stdout"}
{"timestamp":"2026-03-10T00:48:42.138413Z","level":"info","event":"psycopg2.errors.DependentObjectsStillExist: cannot drop table raw_trips because other objects depend on it","logger":"task.stdout"}
{"timestamp":"2026-03-10T00:48:42.138437Z","level":"info","event":"DETAIL:  view analytics_staging.stg_trips depends on table raw_trips","logger":"task.stdout"}
{"timestamp":"2026-03-10T00:48:42.138454Z","level":"info","event":"HINT:  Use DROP ... CASCADE to drop the dependent objects too.","logger":"task.stdout"}
{"timestamp":"2026-03-10T00:48:42.138470Z","level":"info","event":"","logger":"task.stdout"}
{"timestamp":"2026-03-10T00:48:42.138486Z","level":"info","event":"","logger":"task.stdout"}
{"timestamp":"2026-03-10T00:48:42.138502Z","level":"info","event":"The above exception was the direct cause of the following exception:","logger":"task.stdout"}
{"timestamp":"2026-03-10T00:48:42.138518Z","level":"info","event":"","logger":"task.stdout"}
{"timestamp":"2026-03-10T00:48:42.138539Z","level":"info","event":"Traceback (most recent call last):","logger":"task.stdout"}
{"timestamp":"2026-03-10T00:48:42.138555Z","level":"info","event":"  File \"/Users/sujithsuji/uber-trip-pipeline/ingestion/load_to_postgres.py\", line 12, in <module>","logger":"task.stdout"}
{"timestamp":"2026-03-10T00:48:42.138571Z","level":"info","event":"    df_trips.to_sql(\"raw_trips\", engine, schema=\"public\", if_exists=\"replace\", index=False)","logger":"task.stdout"}
{"timestamp":"2026-03-10T00:48:42.138593Z","level":"info","event":"  File \"/Users/sujithsuji/uber-trip-pipeline/venv311/lib/python3.11/site-packages/pandas/core/generic.py\", line 3052, in to_sql","logger":"task.stdout"}
{"timestamp":"2026-03-10T00:48:42.138610Z","level":"info","event":"    return sql.to_sql(","logger":"task.stdout"}
{"timestamp":"2026-03-10T00:48:42.138626Z","level":"info","event":"           ^^^^^^^^^^^","logger":"task.stdout"}
{"timestamp":"2026-03-10T00:48:42.138642Z","level":"info","event":"  File \"/Users/sujithsuji/uber-trip-pipeline/venv311/lib/python3.11/site-packages/pandas/io/sql.py\", line 841, in to_sql","logger":"task.stdout"}
{"timestamp":"2026-03-10T00:48:42.138660Z","level":"info","event":"    return pandas_sql.to_sql(","logger":"task.stdout"}
{"timestamp":"2026-03-10T00:48:42.138677Z","level":"info","event":"           ^^^^^^^^^^^^^^^^^^","logger":"task.stdout"}
{"timestamp":"2026-03-10T00:48:42.138695Z","level":"info","event":"  File \"/Users/sujithsuji/uber-trip-pipeline/venv311/lib/python3.11/site-packages/pandas/io/sql.py\", line 2027, in to_sql","logger":"task.stdout"}
{"timestamp":"2026-03-10T00:48:42.138726Z","level":"info","event":"    table = self.prep_table(","logger":"task.stdout"}
{"timestamp":"2026-03-10T00:48:42.138742Z","level":"info","event":"            ^^^^^^^^^^^^^^^^","logger":"task.stdout"}
{"timestamp":"2026-03-10T00:48:42.138761Z","level":"info","event":"  File \"/Users/sujithsuji/uber-trip-pipeline/venv311/lib/python3.11/site-packages/pandas/io/sql.py\", line 1932, in prep_table","logger":"task.stdout"}
{"timestamp":"2026-03-10T00:48:42.138779Z","level":"info","event":"    table.create()","logger":"task.stdout"}
{"timestamp":"2026-03-10T00:48:42.138795Z","level":"info","event":"  File \"/Users/sujithsuji/uber-trip-pipeline/venv311/lib/python3.11/site-packages/pandas/io/sql.py\", line 990, in create","logger":"task.stdout"}
{"timestamp":"2026-03-10T00:48:42.138811Z","level":"info","event":"    self.pd_sql.drop_table(self.name, self.schema)","logger":"task.stdout"}
{"timestamp":"2026-03-10T00:48:42.138827Z","level":"info","event":"  File \"/Users/sujithsuji/uber-trip-pipeline/venv311/lib/python3.11/site-packages/pandas/io/sql.py\", line 2082, in drop_table","logger":"task.stdout"}
{"timestamp":"2026-03-10T00:48:42.138848Z","level":"info","event":"    self.get_table(table_name, schema).drop(bind=self.con)","logger":"task.stdout"}
{"timestamp":"2026-03-10T00:48:42.138864Z","level":"info","event":"  File \"/Users/sujithsuji/uber-trip-pipeline/venv311/lib/python3.11/site-packages/sqlalchemy/sql/schema.py\", line 1300, in drop","logger":"task.stdout"}
{"timestamp":"2026-03-10T00:48:42.138879Z","level":"info","event":"    bind._run_ddl_visitor(ddl.SchemaDropper, self, checkfirst=checkfirst)","logger":"task.stdout"}
{"timestamp":"2026-03-10T00:48:42.138896Z","level":"info","event":"  File \"/Users/sujithsuji/uber-trip-pipeline/venv311/lib/python3.11/site-packages/sqlalchemy/engine/base.py\", line 2467, in _run_ddl_visitor","logger":"task.stdout"}
{"timestamp":"2026-03-10T00:48:42.138919Z","level":"info","event":"    ).traverse_single(element)","logger":"task.stdout"}
{"timestamp":"2026-03-10T00:48:42.138935Z","level":"info","event":"      ^^^^^^^^^^^^^^^^^^^^^^^^","logger":"task.stdout"}
{"timestamp":"2026-03-10T00:48:42.138951Z","level":"info","event":"  File \"/Users/sujithsuji/uber-trip-pipeline/venv311/lib/python3.11/site-packages/sqlalchemy/sql/visitors.py\", line 661, in traverse_single","logger":"task.stdout"}
{"timestamp":"2026-03-10T00:48:42.138968Z","level":"info","event":"    return meth(obj, **kw)","logger":"task.stdout"}
{"timestamp":"2026-03-10T00:48:42.138984Z","level":"info","event":"           ^^^^^^^^^^^^^^^","logger":"task.stdout"}
{"timestamp":"2026-03-10T00:48:42.139000Z","level":"info","event":"  File \"/Users/sujithsuji/uber-trip-pipeline/venv311/lib/python3.11/site-packages/sqlalchemy/sql/ddl.py\", line 1209, in visit_table","logger":"task.stdout"}
{"timestamp":"2026-03-10T00:48:42.139016Z","level":"info","event":"    DropTable(table)._invoke_with(self.connection)","logger":"task.stdout"}
{"timestamp":"2026-03-10T00:48:42.139032Z","level":"info","event":"  File \"/Users/sujithsuji/uber-trip-pipeline/venv311/lib/python3.11/site-packages/sqlalchemy/sql/ddl.py\", line 321, in _invoke_with","logger":"task.stdout"}
{"timestamp":"2026-03-10T00:48:42.139048Z","level":"info","event":"    return bind.execute(self)","logger":"task.stdout"}
{"timestamp":"2026-03-10T00:48:42.139063Z","level":"info","event":"           ^^^^^^^^^^^^^^^^^^","logger":"task.stdout"}
{"timestamp":"2026-03-10T00:48:42.139078Z","level":"info","event":"  File \"/Users/sujithsuji/uber-trip-pipeline/venv311/lib/python3.11/site-packages/sqlalchemy/engine/base.py\", line 1419, in execute","logger":"task.stdout"}
{"timestamp":"2026-03-10T00:48:42.139100Z","level":"info","event":"    return meth(","logger":"task.stdout"}
{"timestamp":"2026-03-10T00:48:42.139116Z","level":"info","event":"           ^^^^^","logger":"task.stdout"}
{"timestamp":"2026-03-10T00:48:42.139132Z","level":"info","event":"  File \"/Users/sujithsuji/uber-trip-pipeline/venv311/lib/python3.11/site-packages/sqlalchemy/sql/ddl.py\", line 187, in _execute_on_connection","logger":"task.stdout"}
{"timestamp":"2026-03-10T00:48:42.139154Z","level":"info","event":"    return connection._execute_ddl(","logger":"task.stdout"}
{"timestamp":"2026-03-10T00:48:42.139170Z","level":"info","event":"           ^^^^^^^^^^^^^^^^^^^^^^^^","logger":"task.stdout"}
{"timestamp":"2026-03-10T00:48:42.139186Z","level":"info","event":"  File \"/Users/sujithsuji/uber-trip-pipeline/venv311/lib/python3.11/site-packages/sqlalchemy/engine/base.py\", line 1530, in _execute_ddl","logger":"task.stdout"}
{"timestamp":"2026-03-10T00:48:42.139202Z","level":"info","event":"    ret = self._execute_context(","logger":"task.stdout"}
{"timestamp":"2026-03-10T00:48:42.139218Z","level":"info","event":"          ^^^^^^^^^^^^^^^^^^^^^^","logger":"task.stdout"}
{"timestamp":"2026-03-10T00:48:42.139233Z","level":"info","event":"  File \"/Users/sujithsuji/uber-trip-pipeline/venv311/lib/python3.11/site-packages/sqlalchemy/engine/base.py\", line 1846, in _execute_context","logger":"task.stdout"}
{"timestamp":"2026-03-10T00:48:42.139248Z","level":"info","event":"    return self._exec_single_context(","logger":"task.stdout"}
{"timestamp":"2026-03-10T00:48:42.139269Z","level":"info","event":"           ^^^^^^^^^^^^^^^^^^^^^^^^^^","logger":"task.stdout"}
{"timestamp":"2026-03-10T00:48:42.139284Z","level":"info","event":"  File \"/Users/sujithsuji/uber-trip-pipeline/venv311/lib/python3.11/site-packages/sqlalchemy/engine/base.py\", line 1986, in _exec_single_context","logger":"task.stdout"}
{"timestamp":"2026-03-10T00:48:42.139300Z","level":"info","event":"    self._handle_dbapi_exception(","logger":"task.stdout"}
{"timestamp":"2026-03-10T00:48:42.139316Z","level":"info","event":"  File \"/Users/sujithsuji/uber-trip-pipeline/venv311/lib/python3.11/site-packages/sqlalchemy/engine/base.py\", line 2363, in _handle_dbapi_exception","logger":"task.stdout"}
{"timestamp":"2026-03-10T00:48:42.144510Z","level":"info","event":"    raise sqlalchemy_exception.with_traceback(exc_info[2]) from e","logger":"task.stdout"}
{"timestamp":"2026-03-10T00:48:42.144555Z","level":"info","event":"  File \"/Users/sujithsuji/uber-trip-pipeline/venv311/lib/python3.11/site-packages/sqlalchemy/engine/base.py\", line 1967, in _exec_single_context","logger":"task.stdout"}
{"timestamp":"2026-03-10T00:48:42.144577Z","level":"info","event":"    self.dialect.do_execute(","logger":"task.stdout"}
{"timestamp":"2026-03-10T00:48:42.144635Z","level":"info","event":"  File \"/Users/sujithsuji/uber-trip-pipeline/venv311/lib/python3.11/site-packages/sqlalchemy/engine/default.py\", line 952, in do_execute","logger":"task.stdout"}
{"timestamp":"2026-03-10T00:48:42.144652Z","level":"info","event":"    cursor.execute(statement, parameters)","logger":"task.stdout"}
{"timestamp":"2026-03-10T00:48:42.144669Z","level":"info","event":"sqlalchemy.exc.InternalError: (psycopg2.errors.DependentObjectsStillExist) cannot drop table raw_trips because other objects depend on it","logger":"task.stdout"}
{"timestamp":"2026-03-10T00:48:42.144685Z","level":"info","event":"DETAIL:  view analytics_staging.stg_trips depends on table raw_trips","logger":"task.stdout"}
{"timestamp":"2026-03-10T00:48:42.144701Z","level":"info","event":"HINT:  Use DROP ... CASCADE to drop the dependent objects too.","logger":"task.stdout"}
{"timestamp":"2026-03-10T00:48:42.144717Z","level":"info","event":"","logger":"task.stdout"}
{"timestamp":"2026-03-10T00:48:42.144733Z","level":"info","event":"[SQL:","logger":"task.stdout"}
{"timestamp":"2026-03-10T00:48:42.144749Z","level":"info","event":"DROP TABLE public.raw_trips]","logger":"task.stdout"}
{"timestamp":"2026-03-10T00:48:42.144765Z","level":"info","event":"(Background on this error at: https://sqlalche.me/e/20/2j85)","logger":"task.stdout"}
{"timestamp":"2026-03-10T00:48:42.144781Z","level":"info","event":"","logger":"task.stdout"}
