{"timestamp":"2026-03-10T00:50:11.510400Z","level":"info","event":"DAG bundles loaded: dags-folder, example_dags","logger":"airflow.dag_processing.bundles.manager.DagBundlesManager","filename":"manager.py","lineno":179}
{"timestamp":"2026-03-10T00:50:11.510800Z","level":"info","event":"Filling up the DagBag from /Users/sujithsuji/uber-trip-pipeline/airflow/dags/trip_pipeline_dag.py","logger":"airflow.models.dagbag.BundleDagBag","filename":"dagbag.py","lineno":593}
{"timestamp":"2026-03-10T00:50:11.516723Z","level":"warning","event":"The `airflow.operators.python.PythonOperator` attribute is deprecated. Please use `'airflow.providers.standard.operators.python.PythonOperator'`.","category":"DeprecatedImportWarning","filename":"/Users/sujithsuji/uber-trip-pipeline/airflow/dags/trip_pipeline_dag.py","lineno":2,"logger":"py.warnings"}
{"timestamp":"2026-03-10T00:50:11.516775Z","level":"warning","event":"The `airflow.operators.bash.BashOperator` attribute is deprecated. Please use `'airflow.providers.standard.operators.bash.BashOperator'`.","category":"DeprecatedImportWarning","filename":"/Users/sujithsuji/uber-trip-pipeline/airflow/dags/trip_pipeline_dag.py","lineno":3,"logger":"py.warnings"}
{"timestamp":"2026-03-10T00:50:11.532670Z","level":"info","event":"Task instance is in running state","logger":"task.stdout"}
{"timestamp":"2026-03-10T00:50:11.532722Z","level":"info","event":" Previous state of the Task instance: TaskInstanceState.QUEUED","logger":"task.stdout"}
{"timestamp":"2026-03-10T00:50:11.532969Z","level":"info","event":"Current task name:gold_transform","logger":"task.stdout"}
{"timestamp":"2026-03-10T00:50:11.532992Z","level":"info","event":"Dag name:uber_trip_pipeline","logger":"task.stdout"}
{"timestamp":"2026-03-10T00:50:12.000158Z","level":"info","event":"✅ Starting Gold Layer transformation (pandas)","logger":"task.stdout"}
{"timestamp":"2026-03-10T00:50:12.000263Z","level":"info","event":"","logger":"task.stdout"}
{"timestamp":"2026-03-10T00:50:12.000538Z","level":"error","event":"Task failed with exception","logger":"task","filename":"task_runner.py","lineno":1142,"error_detail":[{"exc_type":"Exception","exc_value":"Traceback (most recent call last):\n  File \"/Users/sujithsuji/uber-trip-pipeline/transformations/silver_to_gold.py\", line 8, in <module>\n    df = pd.read_parquet(\"data/processed/silver_trips/trips.parquet\")\n         ^^^^^^^^^^^^^^^^^^^^^^^^^^^^^^^^^^^^^^^^^^^^^^^^^^^^^^^^^^^^\n  File \"/Users/sujithsuji/uber-trip-pipeline/venv311/lib/python3.11/site-packages/pandas/io/parquet.py\", line 671, in read_parquet\n    return impl.read(\n           ^^^^^^^^^^\n  File \"/Users/sujithsuji/uber-trip-pipeline/venv311/lib/python3.11/site-packages/pandas/io/parquet.py\", line 260, in read\n    pa_table = self.api.parquet.read_table(\n               ^^^^^^^^^^^^^^^^^^^^^^^^^^^^\n  File \"/Users/sujithsuji/uber-trip-pipeline/venv311/lib/python3.11/site-packages/pyarrow/parquet/core.py\", line 1858, in read_table\n    dataset = ParquetDataset(\n              ^^^^^^^^^^^^^^^\n  File \"/Users/sujithsuji/uber-trip-pipeline/venv311/lib/python3.11/site-packages/pyarrow/parquet/core.py\", line 1427, in __init__\n    [fragment], schema=schema or fragment.physical_schema,\n                                 ^^^^^^^^^^^^^^^^^^^^^^^^\n  File \"pyarrow/_dataset.pyx\", line 1477, in pyarrow._dataset.Fragment.physical_schema.__get__\n  File \"pyarrow/error.pxi\", line 155, in pyarrow.lib.pyarrow_internal_check_status\n  File \"pyarrow/error.pxi\", line 92, in pyarrow.lib.check_status\npyarrow.lib.ArrowInvalid: Could not open Parquet input source '<Buffer>': Parquet magic bytes not found in footer. Either the file is corrupted or this is not a parquet file.\n","exc_notes":[],"syntax_error":null,"is_cause":false,"frames":[{"filename":"/Users/sujithsuji/uber-trip-pipeline/venv311/lib/python3.11/site-packages/airflow/sdk/execution_time/task_runner.py","lineno":1068,"name":"run"},{"filename":"/Users/sujithsuji/uber-trip-pipeline/venv311/lib/python3.11/site-packages/airflow/sdk/execution_time/task_runner.py","lineno":1477,"name":"_execute_task"},{"filename":"/Users/sujithsuji/uber-trip-pipeline/venv311/lib/python3.11/site-packages/airflow/sdk/bases/operator.py","lineno":417,"name":"wrapper"},{"filename":"/Users/sujithsuji/uber-trip-pipeline/venv311/lib/python3.11/site-packages/airflow/providers/standard/operators/python.py","lineno":228,"name":"execute"},{"filename":"/Users/sujithsuji/uber-trip-pipeline/venv311/lib/python3.11/site-packages/airflow/providers/standard/operators/python.py","lineno":251,"name":"execute_callable"},{"filename":"/Users/sujithsuji/uber-trip-pipeline/venv311/lib/python3.11/site-packages/airflow/sdk/execution_time/callback_runner.py","lineno":82,"name":"run"},{"filename":"/Users/sujithsuji/uber-trip-pipeline/airflow/dags/trip_pipeline_dag.py","lineno":52,"name":"run_gold"}],"is_group":false,"exceptions":[]}]}
{"timestamp":"2026-03-10T00:50:12.019370Z","level":"info","event":"Task instance in failure state","logger":"task.stdout"}
{"timestamp":"2026-03-10T00:50:12.020008Z","level":"info","event":"Task start","logger":"task.stdout"}
{"timestamp":"2026-03-10T00:50:12.020063Z","level":"info","event":"Task:<Task(PythonOperator): gold_transform>","logger":"task.stdout"}
{"timestamp":"2026-03-10T00:50:12.020084Z","level":"info","event":"Failure caused by Traceback (most recent call last):","logger":"task.stdout"}
{"timestamp":"2026-03-10T00:50:12.020103Z","level":"info","event":"  File \"/Users/sujithsuji/uber-trip-pipeline/transformations/silver_to_gold.py\", line 8, in <module>","logger":"task.stdout"}
{"timestamp":"2026-03-10T00:50:12.020122Z","level":"info","event":"    df = pd.read_parquet(\"data/processed/silver_trips/trips.parquet\")","logger":"task.stdout"}
{"timestamp":"2026-03-10T00:50:12.020140Z","level":"info","event":"         ^^^^^^^^^^^^^^^^^^^^^^^^^^^^^^^^^^^^^^^^^^^^^^^^^^^^^^^^^^^^","logger":"task.stdout"}
{"timestamp":"2026-03-10T00:50:12.020163Z","level":"info","event":"  File \"/Users/sujithsuji/uber-trip-pipeline/venv311/lib/python3.11/site-packages/pandas/io/parquet.py\", line 671, in read_parquet","logger":"task.stdout"}
{"timestamp":"2026-03-10T00:50:12.020188Z","level":"info","event":"    return impl.read(","logger":"task.stdout"}
{"timestamp":"2026-03-10T00:50:12.020205Z","level":"info","event":"           ^^^^^^^^^^","logger":"task.stdout"}
{"timestamp":"2026-03-10T00:50:12.020222Z","level":"info","event":"  File \"/Users/sujithsuji/uber-trip-pipeline/venv311/lib/python3.11/site-packages/pandas/io/parquet.py\", line 260, in read","logger":"task.stdout"}
{"timestamp":"2026-03-10T00:50:12.020246Z","level":"info","event":"    pa_table = self.api.parquet.read_table(","logger":"task.stdout"}
{"timestamp":"2026-03-10T00:50:12.020263Z","level":"info","event":"               ^^^^^^^^^^^^^^^^^^^^^^^^^^^^","logger":"task.stdout"}
{"timestamp":"2026-03-10T00:50:12.020280Z","level":"info","event":"  File \"/Users/sujithsuji/uber-trip-pipeline/venv311/lib/python3.11/site-packages/pyarrow/parquet/core.py\", line 1858, in read_table","logger":"task.stdout"}
{"timestamp":"2026-03-10T00:50:12.020304Z","level":"info","event":"    dataset = ParquetDataset(","logger":"task.stdout"}
{"timestamp":"2026-03-10T00:50:12.020321Z","level":"info","event":"              ^^^^^^^^^^^^^^^","logger":"task.stdout"}
{"timestamp":"2026-03-10T00:50:12.020338Z","level":"info","event":"  File \"/Users/sujithsuji/uber-trip-pipeline/venv311/lib/python3.11/site-packages/pyarrow/parquet/core.py\", line 1427, in __init__","logger":"task.stdout"}
{"timestamp":"2026-03-10T00:50:12.020355Z","level":"info","event":"    [fragment], schema=schema or fragment.physical_schema,","logger":"task.stdout"}
{"timestamp":"2026-03-10T00:50:12.020378Z","level":"info","event":"                                 ^^^^^^^^^^^^^^^^^^^^^^^^","logger":"task.stdout"}
{"timestamp":"2026-03-10T00:50:12.020395Z","level":"info","event":"  File \"pyarrow/_dataset.pyx\", line 1477, in pyarrow._dataset.Fragment.physical_schema.__get__","logger":"task.stdout"}
{"timestamp":"2026-03-10T00:50:12.020411Z","level":"info","event":"  File \"pyarrow/error.pxi\", line 155, in pyarrow.lib.pyarrow_internal_check_status","logger":"task.stdout"}
{"timestamp":"2026-03-10T00:50:12.020435Z","level":"info","event":"  File \"pyarrow/error.pxi\", line 92, in pyarrow.lib.check_status","logger":"task.stdout"}
{"timestamp":"2026-03-10T00:50:12.020452Z","level":"info","event":"pyarrow.lib.ArrowInvalid: Could not open Parquet input source '<Buffer>': Parquet magic bytes not found in footer. Either the file is corrupted or this is not a parquet file.","logger":"task.stdout"}
{"timestamp":"2026-03-10T00:50:12.020475Z","level":"info","event":"","logger":"task.stdout"}
