{"timestamp":"2026-03-10T00:55:23.854905Z","level":"info","event":"DAG bundles loaded: dags-folder, example_dags","logger":"airflow.dag_processing.bundles.manager.DagBundlesManager","filename":"manager.py","lineno":179}
{"timestamp":"2026-03-10T00:55:23.855150Z","level":"info","event":"Filling up the DagBag from /Users/sujithsuji/uber-trip-pipeline/airflow/dags/trip_pipeline_dag.py","logger":"airflow.models.dagbag.BundleDagBag","filename":"dagbag.py","lineno":593}
{"timestamp":"2026-03-10T00:55:23.858435Z","level":"warning","event":"The `airflow.operators.python.PythonOperator` attribute is deprecated. Please use `'airflow.providers.standard.operators.python.PythonOperator'`.","category":"DeprecatedImportWarning","filename":"/Users/sujithsuji/uber-trip-pipeline/airflow/dags/trip_pipeline_dag.py","lineno":2,"logger":"py.warnings"}
{"timestamp":"2026-03-10T00:55:23.858482Z","level":"warning","event":"The `airflow.operators.bash.BashOperator` attribute is deprecated. Please use `'airflow.providers.standard.operators.bash.BashOperator'`.","category":"DeprecatedImportWarning","filename":"/Users/sujithsuji/uber-trip-pipeline/airflow/dags/trip_pipeline_dag.py","lineno":3,"logger":"py.warnings"}
{"timestamp":"2026-03-10T00:55:23.869833Z","level":"info","event":"Task instance is in running state","logger":"task.stdout"}
{"timestamp":"2026-03-10T00:55:23.869880Z","level":"info","event":" Previous state of the Task instance: TaskInstanceState.QUEUED","logger":"task.stdout"}
{"timestamp":"2026-03-10T00:55:23.870136Z","level":"info","event":"Current task name:load_postgres","logger":"task.stdout"}
{"timestamp":"2026-03-10T00:55:23.870161Z","level":"info","event":"Dag name:uber_trip_pipeline","logger":"task.stdout"}
{"timestamp":"2026-03-10T00:55:24.908538Z","level":"info","event":"🚀 Loading data to PostgreSQL...","logger":"task.stdout"}
{"timestamp":"2026-03-10T00:55:24.908780Z","level":"info","event":"","logger":"task.stdout"}
{"timestamp":"2026-03-10T00:55:24.908783Z","level":"error","event":"Task failed with exception","logger":"task","filename":"task_runner.py","lineno":1142,"error_detail":[{"exc_type":"Exception","exc_value":"Traceback (most recent call last):\n  File \"/Users/sujithsuji/uber-trip-pipeline/venv311/lib/python3.11/site-packages/sqlalchemy/engine/base.py\", line 1967, in _exec_single_context\n    self.dialect.do_execute(\n  File \"/Users/sujithsuji/uber-trip-pipeline/venv311/lib/python3.11/site-packages/sqlalchemy/engine/default.py\", line 952, in do_execute\n    cursor.execute(statement, parameters)\npsycopg2.errors.UniqueViolation: duplicate key value violates unique constraint \"pg_type_typname_nsp_index\"\nDETAIL:  Key (typname, typnamespace)=(raw_trips, 2200) already exists.\n\n\nThe above exception was the direct cause of the following exception:\n\nTraceback (most recent call last):\n  File \"/Users/sujithsuji/uber-trip-pipeline/ingestion/load_to_postgres.py\", line 17, in <module>\n    load_table(df_trips, \"raw_trips\")\n  File \"/Users/sujithsuji/uber-trip-pipeline/ingestion/load_to_postgres.py\", line 11, in load_table\n    df.to_sql(table_name, engine, schema=\"public\", if_exists=\"replace\", index=False)\n  File \"/Users/sujithsuji/uber-trip-pipeline/venv311/lib/python3.11/site-packages/pandas/core/generic.py\", line 3052, in to_sql\n    return sql.to_sql(\n           ^^^^^^^^^^^\n  File \"/Users/sujithsuji/uber-trip-pipeline/venv311/lib/python3.11/site-packages/pandas/io/sql.py\", line 841, in to_sql\n    return pandas_sql.to_sql(\n           ^^^^^^^^^^^^^^^^^^\n  File \"/Users/sujithsuji/uber-trip-pipeline/venv311/lib/python3.11/site-packages/pandas/io/sql.py\", line 2027, in to_sql\n    table = self.prep_table(\n            ^^^^^^^^^^^^^^^^\n  File \"/Users/sujithsuji/uber-trip-pipeline/venv311/lib/python3.11/site-packages/pandas/io/sql.py\", line 1932, in prep_table\n    table.create()\n  File \"/Users/sujithsuji/uber-trip-pipeline/venv311/lib/python3.11/site-packages/pandas/io/sql.py\", line 999, in create\n    self._execute_create()\n  File \"/Users/sujithsuji/uber-trip-pipeline/venv311/lib/python3.11/site-packages/pandas/io/sql.py\", line 983, in _execute_create\n    self.table.create(bind=self.pd_sql.con)\n  File \"/Users/sujithsuji/uber-trip-pipeline/venv311/lib/python3.11/site-packages/sqlalchemy/sql/schema.py\", line 1288, in create\n    bind._run_ddl_visitor(ddl.SchemaGenerator, self, checkfirst=checkfirst)\n  File \"/Users/sujithsuji/uber-trip-pipeline/venv311/lib/python3.11/site-packages/sqlalchemy/engine/base.py\", line 2467, in _run_ddl_visitor\n    ).traverse_single(element)\n      ^^^^^^^^^^^^^^^^^^^^^^^^\n  File \"/Users/sujithsuji/uber-trip-pipeline/venv311/lib/python3.11/site-packages/sqlalchemy/sql/visitors.py\", line 661, in traverse_single\n    return meth(obj, **kw)\n           ^^^^^^^^^^^^^^^\n  File \"/Users/sujithsuji/uber-trip-pipeline/venv311/lib/python3.11/site-packages/sqlalchemy/sql/ddl.py\", line 1022, in visit_table\n    )._invoke_with(self.connection)\n      ^^^^^^^^^^^^^^^^^^^^^^^^^^^^^\n  File \"/Users/sujithsuji/uber-trip-pipeline/venv311/lib/python3.11/site-packages/sqlalchemy/sql/ddl.py\", line 321, in _invoke_with\n    return bind.execute(self)\n           ^^^^^^^^^^^^^^^^^^\n  File \"/Users/sujithsuji/uber-trip-pipeline/venv311/lib/python3.11/site-packages/sqlalchemy/engine/base.py\", line 1419, in execute\n    return meth(\n           ^^^^^\n  File \"/Users/sujithsuji/uber-trip-pipeline/venv311/lib/python3.11/site-packages/sqlalchemy/sql/ddl.py\", line 187, in _execute_on_connection\n    return connection._execute_ddl(\n           ^^^^^^^^^^^^^^^^^^^^^^^^\n  File \"/Users/sujithsuji/uber-trip-pipeline/venv311/lib/python3.11/site-packages/sqlalchemy/engine/base.py\", line 1530, in _execute_ddl\n    ret = self._execute_context(\n          ^^^^^^^^^^^^^^^^^^^^^^\n  File \"/Users/sujithsuji/uber-trip-pipeline/venv311/lib/python3.11/site-packages/sqlalchemy/engine/base.py\", line 1846, in _execute_context\n    return self._exec_single_context(\n           ^^^^^^^^^^^^^^^^^^^^^^^^^^\n  File \"/Users/sujithsuji/uber-trip-pipeline/venv311/lib/python3.11/site-packages/sqlalchemy/engine/base.py\", line 1986, in _exec_single_context\n    self._handle_dbapi_exception(\n  File \"/Users/sujithsuji/uber-trip-pipeline/venv311/lib/python3.11/site-packages/sqlalchemy/engine/base.py\", line 2363, in _handle_dbapi_exception\n    raise sqlalchemy_exception.with_traceback(exc_info[2]) from e\n  File \"/Users/sujithsuji/uber-trip-pipeline/venv311/lib/python3.11/site-packages/sqlalchemy/engine/base.py\", line 1967, in _exec_single_context\n    self.dialect.do_execute(\n  File \"/Users/sujithsuji/uber-trip-pipeline/venv311/lib/python3.11/site-packages/sqlalchemy/engine/default.py\", line 952, in do_execute\n    cursor.execute(statement, parameters)\nsqlalchemy.exc.IntegrityError: (psycopg2.errors.UniqueViolation) duplicate key value violates unique constraint \"pg_type_typname_nsp_index\"\nDETAIL:  Key (typname, typnamespace)=(raw_trips, 2200) already exists.\n\n[SQL: \nCREATE TABLE public.raw_trips (\n\ttrip_id TEXT, \n\tdriver_id TEXT, \n\tcustomer_id TEXT, \n\tvehicle_type TEXT, \n\tpickup_zone TEXT, \n\tdropoff_zone TEXT, \n\tpickup_time TEXT, \n\tdropoff_time TEXT, \n\ttrip_duration_minutes BIGINT, \n\tdistance_miles FLOAT(53), \n\tbase_fare FLOAT(53), \n\tsurge_multiplier FLOAT(53), \n\tfare_amount FLOAT(53), \n\ttip_amount FLOAT(53), \n\ttotal_amount FLOAT(53), \n\tpayment_type TEXT, \n\ttrip_status TEXT, \n\tcompleted_flag BIGINT, \n\tcancelled_flag BIGINT\n)\n\n]\n(Background on this error at: https://sqlalche.me/e/20/gkpj)\n","exc_notes":[],"syntax_error":null,"is_cause":false,"frames":[{"filename":"/Users/sujithsuji/uber-trip-pipeline/venv311/lib/python3.11/site-packages/airflow/sdk/execution_time/task_runner.py","lineno":1068,"name":"run"},{"filename":"/Users/sujithsuji/uber-trip-pipeline/venv311/lib/python3.11/site-packages/airflow/sdk/execution_time/task_runner.py","lineno":1477,"name":"_execute_task"},{"filename":"/Users/sujithsuji/uber-trip-pipeline/venv311/lib/python3.11/site-packages/airflow/sdk/bases/operator.py","lineno":417,"name":"wrapper"},{"filename":"/Users/sujithsuji/uber-trip-pipeline/venv311/lib/python3.11/site-packages/airflow/providers/standard/operators/python.py","lineno":228,"name":"execute"},{"filename":"/Users/sujithsuji/uber-trip-pipeline/venv311/lib/python3.11/site-packages/airflow/providers/standard/operators/python.py","lineno":251,"name":"execute_callable"},{"filename":"/Users/sujithsuji/uber-trip-pipeline/venv311/lib/python3.11/site-packages/airflow/sdk/execution_time/callback_runner.py","lineno":82,"name":"run"},{"filename":"/Users/sujithsuji/uber-trip-pipeline/airflow/dags/trip_pipeline_dag.py","lineno":60,"name":"load_postgres"}],"is_group":false,"exceptions":[]}]}
{"timestamp":"2026-03-10T00:55:24.919030Z","level":"info","event":"Task instance in failure state","logger":"task.stdout"}
{"timestamp":"2026-03-10T00:55:24.919650Z","level":"info","event":"Task start","logger":"task.stdout"}
{"timestamp":"2026-03-10T00:55:24.919680Z","level":"info","event":"Task:<Task(PythonOperator): load_postgres>","logger":"task.stdout"}
{"timestamp":"2026-03-10T00:55:24.919732Z","level":"info","event":"Failure caused by Traceback (most recent call last):","logger":"task.stdout"}
{"timestamp":"2026-03-10T00:55:24.919754Z","level":"info","event":"  File \"/Users/sujithsuji/uber-trip-pipeline/venv311/lib/python3.11/site-packages/sqlalchemy/engine/base.py\", line 1967, in _exec_single_context","logger":"task.stdout"}
{"timestamp":"2026-03-10T00:55:24.919775Z","level":"info","event":"    self.dialect.do_execute(","logger":"task.stdout"}
{"timestamp":"2026-03-10T00:55:24.919792Z","level":"info","event":"  File \"/Users/sujithsuji/uber-trip-pipeline/venv311/lib/python3.11/site-packages/sqlalchemy/engine/default.py\", line 952, in do_execute","logger":"task.stdout"}
{"timestamp":"2026-03-10T00:55:24.919811Z","level":"info","event":"    cursor.execute(statement, parameters)","logger":"task.stdout"}
{"timestamp":"2026-03-10T00:55:24.919828Z","level":"info","event":"psycopg2.errors.UniqueViolation: duplicate key value violates unique constraint \"pg_type_typname_nsp_index\"","logger":"task.stdout"}
{"timestamp":"2026-03-10T00:55:24.919853Z","level":"info","event":"DETAIL:  Key (typname, typnamespace)=(raw_trips, 2200) already exists.","logger":"task.stdout"}
{"timestamp":"2026-03-10T00:55:24.919871Z","level":"info","event":"","logger":"task.stdout"}
{"timestamp":"2026-03-10T00:55:24.919889Z","level":"info","event":"","logger":"task.stdout"}
{"timestamp":"2026-03-10T00:55:24.919905Z","level":"info","event":"The above exception was the direct cause of the following exception:","logger":"task.stdout"}
{"timestamp":"2026-03-10T00:55:24.919922Z","level":"info","event":"","logger":"task.stdout"}
{"timestamp":"2026-03-10T00:55:24.919938Z","level":"info","event":"Traceback (most recent call last):","logger":"task.stdout"}
{"timestamp":"2026-03-10T00:55:24.919954Z","level":"info","event":"  File \"/Users/sujithsuji/uber-trip-pipeline/ingestion/load_to_postgres.py\", line 17, in <module>","logger":"task.stdout"}
{"timestamp":"2026-03-10T00:55:24.919971Z","level":"info","event":"    load_table(df_trips, \"raw_trips\")","logger":"task.stdout"}
{"timestamp":"2026-03-10T00:55:24.919987Z","level":"info","event":"  File \"/Users/sujithsuji/uber-trip-pipeline/ingestion/load_to_postgres.py\", line 11, in load_table","logger":"task.stdout"}
{"timestamp":"2026-03-10T00:55:24.920003Z","level":"info","event":"    df.to_sql(table_name, engine, schema=\"public\", if_exists=\"replace\", index=False)","logger":"task.stdout"}
{"timestamp":"2026-03-10T00:55:24.920020Z","level":"info","event":"  File \"/Users/sujithsuji/uber-trip-pipeline/venv311/lib/python3.11/site-packages/pandas/core/generic.py\", line 3052, in to_sql","logger":"task.stdout"}
{"timestamp":"2026-03-10T00:55:24.920037Z","level":"info","event":"    return sql.to_sql(","logger":"task.stdout"}
{"timestamp":"2026-03-10T00:55:24.920054Z","level":"info","event":"           ^^^^^^^^^^^","logger":"task.stdout"}
{"timestamp":"2026-03-10T00:55:24.920070Z","level":"info","event":"  File \"/Users/sujithsuji/uber-trip-pipeline/venv311/lib/python3.11/site-packages/pandas/io/sql.py\", line 841, in to_sql","logger":"task.stdout"}
{"timestamp":"2026-03-10T00:55:24.920094Z","level":"info","event":"    return pandas_sql.to_sql(","logger":"task.stdout"}
{"timestamp":"2026-03-10T00:55:24.920110Z","level":"info","event":"           ^^^^^^^^^^^^^^^^^^","logger":"task.stdout"}
{"timestamp":"2026-03-10T00:55:24.920126Z","level":"info","event":"  File \"/Users/sujithsuji/uber-trip-pipeline/venv311/lib/python3.11/site-packages/pandas/io/sql.py\", line 2027, in to_sql","logger":"task.stdout"}
{"timestamp":"2026-03-10T00:55:24.920142Z","level":"info","event":"    table = self.prep_table(","logger":"task.stdout"}
{"timestamp":"2026-03-10T00:55:24.920159Z","level":"info","event":"            ^^^^^^^^^^^^^^^^","logger":"task.stdout"}
{"timestamp":"2026-03-10T00:55:24.920174Z","level":"info","event":"  File \"/Users/sujithsuji/uber-trip-pipeline/venv311/lib/python3.11/site-packages/pandas/io/sql.py\", line 1932, in prep_table","logger":"task.stdout"}
{"timestamp":"2026-03-10T00:55:24.920191Z","level":"info","event":"    table.create()","logger":"task.stdout"}
{"timestamp":"2026-03-10T00:55:24.920207Z","level":"info","event":"  File \"/Users/sujithsuji/uber-trip-pipeline/venv311/lib/python3.11/site-packages/pandas/io/sql.py\", line 999, in create","logger":"task.stdout"}
{"timestamp":"2026-03-10T00:55:24.920222Z","level":"info","event":"    self._execute_create()","logger":"task.stdout"}
{"timestamp":"2026-03-10T00:55:24.920238Z","level":"info","event":"  File \"/Users/sujithsuji/uber-trip-pipeline/venv311/lib/python3.11/site-packages/pandas/io/sql.py\", line 983, in _execute_create","logger":"task.stdout"}
{"timestamp":"2026-03-10T00:55:24.920253Z","level":"info","event":"    self.table.create(bind=self.pd_sql.con)","logger":"task.stdout"}
{"timestamp":"2026-03-10T00:55:24.920269Z","level":"info","event":"  File \"/Users/sujithsuji/uber-trip-pipeline/venv311/lib/python3.11/site-packages/sqlalchemy/sql/schema.py\", line 1288, in create","logger":"task.stdout"}
{"timestamp":"2026-03-10T00:55:24.920287Z","level":"info","event":"    bind._run_ddl_visitor(ddl.SchemaGenerator, self, checkfirst=checkfirst)","logger":"task.stdout"}
{"timestamp":"2026-03-10T00:55:24.920303Z","level":"info","event":"  File \"/Users/sujithsuji/uber-trip-pipeline/venv311/lib/python3.11/site-packages/sqlalchemy/engine/base.py\", line 2467, in _run_ddl_visitor","logger":"task.stdout"}
{"timestamp":"2026-03-10T00:55:24.920330Z","level":"info","event":"    ).traverse_single(element)","logger":"task.stdout"}
{"timestamp":"2026-03-10T00:55:24.920353Z","level":"info","event":"      ^^^^^^^^^^^^^^^^^^^^^^^^","logger":"task.stdout"}
{"timestamp":"2026-03-10T00:55:24.920368Z","level":"info","event":"  File \"/Users/sujithsuji/uber-trip-pipeline/venv311/lib/python3.11/site-packages/sqlalchemy/sql/visitors.py\", line 661, in traverse_single","logger":"task.stdout"}
{"timestamp":"2026-03-10T00:55:24.920388Z","level":"info","event":"    return meth(obj, **kw)","logger":"task.stdout"}
{"timestamp":"2026-03-10T00:55:24.920403Z","level":"info","event":"           ^^^^^^^^^^^^^^^","logger":"task.stdout"}
{"timestamp":"2026-03-10T00:55:24.920419Z","level":"info","event":"  File \"/Users/sujithsuji/uber-trip-pipeline/venv311/lib/python3.11/site-packages/sqlalchemy/sql/ddl.py\", line 1022, in visit_table","logger":"task.stdout"}
{"timestamp":"2026-03-10T00:55:24.920435Z","level":"info","event":"    )._invoke_with(self.connection)","logger":"task.stdout"}
{"timestamp":"2026-03-10T00:55:24.920450Z","level":"info","event":"      ^^^^^^^^^^^^^^^^^^^^^^^^^^^^^","logger":"task.stdout"}
{"timestamp":"2026-03-10T00:55:24.920467Z","level":"info","event":"  File \"/Users/sujithsuji/uber-trip-pipeline/venv311/lib/python3.11/site-packages/sqlalchemy/sql/ddl.py\", line 321, in _invoke_with","logger":"task.stdout"}
{"timestamp":"2026-03-10T00:55:24.920483Z","level":"info","event":"    return bind.execute(self)","logger":"task.stdout"}
{"timestamp":"2026-03-10T00:55:24.920499Z","level":"info","event":"           ^^^^^^^^^^^^^^^^^^","logger":"task.stdout"}
{"timestamp":"2026-03-10T00:55:24.920515Z","level":"info","event":"  File \"/Users/sujithsuji/uber-trip-pipeline/venv311/lib/python3.11/site-packages/sqlalchemy/engine/base.py\", line 1419, in execute","logger":"task.stdout"}
{"timestamp":"2026-03-10T00:55:24.920539Z","level":"info","event":"    return meth(","logger":"task.stdout"}
{"timestamp":"2026-03-10T00:55:24.920555Z","level":"info","event":"           ^^^^^","logger":"task.stdout"}
{"timestamp":"2026-03-10T00:55:24.920580Z","level":"info","event":"  File \"/Users/sujithsuji/uber-trip-pipeline/venv311/lib/python3.11/site-packages/sqlalchemy/sql/ddl.py\", line 187, in _execute_on_connection","logger":"task.stdout"}
{"timestamp":"2026-03-10T00:55:24.920596Z","level":"info","event":"    return connection._execute_ddl(","logger":"task.stdout"}
{"timestamp":"2026-03-10T00:55:24.920612Z","level":"info","event":"           ^^^^^^^^^^^^^^^^^^^^^^^^","logger":"task.stdout"}
{"timestamp":"2026-03-10T00:55:24.920636Z","level":"info","event":"  File \"/Users/sujithsuji/uber-trip-pipeline/venv311/lib/python3.11/site-packages/sqlalchemy/engine/base.py\", line 1530, in _execute_ddl","logger":"task.stdout"}
{"timestamp":"2026-03-10T00:55:24.920653Z","level":"info","event":"    ret = self._execute_context(","logger":"task.stdout"}
{"timestamp":"2026-03-10T00:55:24.920669Z","level":"info","event":"          ^^^^^^^^^^^^^^^^^^^^^^","logger":"task.stdout"}
{"timestamp":"2026-03-10T00:55:24.920685Z","level":"info","event":"  File \"/Users/sujithsuji/uber-trip-pipeline/venv311/lib/python3.11/site-packages/sqlalchemy/engine/base.py\", line 1846, in _execute_context","logger":"task.stdout"}
{"timestamp":"2026-03-10T00:55:24.920700Z","level":"info","event":"    return self._exec_single_context(","logger":"task.stdout"}
{"timestamp":"2026-03-10T00:55:24.920716Z","level":"info","event":"           ^^^^^^^^^^^^^^^^^^^^^^^^^^","logger":"task.stdout"}
{"timestamp":"2026-03-10T00:55:24.920731Z","level":"info","event":"  File \"/Users/sujithsuji/uber-trip-pipeline/venv311/lib/python3.11/site-packages/sqlalchemy/engine/base.py\", line 1986, in _exec_single_context","logger":"task.stdout"}
{"timestamp":"2026-03-10T00:55:24.920747Z","level":"info","event":"    self._handle_dbapi_exception(","logger":"task.stdout"}
{"timestamp":"2026-03-10T00:55:24.924776Z","level":"info","event":"  File \"/Users/sujithsuji/uber-trip-pipeline/venv311/lib/python3.11/site-packages/sqlalchemy/engine/base.py\", line 2363, in _handle_dbapi_exception","logger":"task.stdout"}
{"timestamp":"2026-03-10T00:55:24.924807Z","level":"info","event":"    raise sqlalchemy_exception.with_traceback(exc_info[2]) from e","logger":"task.stdout"}
{"timestamp":"2026-03-10T00:55:24.924824Z","level":"info","event":"  File \"/Users/sujithsuji/uber-trip-pipeline/venv311/lib/python3.11/site-packages/sqlalchemy/engine/base.py\", line 1967, in _exec_single_context","logger":"task.stdout"}
{"timestamp":"2026-03-10T00:55:24.924842Z","level":"info","event":"    self.dialect.do_execute(","logger":"task.stdout"}
{"timestamp":"2026-03-10T00:55:24.924858Z","level":"info","event":"  File \"/Users/sujithsuji/uber-trip-pipeline/venv311/lib/python3.11/site-packages/sqlalchemy/engine/default.py\", line 952, in do_execute","logger":"task.stdout"}
{"timestamp":"2026-03-10T00:55:24.924874Z","level":"info","event":"    cursor.execute(statement, parameters)","logger":"task.stdout"}
{"timestamp":"2026-03-10T00:55:24.924890Z","level":"info","event":"sqlalchemy.exc.IntegrityError: (psycopg2.errors.UniqueViolation) duplicate key value violates unique constraint \"pg_type_typname_nsp_index\"","logger":"task.stdout"}
{"timestamp":"2026-03-10T00:55:24.924906Z","level":"info","event":"DETAIL:  Key (typname, typnamespace)=(raw_trips, 2200) already exists.","logger":"task.stdout"}
{"timestamp":"2026-03-10T00:55:24.924921Z","level":"info","event":"","logger":"task.stdout"}
{"timestamp":"2026-03-10T00:55:24.924937Z","level":"info","event":"[SQL:","logger":"task.stdout"}
{"timestamp":"2026-03-10T00:55:24.924952Z","level":"info","event":"CREATE TABLE public.raw_trips (","logger":"task.stdout"}
{"timestamp":"2026-03-10T00:55:24.924973Z","level":"info","event":"\ttrip_id TEXT,","logger":"task.stdout"}
{"timestamp":"2026-03-10T00:55:24.924995Z","level":"info","event":"\tdriver_id TEXT,","logger":"task.stdout"}
{"timestamp":"2026-03-10T00:55:24.925012Z","level":"info","event":"\tcustomer_id TEXT,","logger":"task.stdout"}
{"timestamp":"2026-03-10T00:55:24.925028Z","level":"info","event":"\tvehicle_type TEXT,","logger":"task.stdout"}
{"timestamp":"2026-03-10T00:55:24.925044Z","level":"info","event":"\tpickup_zone TEXT,","logger":"task.stdout"}
{"timestamp":"2026-03-10T00:55:24.925059Z","level":"info","event":"\tdropoff_zone TEXT,","logger":"task.stdout"}
{"timestamp":"2026-03-10T00:55:24.925075Z","level":"info","event":"\tpickup_time TEXT,","logger":"task.stdout"}
{"timestamp":"2026-03-10T00:55:24.925090Z","level":"info","event":"\tdropoff_time TEXT,","logger":"task.stdout"}
{"timestamp":"2026-03-10T00:55:24.925105Z","level":"info","event":"\ttrip_duration_minutes BIGINT,","logger":"task.stdout"}
{"timestamp":"2026-03-10T00:55:24.925120Z","level":"info","event":"\tdistance_miles FLOAT(53),","logger":"task.stdout"}
{"timestamp":"2026-03-10T00:55:24.925135Z","level":"info","event":"\tbase_fare FLOAT(53),","logger":"task.stdout"}
{"timestamp":"2026-03-10T00:55:24.925150Z","level":"info","event":"\tsurge_multiplier FLOAT(53),","logger":"task.stdout"}
{"timestamp":"2026-03-10T00:55:24.925165Z","level":"info","event":"\tfare_amount FLOAT(53),","logger":"task.stdout"}
{"timestamp":"2026-03-10T00:55:24.925181Z","level":"info","event":"\ttip_amount FLOAT(53),","logger":"task.stdout"}
{"timestamp":"2026-03-10T00:55:24.925208Z","level":"info","event":"\ttotal_amount FLOAT(53),","logger":"task.stdout"}
{"timestamp":"2026-03-10T00:55:24.925223Z","level":"info","event":"\tpayment_type TEXT,","logger":"task.stdout"}
{"timestamp":"2026-03-10T00:55:24.925238Z","level":"info","event":"\ttrip_status TEXT,","logger":"task.stdout"}
{"timestamp":"2026-03-10T00:55:24.925253Z","level":"info","event":"\tcompleted_flag BIGINT,","logger":"task.stdout"}
{"timestamp":"2026-03-10T00:55:24.925268Z","level":"info","event":"\tcancelled_flag BIGINT","logger":"task.stdout"}
{"timestamp":"2026-03-10T00:55:24.925283Z","level":"info","event":")","logger":"task.stdout"}
{"timestamp":"2026-03-10T00:55:24.925298Z","level":"info","event":"","logger":"task.stdout"}
{"timestamp":"2026-03-10T00:55:24.925313Z","level":"info","event":"]","logger":"task.stdout"}
{"timestamp":"2026-03-10T00:55:24.925329Z","level":"info","event":"(Background on this error at: https://sqlalche.me/e/20/gkpj)","logger":"task.stdout"}
{"timestamp":"2026-03-10T00:55:24.925351Z","level":"info","event":"","logger":"task.stdout"}
