{"timestamp":"2026-03-10T00:33:31.046324Z","level":"info","event":"DAG bundles loaded: dags-folder, example_dags","logger":"airflow.dag_processing.bundles.manager.DagBundlesManager","filename":"manager.py","lineno":179}
{"timestamp":"2026-03-10T00:33:31.046580Z","level":"info","event":"Filling up the DagBag from /Users/sujithsuji/uber-trip-pipeline/airflow/dags/trip_pipeline_dag.py","logger":"airflow.models.dagbag.BundleDagBag","filename":"dagbag.py","lineno":593}
{"timestamp":"2026-03-10T00:33:31.050241Z","level":"warning","event":"The `airflow.operators.python.PythonOperator` attribute is deprecated. Please use `'airflow.providers.standard.operators.python.PythonOperator'`.","category":"DeprecatedImportWarning","filename":"/Users/sujithsuji/uber-trip-pipeline/airflow/dags/trip_pipeline_dag.py","lineno":2,"logger":"py.warnings"}
{"timestamp":"2026-03-10T00:33:31.050297Z","level":"warning","event":"The `airflow.operators.bash.BashOperator` attribute is deprecated. Please use `'airflow.providers.standard.operators.bash.BashOperator'`.","category":"DeprecatedImportWarning","filename":"/Users/sujithsuji/uber-trip-pipeline/airflow/dags/trip_pipeline_dag.py","lineno":3,"logger":"py.warnings"}
{"timestamp":"2026-03-10T00:33:31.070024Z","level":"info","event":"Task instance is in running state","logger":"task.stdout"}
{"timestamp":"2026-03-10T00:33:31.070096Z","level":"info","event":" Previous state of the Task instance: TaskInstanceState.QUEUED","logger":"task.stdout"}
{"timestamp":"2026-03-10T00:33:31.070413Z","level":"info","event":"Current task name:silver_transform","logger":"task.stdout"}
{"timestamp":"2026-03-10T00:33:31.070451Z","level":"info","event":"Dag name:uber_trip_pipeline","logger":"task.stdout"}
{"timestamp":"2026-03-10T00:33:41.795373Z","level":"info","event":"✅ Spark Session started","logger":"task.stdout"}
{"timestamp":"2026-03-10T00:33:41.796113Z","level":"info","event":"🔄 Processing Trips...","logger":"task.stdout"}
{"timestamp":"2026-03-10T00:33:41.796158Z","level":"info","event":"   Clean trips: 9997 rows","logger":"task.stdout"}
{"timestamp":"2026-03-10T00:33:41.796187Z","level":"info","event":"","logger":"task.stdout"}
{"timestamp":"2026-03-10T00:33:41.796580Z","level":"error","event":"Task failed with exception","logger":"task","filename":"task_runner.py","lineno":1142,"error_detail":[{"exc_type":"Exception","exc_value":"WARNING: Using incubator modules: jdk.incubator.vector\nUsing Spark's default log4j profile: org/apache/spark/log4j2-defaults.properties\n26/03/09 20:33:31 WARN Utils: Your hostname, Sujiths-Laptop.local, resolves to a loopback address: 127.0.0.1; using 192.168.1.230 instead (on interface en0)\n26/03/09 20:33:31 WARN Utils: Set SPARK_LOCAL_IP if you need to bind to another address\nUsing Spark's default log4j profile: org/apache/spark/log4j2-defaults.properties\nSetting default log level to \"WARN\".\nTo adjust logging level use sc.setLogLevel(newLevel). For SparkR, use setLogLevel(newLevel).\n26/03/09 20:33:32 WARN NativeCodeLoader: Unable to load native-hadoop library for your platform... using builtin-java classes where applicable\n26/03/09 20:33:32 WARN Utils: Service 'SparkUI' could not bind on port 4040. Attempting port 4041.\n\n[Stage 9:>                                                          (0 + 1) / 1]\n\n                                                                                \n26/03/09 20:33:41 ERROR FileFormatWriter: Aborting job ccb12372-c2fa-449b-bf2c-be7fdd13e43f.\njava.io.FileNotFoundException: File file:/Users/sujithsuji/uber-trip-pipeline/data/processed/silver_trips/_temporary/0 does not exist\n\tat org.apache.hadoop.fs.RawLocalFileSystem.listStatus(RawLocalFileSystem.java:798)\n\tat org.apache.hadoop.fs.FileSystem.listStatus(FileSystem.java:2078)\n\tat org.apache.hadoop.fs.FileSystem.listStatus(FileSystem.java:2122)\n\tat org.apache.hadoop.fs.ChecksumFileSystem.listStatus(ChecksumFileSystem.java:1020)\n\tat org.apache.hadoop.fs.FileSystem.listStatus(FileSystem.java:2078)\n\tat org.apache.hadoop.fs.FileSystem.listStatus(FileSystem.java:2122)\n\tat org.apache.hadoop.mapreduce.lib.output.FileOutputCommitter.getAllCommittedTaskPaths(FileOutputCommitter.java:334)\n\tat org.apache.hadoop.mapreduce.lib.output.FileOutputCommitter.commitJobInternal(FileOutputCommitter.java:404)\n\tat org.apache.hadoop.mapreduce.lib.output.FileOutputCommitter.commitJob(FileOutputCommitter.java:377)\n\tat org.apache.parquet.hadoop.ParquetOutputCommitter.commitJob(ParquetOutputCommitter.java:46)\n\tat org.apache.spark.internal.io.HadoopMapReduceCommitProtocol.commitJob(HadoopMapReduceCommitProtocol.scala:184)\n\tat org.apache.spark.sql.execution.datasources.FileFormatWriter$.$anonfun$writeAndCommit$3(FileFormatWriter.scala:275)\n\tat scala.runtime.java8.JFunction0$mcV$sp.apply(JFunction0$mcV$sp.scala:18)\n\tat org.apache.spark.util.Utils$.timeTakenMs(Utils.scala:496)\n\tat org.apache.spark.sql.execution.datasources.FileFormatWriter$.writeAndCommit(FileFormatWriter.scala:275)\n\tat org.apache.spark.sql.execution.datasources.FileFormatWriter$.executeWrite(FileFormatWriter.scala:306)\n\tat org.apache.spark.sql.execution.datasources.FileFormatWriter$.write(FileFormatWriter.scala:189)\n\tat org.apache.spark.sql.execution.datasources.InsertIntoHadoopFsRelationCommand.run(InsertIntoHadoopFsRelationCommand.scala:195)\n\tat org.apache.spark.sql.execution.command.DataWritingCommandExec.sideEffectResult$lzycompute(commands.scala:117)\n\tat org.apache.spark.sql.execution.command.DataWritingCommandExec.sideEffectResult(commands.scala:115)\n\tat org.apache.spark.sql.execution.command.DataWritingCommandExec.executeCollect(commands.scala:129)\n\tat org.apache.spark.sql.execution.adaptive.AdaptiveSparkPlanExec.$anonfun$executeCollect$1(AdaptiveSparkPlanExec.scala:396)\n\tat org.apache.spark.sql.execution.adaptive.ResultQueryStageExec.$anonfun$doMaterialize$1(QueryStageExec.scala:328)\n\tat org.apache.spark.sql.execution.SQLExecution$.$anonfun$withThreadLocalCaptured$4(SQLExecution.scala:335)\n\tat org.apache.spark.sql.execution.SQLExecution$.withSessionTagsApplied(SQLExecution.scala:285)\n\tat org.apache.spark.sql.execution.SQLExecution$.$anonfun$withThreadLocalCaptured$3(SQLExecution.scala:333)\n\tat org.apache.spark.JobArtifactSet$.withActiveJobArtifactState(JobArtifactSet.scala:94)\n\tat org.apache.spark.sql.execution.SQLExecution$.$anonfun$withThreadLocalCaptured$2(SQLExecution.scala:329)\n\tat java.base/java.util.concurrent.CompletableFuture$AsyncSupply.run(CompletableFuture.java:1768)\n\tat java.base/java.util.concurrent.ThreadPoolExecutor.runWorker(ThreadPoolExecutor.java:1144)\n\tat java.base/java.util.concurrent.ThreadPoolExecutor$Worker.run(ThreadPoolExecutor.java:642)\n\tat java.base/java.lang.Thread.run(Thread.java:1570)\nTraceback (most recent call last):\n  File \"/Users/sujithsuji/uber-trip-pipeline/transformations/bronze_to_silver.py\", line 40, in <module>\n    df_trips_silver.write.mode(\"overwrite\").parquet(\"data/processed/silver_trips/\")\n  File \"/Users/sujithsuji/uber-trip-pipeline/venv311/lib/python3.11/site-packages/pyspark/sql/readwriter.py\", line 2003, in parquet\n    self._jwrite.parquet(path)\n  File \"/Users/sujithsuji/uber-trip-pipeline/venv311/lib/python3.11/site-packages/py4j/java_gateway.py\", line 1362, in __call__\n    return_value = get_return_value(\n                   ^^^^^^^^^^^^^^^^^\n  File \"/Users/sujithsuji/uber-trip-pipeline/venv311/lib/python3.11/site-packages/pyspark/errors/exceptions/captured.py\", line 263, in deco\n    return f(*a, **kw)\n           ^^^^^^^^^^^\n  File \"/Users/sujithsuji/uber-trip-pipeline/venv311/lib/python3.11/site-packages/py4j/protocol.py\", line 327, in get_return_value\n    raise Py4JJavaError(\npy4j.protocol.Py4JJavaError: An error occurred while calling o147.parquet.\n: java.io.FileNotFoundException: File file:/Users/sujithsuji/uber-trip-pipeline/data/processed/silver_trips/_temporary/0 does not exist\n\tat org.apache.hadoop.fs.RawLocalFileSystem.listStatus(RawLocalFileSystem.java:798)\n\tat org.apache.hadoop.fs.FileSystem.listStatus(FileSystem.java:2078)\n\tat org.apache.hadoop.fs.FileSystem.listStatus(FileSystem.java:2122)\n\tat org.apache.hadoop.fs.ChecksumFileSystem.listStatus(ChecksumFileSystem.java:1020)\n\tat org.apache.hadoop.fs.FileSystem.listStatus(FileSystem.java:2078)\n\tat org.apache.hadoop.fs.FileSystem.listStatus(FileSystem.java:2122)\n\tat org.apache.hadoop.mapreduce.lib.output.FileOutputCommitter.getAllCommittedTaskPaths(FileOutputCommitter.java:334)\n\tat org.apache.hadoop.mapreduce.lib.output.FileOutputCommitter.commitJobInternal(FileOutputCommitter.java:404)\n\tat org.apache.hadoop.mapreduce.lib.output.FileOutputCommitter.commitJob(FileOutputCommitter.java:377)\n\tat org.apache.parquet.hadoop.ParquetOutputCommitter.commitJob(ParquetOutputCommitter.java:46)\n\tat org.apache.spark.internal.io.HadoopMapReduceCommitProtocol.commitJob(HadoopMapReduceCommitProtocol.scala:184)\n\tat org.apache.spark.sql.execution.datasources.FileFormatWriter$.$anonfun$writeAndCommit$3(FileFormatWriter.scala:275)\n\tat scala.runtime.java8.JFunction0$mcV$sp.apply(JFunction0$mcV$sp.scala:18)\n\tat org.apache.spark.util.Utils$.timeTakenMs(Utils.scala:496)\n\tat org.apache.spark.sql.execution.datasources.FileFormatWriter$.writeAndCommit(FileFormatWriter.scala:275)\n\tat org.apache.spark.sql.execution.datasources.FileFormatWriter$.executeWrite(FileFormatWriter.scala:306)\n\tat org.apache.spark.sql.execution.datasources.FileFormatWriter$.write(FileFormatWriter.scala:189)\n\tat org.apache.spark.sql.execution.datasources.InsertIntoHadoopFsRelationCommand.run(InsertIntoHadoopFsRelationCommand.scala:195)\n\tat org.apache.spark.sql.execution.command.DataWritingCommandExec.sideEffectResult$lzycompute(commands.scala:117)\n\tat org.apache.spark.sql.execution.command.DataWritingCommandExec.sideEffectResult(commands.scala:115)\n\tat org.apache.spark.sql.execution.command.DataWritingCommandExec.executeCollect(commands.scala:129)\n\tat org.apache.spark.sql.execution.adaptive.AdaptiveSparkPlanExec.$anonfun$executeCollect$1(AdaptiveSparkPlanExec.scala:396)\n\tat org.apache.spark.sql.execution.adaptive.ResultQueryStageExec.$anonfun$doMaterialize$1(QueryStageExec.scala:328)\n\tat org.apache.spark.sql.execution.SQLExecution$.$anonfun$withThreadLocalCaptured$4(SQLExecution.scala:335)\n\tat org.apache.spark.sql.execution.SQLExecution$.withSessionTagsApplied(SQLExecution.scala:285)\n\tat org.apache.spark.sql.execution.SQLExecution$.$anonfun$withThreadLocalCaptured$3(SQLExecution.scala:333)\n\tat org.apache.spark.JobArtifactSet$.withActiveJobArtifactState(JobArtifactSet.scala:94)\n\tat org.apache.spark.sql.execution.SQLExecution$.$anonfun$withThreadLocalCaptured$2(SQLExecution.scala:329)\n\tat java.base/java.util.concurrent.CompletableFuture$AsyncSupply.run(CompletableFuture.java:1768)\n\tat java.base/java.util.concurrent.ThreadPoolExecutor.runWorker(ThreadPoolExecutor.java:1144)\n\tat java.base/java.util.concurrent.ThreadPoolExecutor$Worker.run(ThreadPoolExecutor.java:642)\n\tat org.apache.spark.util.Utils$.getTryWithCallerStacktrace(Utils.scala:1453)\n\tat org.apache.spark.util.LazyTry.get(LazyTry.scala:58)\n\tat org.apache.spark.sql.execution.QueryExecution.commandExecuted(QueryExecution.scala:160)\n\tat org.apache.spark.sql.execution.QueryExecution.assertCommandExecuted(QueryExecution.scala:239)\n\tat org.apache.spark.sql.classic.DataFrameWriter.runCommand(DataFrameWriter.scala:592)\n\tat org.apache.spark.sql.classic.DataFrameWriter.save(DataFrameWriter.scala:115)\n\tat org.apache.spark.sql.DataFrameWriter.parquet(DataFrameWriter.scala:369)\n\tat java.base/jdk.internal.reflect.DirectMethodHandleAccessor.invoke(DirectMethodHandleAccessor.java:103)\n\tat java.base/java.lang.reflect.Method.invoke(Method.java:580)\n\tat py4j.reflection.MethodInvoker.invoke(MethodInvoker.java:244)\n\tat py4j.reflection.ReflectionEngine.invoke(ReflectionEngine.java:374)\n\tat py4j.Gateway.invoke(Gateway.java:282)\n\tat py4j.commands.AbstractCommand.invokeMethod(AbstractCommand.java:132)\n\tat py4j.commands.CallCommand.execute(CallCommand.java:79)\n\tat py4j.ClientServerConnection.waitForCommands(ClientServerConnection.java:184)\n\tat py4j.ClientServerConnection.run(ClientServerConnection.java:108)\n\tat java.base/java.lang.Thread.run(Thread.java:1570)\n\tSuppressed: org.apache.spark.util.Utils$OriginalTryStackTraceException: Full stacktrace of original doTryWithCallerStacktrace caller\n\t\tat org.apache.hadoop.fs.RawLocalFileSystem.listStatus(RawLocalFileSystem.java:798)\n\t\tat org.apache.hadoop.fs.FileSystem.listStatus(FileSystem.java:2078)\n\t\tat org.apache.hadoop.fs.FileSystem.listStatus(FileSystem.java:2122)\n\t\tat org.apache.hadoop.fs.ChecksumFileSystem.listStatus(ChecksumFileSystem.java:1020)\n\t\tat org.apache.hadoop.fs.FileSystem.listStatus(FileSystem.java:2078)\n\t\tat org.apache.hadoop.fs.FileSystem.listStatus(FileSystem.java:2122)\n\t\tat org.apache.hadoop.mapreduce.lib.output.FileOutputCommitter.getAllCommittedTaskPaths(FileOutputCommitter.java:334)\n\t\tat org.apache.hadoop.mapreduce.lib.output.FileOutputCommitter.commitJobInternal(FileOutputCommitter.java:404)\n\t\tat org.apache.hadoop.mapreduce.lib.output.FileOutputCommitter.commitJob(FileOutputCommitter.java:377)\n\t\tat org.apache.parquet.hadoop.ParquetOutputCommitter.commitJob(ParquetOutputCommitter.java:46)\n\t\tat org.apache.spark.internal.io.HadoopMapReduceCommitProtocol.commitJob(HadoopMapReduceCommitProtocol.scala:184)\n\t\tat org.apache.spark.sql.execution.datasources.FileFormatWriter$.$anonfun$writeAndCommit$3(FileFormatWriter.scala:275)\n\t\tat scala.runtime.java8.JFunction0$mcV$sp.apply(JFunction0$mcV$sp.scala:18)\n\t\tat org.apache.spark.util.Utils$.timeTakenMs(Utils.scala:496)\n\t\tat org.apache.spark.sql.execution.datasources.FileFormatWriter$.writeAndCommit(FileFormatWriter.scala:275)\n\t\tat org.apache.spark.sql.execution.datasources.FileFormatWriter$.executeWrite(FileFormatWriter.scala:306)\n\t\tat org.apache.spark.sql.execution.datasources.FileFormatWriter$.write(FileFormatWriter.scala:189)\n\t\tat org.apache.spark.sql.execution.datasources.InsertIntoHadoopFsRelationCommand.run(InsertIntoHadoopFsRelationCommand.scala:195)\n\t\tat org.apache.spark.sql.execution.command.DataWritingCommandExec.sideEffectResult$lzycompute(commands.scala:117)\n\t\tat org.apache.spark.sql.execution.command.DataWritingCommandExec.sideEffectResult(commands.scala:115)\n\t\tat org.apache.spark.sql.execution.command.DataWritingCommandExec.executeCollect(commands.scala:129)\n\t\tat org.apache.spark.sql.execution.adaptive.AdaptiveSparkPlanExec.$anonfun$executeCollect$1(AdaptiveSparkPlanExec.scala:396)\n\t\tat org.apache.spark.sql.execution.adaptive.ResultQueryStageExec.$anonfun$doMaterialize$1(QueryStageExec.scala:328)\n\t\tat org.apache.spark.sql.execution.SQLExecution$.$anonfun$withThreadLocalCaptured$4(SQLExecution.scala:335)\n\t\tat org.apache.spark.sql.execution.SQLExecution$.withSessionTagsApplied(SQLExecution.scala:285)\n\t\tat org.apache.spark.sql.execution.SQLExecution$.$anonfun$withThreadLocalCaptured$3(SQLExecution.scala:333)\n\t\tat org.apache.spark.JobArtifactSet$.withActiveJobArtifactState(JobArtifactSet.scala:94)\n\t\tat org.apache.spark.sql.execution.SQLExecution$.$anonfun$withThreadLocalCaptured$2(SQLExecution.scala:329)\n\t\tat java.base/java.util.concurrent.CompletableFuture$AsyncSupply.run(CompletableFuture.java:1768)\n\t\tat java.base/java.util.concurrent.ThreadPoolExecutor.runWorker(ThreadPoolExecutor.java:1144)\n\t\tat java.base/java.util.concurrent.ThreadPoolExecutor$Worker.run(ThreadPoolExecutor.java:642)\n\t\t... 1 more\n\n","exc_notes":[],"syntax_error":null,"is_cause":false,"frames":[{"filename":"/Users/sujithsuji/uber-trip-pipeline/venv311/lib/python3.11/site-packages/airflow/sdk/execution_time/task_runner.py","lineno":1068,"name":"run"},{"filename":"/Users/sujithsuji/uber-trip-pipeline/venv311/lib/python3.11/site-packages/airflow/sdk/execution_time/task_runner.py","lineno":1477,"name":"_execute_task"},{"filename":"/Users/sujithsuji/uber-trip-pipeline/venv311/lib/python3.11/site-packages/airflow/sdk/bases/operator.py","lineno":417,"name":"wrapper"},{"filename":"/Users/sujithsuji/uber-trip-pipeline/venv311/lib/python3.11/site-packages/airflow/providers/standard/operators/python.py","lineno":228,"name":"execute"},{"filename":"/Users/sujithsuji/uber-trip-pipeline/venv311/lib/python3.11/site-packages/airflow/providers/standard/operators/python.py","lineno":251,"name":"execute_callable"},{"filename":"/Users/sujithsuji/uber-trip-pipeline/venv311/lib/python3.11/site-packages/airflow/sdk/execution_time/callback_runner.py","lineno":82,"name":"run"},{"filename":"/Users/sujithsuji/uber-trip-pipeline/airflow/dags/trip_pipeline_dag.py","lineno":44,"name":"run_silver"}],"is_group":false,"exceptions":[]}]}
{"timestamp":"2026-03-10T00:33:41.826532Z","level":"info","event":"Task instance in failure state","logger":"task.stdout"}
{"timestamp":"2026-03-10T00:33:41.827791Z","level":"info","event":"Task start","logger":"task.stdout"}
{"timestamp":"2026-03-10T00:33:41.827904Z","level":"info","event":"Task:<Task(PythonOperator): silver_transform>","logger":"task.stdout"}
{"timestamp":"2026-03-10T00:33:41.827936Z","level":"info","event":"Failure caused by WARNING: Using incubator modules: jdk.incubator.vector","logger":"task.stdout"}
{"timestamp":"2026-03-10T00:33:41.827965Z","level":"info","event":"Using Spark's default log4j profile: org/apache/spark/log4j2-defaults.properties","logger":"task.stdout"}
{"timestamp":"2026-03-10T00:33:41.827984Z","level":"info","event":"26/03/09 20:33:31 WARN Utils: Your hostname, Sujiths-Laptop.local, resolves to a loopback address: 127.0.0.1; using 192.168.1.230 instead (on interface en0)","logger":"task.stdout"}
{"timestamp":"2026-03-10T00:33:41.828003Z","level":"info","event":"26/03/09 20:33:31 WARN Utils: Set SPARK_LOCAL_IP if you need to bind to another address","logger":"task.stdout"}
{"timestamp":"2026-03-10T00:33:41.828021Z","level":"info","event":"Using Spark's default log4j profile: org/apache/spark/log4j2-defaults.properties","logger":"task.stdout"}
{"timestamp":"2026-03-10T00:33:41.828044Z","level":"info","event":"Setting default log level to \"WARN\".","logger":"task.stdout"}
{"timestamp":"2026-03-10T00:33:41.828067Z","level":"info","event":"To adjust logging level use sc.setLogLevel(newLevel). For SparkR, use setLogLevel(newLevel).","logger":"task.stdout"}
{"timestamp":"2026-03-10T00:33:41.828085Z","level":"info","event":"26/03/09 20:33:32 WARN NativeCodeLoader: Unable to load native-hadoop library for your platform... using builtin-java classes where applicable","logger":"task.stdout"}
{"timestamp":"2026-03-10T00:33:41.828103Z","level":"info","event":"26/03/09 20:33:32 WARN Utils: Service 'SparkUI' could not bind on port 4040. Attempting port 4041.","logger":"task.stdout"}
{"timestamp":"2026-03-10T00:33:41.828119Z","level":"info","event":"","logger":"task.stdout"}
{"timestamp":"2026-03-10T00:33:41.828135Z","level":"info","event":"[Stage 9:>                                                          (0 + 1) / 1]","logger":"task.stdout"}
{"timestamp":"2026-03-10T00:33:41.828151Z","level":"info","event":"","logger":"task.stdout"}
{"timestamp":"2026-03-10T00:33:41.828168Z","level":"info","event":"","logger":"task.stdout"}
{"timestamp":"2026-03-10T00:33:41.828191Z","level":"info","event":"26/03/09 20:33:41 ERROR FileFormatWriter: Aborting job ccb12372-c2fa-449b-bf2c-be7fdd13e43f.","logger":"task.stdout"}
{"timestamp":"2026-03-10T00:33:41.828208Z","level":"info","event":"java.io.FileNotFoundException: File file:/Users/sujithsuji/uber-trip-pipeline/data/processed/silver_trips/_temporary/0 does not exist","logger":"task.stdout"}
{"timestamp":"2026-03-10T00:33:41.828238Z","level":"info","event":"\tat org.apache.hadoop.fs.RawLocalFileSystem.listStatus(RawLocalFileSystem.java:798)","logger":"task.stdout"}
{"timestamp":"2026-03-10T00:33:41.828254Z","level":"info","event":"\tat org.apache.hadoop.fs.FileSystem.listStatus(FileSystem.java:2078)","logger":"task.stdout"}
{"timestamp":"2026-03-10T00:33:41.828271Z","level":"info","event":"\tat org.apache.hadoop.fs.FileSystem.listStatus(FileSystem.java:2122)","logger":"task.stdout"}
{"timestamp":"2026-03-10T00:33:41.828287Z","level":"info","event":"\tat org.apache.hadoop.fs.ChecksumFileSystem.listStatus(ChecksumFileSystem.java:1020)","logger":"task.stdout"}
{"timestamp":"2026-03-10T00:33:41.828304Z","level":"info","event":"\tat org.apache.hadoop.fs.FileSystem.listStatus(FileSystem.java:2078)","logger":"task.stdout"}
{"timestamp":"2026-03-10T00:33:41.828324Z","level":"info","event":"\tat org.apache.hadoop.fs.FileSystem.listStatus(FileSystem.java:2122)","logger":"task.stdout"}
{"timestamp":"2026-03-10T00:33:41.828340Z","level":"info","event":"\tat org.apache.hadoop.mapreduce.lib.output.FileOutputCommitter.getAllCommittedTaskPaths(FileOutputCommitter.java:334)","logger":"task.stdout"}
{"timestamp":"2026-03-10T00:33:41.828357Z","level":"info","event":"\tat org.apache.hadoop.mapreduce.lib.output.FileOutputCommitter.commitJobInternal(FileOutputCommitter.java:404)","logger":"task.stdout"}
{"timestamp":"2026-03-10T00:33:41.828372Z","level":"info","event":"\tat org.apache.hadoop.mapreduce.lib.output.FileOutputCommitter.commitJob(FileOutputCommitter.java:377)","logger":"task.stdout"}
{"timestamp":"2026-03-10T00:33:41.828392Z","level":"info","event":"\tat org.apache.parquet.hadoop.ParquetOutputCommitter.commitJob(ParquetOutputCommitter.java:46)","logger":"task.stdout"}
{"timestamp":"2026-03-10T00:33:41.828410Z","level":"info","event":"\tat org.apache.spark.internal.io.HadoopMapReduceCommitProtocol.commitJob(HadoopMapReduceCommitProtocol.scala:184)","logger":"task.stdout"}
{"timestamp":"2026-03-10T00:33:41.828426Z","level":"info","event":"\tat org.apache.spark.sql.execution.datasources.FileFormatWriter$.$anonfun$writeAndCommit$3(FileFormatWriter.scala:275)","logger":"task.stdout"}
{"timestamp":"2026-03-10T00:33:41.828446Z","level":"info","event":"\tat scala.runtime.java8.JFunction0$mcV$sp.apply(JFunction0$mcV$sp.scala:18)","logger":"task.stdout"}
{"timestamp":"2026-03-10T00:33:41.828462Z","level":"info","event":"\tat org.apache.spark.util.Utils$.timeTakenMs(Utils.scala:496)","logger":"task.stdout"}
{"timestamp":"2026-03-10T00:33:41.828478Z","level":"info","event":"\tat org.apache.spark.sql.execution.datasources.FileFormatWriter$.writeAndCommit(FileFormatWriter.scala:275)","logger":"task.stdout"}
{"timestamp":"2026-03-10T00:33:41.828496Z","level":"info","event":"\tat org.apache.spark.sql.execution.datasources.FileFormatWriter$.executeWrite(FileFormatWriter.scala:306)","logger":"task.stdout"}
{"timestamp":"2026-03-10T00:33:41.828512Z","level":"info","event":"\tat org.apache.spark.sql.execution.datasources.FileFormatWriter$.write(FileFormatWriter.scala:189)","logger":"task.stdout"}
{"timestamp":"2026-03-10T00:33:41.828529Z","level":"info","event":"\tat org.apache.spark.sql.execution.datasources.InsertIntoHadoopFsRelationCommand.run(InsertIntoHadoopFsRelationCommand.scala:195)","logger":"task.stdout"}
{"timestamp":"2026-03-10T00:33:41.828553Z","level":"info","event":"\tat org.apache.spark.sql.execution.command.DataWritingCommandExec.sideEffectResult$lzycompute(commands.scala:117)","logger":"task.stdout"}
{"timestamp":"2026-03-10T00:33:41.828569Z","level":"info","event":"\tat org.apache.spark.sql.execution.command.DataWritingCommandExec.sideEffectResult(commands.scala:115)","logger":"task.stdout"}
{"timestamp":"2026-03-10T00:33:41.828585Z","level":"info","event":"\tat org.apache.spark.sql.execution.command.DataWritingCommandExec.executeCollect(commands.scala:129)","logger":"task.stdout"}
{"timestamp":"2026-03-10T00:33:41.828602Z","level":"info","event":"\tat org.apache.spark.sql.execution.adaptive.AdaptiveSparkPlanExec.$anonfun$executeCollect$1(AdaptiveSparkPlanExec.scala:396)","logger":"task.stdout"}
{"timestamp":"2026-03-10T00:33:41.828618Z","level":"info","event":"\tat org.apache.spark.sql.execution.adaptive.ResultQueryStageExec.$anonfun$doMaterialize$1(QueryStageExec.scala:328)","logger":"task.stdout"}
{"timestamp":"2026-03-10T00:33:41.828634Z","level":"info","event":"\tat org.apache.spark.sql.execution.SQLExecution$.$anonfun$withThreadLocalCaptured$4(SQLExecution.scala:335)","logger":"task.stdout"}
{"timestamp":"2026-03-10T00:33:41.828655Z","level":"info","event":"\tat org.apache.spark.sql.execution.SQLExecution$.withSessionTagsApplied(SQLExecution.scala:285)","logger":"task.stdout"}
{"timestamp":"2026-03-10T00:33:41.828672Z","level":"info","event":"\tat org.apache.spark.sql.execution.SQLExecution$.$anonfun$withThreadLocalCaptured$3(SQLExecution.scala:333)","logger":"task.stdout"}
{"timestamp":"2026-03-10T00:33:41.828697Z","level":"info","event":"\tat org.apache.spark.JobArtifactSet$.withActiveJobArtifactState(JobArtifactSet.scala:94)","logger":"task.stdout"}
{"timestamp":"2026-03-10T00:33:41.828713Z","level":"info","event":"\tat org.apache.spark.sql.execution.SQLExecution$.$anonfun$withThreadLocalCaptured$2(SQLExecution.scala:329)","logger":"task.stdout"}
{"timestamp":"2026-03-10T00:33:41.828768Z","level":"info","event":"\tat java.base/java.util.concurrent.CompletableFuture$AsyncSupply.run(CompletableFuture.java:1768)","logger":"task.stdout"}
{"timestamp":"2026-03-10T00:33:41.828786Z","level":"info","event":"\tat java.base/java.util.concurrent.ThreadPoolExecutor.runWorker(ThreadPoolExecutor.java:1144)","logger":"task.stdout"}
{"timestamp":"2026-03-10T00:33:41.828803Z","level":"info","event":"\tat java.base/java.util.concurrent.ThreadPoolExecutor$Worker.run(ThreadPoolExecutor.java:642)","logger":"task.stdout"}
{"timestamp":"2026-03-10T00:33:41.828819Z","level":"info","event":"\tat java.base/java.lang.Thread.run(Thread.java:1570)","logger":"task.stdout"}
{"timestamp":"2026-03-10T00:33:41.828835Z","level":"info","event":"Traceback (most recent call last):","logger":"task.stdout"}
{"timestamp":"2026-03-10T00:33:41.828851Z","level":"info","event":"  File \"/Users/sujithsuji/uber-trip-pipeline/transformations/bronze_to_silver.py\", line 40, in <module>","logger":"task.stdout"}
{"timestamp":"2026-03-10T00:33:41.828868Z","level":"info","event":"    df_trips_silver.write.mode(\"overwrite\").parquet(\"data/processed/silver_trips/\")","logger":"task.stdout"}
{"timestamp":"2026-03-10T00:33:41.828884Z","level":"info","event":"  File \"/Users/sujithsuji/uber-trip-pipeline/venv311/lib/python3.11/site-packages/pyspark/sql/readwriter.py\", line 2003, in parquet","logger":"task.stdout"}
{"timestamp":"2026-03-10T00:33:41.828900Z","level":"info","event":"    self._jwrite.parquet(path)","logger":"task.stdout"}
{"timestamp":"2026-03-10T00:33:41.828916Z","level":"info","event":"  File \"/Users/sujithsuji/uber-trip-pipeline/venv311/lib/python3.11/site-packages/py4j/java_gateway.py\", line 1362, in __call__","logger":"task.stdout"}
{"timestamp":"2026-03-10T00:33:41.828932Z","level":"info","event":"    return_value = get_return_value(","logger":"task.stdout"}
{"timestamp":"2026-03-10T00:33:41.828949Z","level":"info","event":"                   ^^^^^^^^^^^^^^^^^","logger":"task.stdout"}
{"timestamp":"2026-03-10T00:33:41.828965Z","level":"info","event":"  File \"/Users/sujithsuji/uber-trip-pipeline/venv311/lib/python3.11/site-packages/pyspark/errors/exceptions/captured.py\", line 263, in deco","logger":"task.stdout"}
{"timestamp":"2026-03-10T00:33:41.828981Z","level":"info","event":"    return f(*a, **kw)","logger":"task.stdout"}
{"timestamp":"2026-03-10T00:33:41.828997Z","level":"info","event":"           ^^^^^^^^^^^","logger":"task.stdout"}
{"timestamp":"2026-03-10T00:33:41.829013Z","level":"info","event":"  File \"/Users/sujithsuji/uber-trip-pipeline/venv311/lib/python3.11/site-packages/py4j/protocol.py\", line 327, in get_return_value","logger":"task.stdout"}
{"timestamp":"2026-03-10T00:33:41.829029Z","level":"info","event":"    raise Py4JJavaError(","logger":"task.stdout"}
{"timestamp":"2026-03-10T00:33:41.829045Z","level":"info","event":"py4j.protocol.Py4JJavaError: An error occurred while calling o147.parquet.","logger":"task.stdout"}
{"timestamp":"2026-03-10T00:33:41.829092Z","level":"info","event":": java.io.FileNotFoundException: File file:/Users/sujithsuji/uber-trip-pipeline/data/processed/silver_trips/_temporary/0 does not exist","logger":"task.stdout"}
{"timestamp":"2026-03-10T00:33:41.829119Z","level":"info","event":"\tat org.apache.hadoop.fs.RawLocalFileSystem.listStatus(RawLocalFileSystem.java:798)","logger":"task.stdout"}
{"timestamp":"2026-03-10T00:33:41.829139Z","level":"info","event":"\tat org.apache.hadoop.fs.FileSystem.listStatus(FileSystem.java:2078)","logger":"task.stdout"}
{"timestamp":"2026-03-10T00:33:41.829163Z","level":"info","event":"\tat org.apache.hadoop.fs.FileSystem.listStatus(FileSystem.java:2122)","logger":"task.stdout"}
{"timestamp":"2026-03-10T00:33:41.829181Z","level":"info","event":"\tat org.apache.hadoop.fs.ChecksumFileSystem.listStatus(ChecksumFileSystem.java:1020)","logger":"task.stdout"}
{"timestamp":"2026-03-10T00:33:41.829199Z","level":"info","event":"\tat org.apache.hadoop.fs.FileSystem.listStatus(FileSystem.java:2078)","logger":"task.stdout"}
{"timestamp":"2026-03-10T00:33:41.829215Z","level":"info","event":"\tat org.apache.hadoop.fs.FileSystem.listStatus(FileSystem.java:2122)","logger":"task.stdout"}
{"timestamp":"2026-03-10T00:33:41.829232Z","level":"info","event":"\tat org.apache.hadoop.mapreduce.lib.output.FileOutputCommitter.getAllCommittedTaskPaths(FileOutputCommitter.java:334)","logger":"task.stdout"}
{"timestamp":"2026-03-10T00:33:41.829248Z","level":"info","event":"\tat org.apache.hadoop.mapreduce.lib.output.FileOutputCommitter.commitJobInternal(FileOutputCommitter.java:404)","logger":"task.stdout"}
{"timestamp":"2026-03-10T00:33:41.829266Z","level":"info","event":"\tat org.apache.hadoop.mapreduce.lib.output.FileOutputCommitter.commitJob(FileOutputCommitter.java:377)","logger":"task.stdout"}
{"timestamp":"2026-03-10T00:33:41.829282Z","level":"info","event":"\tat org.apache.parquet.hadoop.ParquetOutputCommitter.commitJob(ParquetOutputCommitter.java:46)","logger":"task.stdout"}
{"timestamp":"2026-03-10T00:33:41.829299Z","level":"info","event":"\tat org.apache.spark.internal.io.HadoopMapReduceCommitProtocol.commitJob(HadoopMapReduceCommitProtocol.scala:184)","logger":"task.stdout"}
{"timestamp":"2026-03-10T00:33:41.829316Z","level":"info","event":"\tat org.apache.spark.sql.execution.datasources.FileFormatWriter$.$anonfun$writeAndCommit$3(FileFormatWriter.scala:275)","logger":"task.stdout"}
{"timestamp":"2026-03-10T00:33:41.829332Z","level":"info","event":"\tat scala.runtime.java8.JFunction0$mcV$sp.apply(JFunction0$mcV$sp.scala:18)","logger":"task.stdout"}
{"timestamp":"2026-03-10T00:33:41.829349Z","level":"info","event":"\tat org.apache.spark.util.Utils$.timeTakenMs(Utils.scala:496)","logger":"task.stdout"}
{"timestamp":"2026-03-10T00:33:41.829365Z","level":"info","event":"\tat org.apache.spark.sql.execution.datasources.FileFormatWriter$.writeAndCommit(FileFormatWriter.scala:275)","logger":"task.stdout"}
{"timestamp":"2026-03-10T00:33:41.829382Z","level":"info","event":"\tat org.apache.spark.sql.execution.datasources.FileFormatWriter$.executeWrite(FileFormatWriter.scala:306)","logger":"task.stdout"}
{"timestamp":"2026-03-10T00:33:41.829398Z","level":"info","event":"\tat org.apache.spark.sql.execution.datasources.FileFormatWriter$.write(FileFormatWriter.scala:189)","logger":"task.stdout"}
{"timestamp":"2026-03-10T00:33:41.829415Z","level":"info","event":"\tat org.apache.spark.sql.execution.datasources.InsertIntoHadoopFsRelationCommand.run(InsertIntoHadoopFsRelationCommand.scala:195)","logger":"task.stdout"}
{"timestamp":"2026-03-10T00:33:41.829431Z","level":"info","event":"\tat org.apache.spark.sql.execution.command.DataWritingCommandExec.sideEffectResult$lzycompute(commands.scala:117)","logger":"task.stdout"}
{"timestamp":"2026-03-10T00:33:41.829448Z","level":"info","event":"\tat org.apache.spark.sql.execution.command.DataWritingCommandExec.sideEffectResult(commands.scala:115)","logger":"task.stdout"}
{"timestamp":"2026-03-10T00:33:41.829465Z","level":"info","event":"\tat org.apache.spark.sql.execution.command.DataWritingCommandExec.executeCollect(commands.scala:129)","logger":"task.stdout"}
{"timestamp":"2026-03-10T00:33:41.829482Z","level":"info","event":"\tat org.apache.spark.sql.execution.adaptive.AdaptiveSparkPlanExec.$anonfun$executeCollect$1(AdaptiveSparkPlanExec.scala:396)","logger":"task.stdout"}
{"timestamp":"2026-03-10T00:33:41.829498Z","level":"info","event":"\tat org.apache.spark.sql.execution.adaptive.ResultQueryStageExec.$anonfun$doMaterialize$1(QueryStageExec.scala:328)","logger":"task.stdout"}
{"timestamp":"2026-03-10T00:33:41.829515Z","level":"info","event":"\tat org.apache.spark.sql.execution.SQLExecution$.$anonfun$withThreadLocalCaptured$4(SQLExecution.scala:335)","logger":"task.stdout"}
{"timestamp":"2026-03-10T00:33:41.829536Z","level":"info","event":"\tat org.apache.spark.sql.execution.SQLExecution$.withSessionTagsApplied(SQLExecution.scala:285)","logger":"task.stdout"}
{"timestamp":"2026-03-10T00:33:41.829553Z","level":"info","event":"\tat org.apache.spark.sql.execution.SQLExecution$.$anonfun$withThreadLocalCaptured$3(SQLExecution.scala:333)","logger":"task.stdout"}
{"timestamp":"2026-03-10T00:33:41.829569Z","level":"info","event":"\tat org.apache.spark.JobArtifactSet$.withActiveJobArtifactState(JobArtifactSet.scala:94)","logger":"task.stdout"}
{"timestamp":"2026-03-10T00:33:41.838751Z","level":"info","event":"\tat org.apache.spark.sql.execution.SQLExecution$.$anonfun$withThreadLocalCaptured$2(SQLExecution.scala:329)","logger":"task.stdout"}
{"timestamp":"2026-03-10T00:33:41.838825Z","level":"info","event":"\tat java.base/java.util.concurrent.CompletableFuture$AsyncSupply.run(CompletableFuture.java:1768)","logger":"task.stdout"}
{"timestamp":"2026-03-10T00:33:41.838851Z","level":"info","event":"\tat java.base/java.util.concurrent.ThreadPoolExecutor.runWorker(ThreadPoolExecutor.java:1144)","logger":"task.stdout"}
{"timestamp":"2026-03-10T00:33:41.838871Z","level":"info","event":"\tat java.base/java.util.concurrent.ThreadPoolExecutor$Worker.run(ThreadPoolExecutor.java:642)","logger":"task.stdout"}
{"timestamp":"2026-03-10T00:33:41.838892Z","level":"info","event":"\tat org.apache.spark.util.Utils$.getTryWithCallerStacktrace(Utils.scala:1453)","logger":"task.stdout"}
{"timestamp":"2026-03-10T00:33:41.838911Z","level":"info","event":"\tat org.apache.spark.util.LazyTry.get(LazyTry.scala:58)","logger":"task.stdout"}
{"timestamp":"2026-03-10T00:33:41.838930Z","level":"info","event":"\tat org.apache.spark.sql.execution.QueryExecution.commandExecuted(QueryExecution.scala:160)","logger":"task.stdout"}
{"timestamp":"2026-03-10T00:33:41.838948Z","level":"info","event":"\tat org.apache.spark.sql.execution.QueryExecution.assertCommandExecuted(QueryExecution.scala:239)","logger":"task.stdout"}
{"timestamp":"2026-03-10T00:33:41.838966Z","level":"info","event":"\tat org.apache.spark.sql.classic.DataFrameWriter.runCommand(DataFrameWriter.scala:592)","logger":"task.stdout"}
{"timestamp":"2026-03-10T00:33:41.838983Z","level":"info","event":"\tat org.apache.spark.sql.classic.DataFrameWriter.save(DataFrameWriter.scala:115)","logger":"task.stdout"}
{"timestamp":"2026-03-10T00:33:41.839001Z","level":"info","event":"\tat org.apache.spark.sql.DataFrameWriter.parquet(DataFrameWriter.scala:369)","logger":"task.stdout"}
{"timestamp":"2026-03-10T00:33:41.839021Z","level":"info","event":"\tat java.base/jdk.internal.reflect.DirectMethodHandleAccessor.invoke(DirectMethodHandleAccessor.java:103)","logger":"task.stdout"}
{"timestamp":"2026-03-10T00:33:41.839039Z","level":"info","event":"\tat java.base/java.lang.reflect.Method.invoke(Method.java:580)","logger":"task.stdout"}
{"timestamp":"2026-03-10T00:33:41.839056Z","level":"info","event":"\tat py4j.reflection.MethodInvoker.invoke(MethodInvoker.java:244)","logger":"task.stdout"}
{"timestamp":"2026-03-10T00:33:41.839073Z","level":"info","event":"\tat py4j.reflection.ReflectionEngine.invoke(ReflectionEngine.java:374)","logger":"task.stdout"}
{"timestamp":"2026-03-10T00:33:41.839091Z","level":"info","event":"\tat py4j.Gateway.invoke(Gateway.java:282)","logger":"task.stdout"}
{"timestamp":"2026-03-10T00:33:41.839111Z","level":"info","event":"\tat py4j.commands.AbstractCommand.invokeMethod(AbstractCommand.java:132)","logger":"task.stdout"}
{"timestamp":"2026-03-10T00:33:41.839130Z","level":"info","event":"\tat py4j.commands.CallCommand.execute(CallCommand.java:79)","logger":"task.stdout"}
{"timestamp":"2026-03-10T00:33:41.839147Z","level":"info","event":"\tat py4j.ClientServerConnection.waitForCommands(ClientServerConnection.java:184)","logger":"task.stdout"}
{"timestamp":"2026-03-10T00:33:41.839164Z","level":"info","event":"\tat py4j.ClientServerConnection.run(ClientServerConnection.java:108)","logger":"task.stdout"}
{"timestamp":"2026-03-10T00:33:41.839195Z","level":"info","event":"\tat java.base/java.lang.Thread.run(Thread.java:1570)","logger":"task.stdout"}
{"timestamp":"2026-03-10T00:33:41.839213Z","level":"info","event":"\tSuppressed: org.apache.spark.util.Utils$OriginalTryStackTraceException: Full stacktrace of original doTryWithCallerStacktrace caller","logger":"task.stdout"}
{"timestamp":"2026-03-10T00:33:41.839232Z","level":"info","event":"\t\tat org.apache.hadoop.fs.RawLocalFileSystem.listStatus(RawLocalFileSystem.java:798)","logger":"task.stdout"}
{"timestamp":"2026-03-10T00:33:41.839250Z","level":"info","event":"\t\tat org.apache.hadoop.fs.FileSystem.listStatus(FileSystem.java:2078)","logger":"task.stdout"}
{"timestamp":"2026-03-10T00:33:41.839268Z","level":"info","event":"\t\tat org.apache.hadoop.fs.FileSystem.listStatus(FileSystem.java:2122)","logger":"task.stdout"}
{"timestamp":"2026-03-10T00:33:41.839286Z","level":"info","event":"\t\tat org.apache.hadoop.fs.ChecksumFileSystem.listStatus(ChecksumFileSystem.java:1020)","logger":"task.stdout"}
{"timestamp":"2026-03-10T00:33:41.839303Z","level":"info","event":"\t\tat org.apache.hadoop.fs.FileSystem.listStatus(FileSystem.java:2078)","logger":"task.stdout"}
{"timestamp":"2026-03-10T00:33:41.839319Z","level":"info","event":"\t\tat org.apache.hadoop.fs.FileSystem.listStatus(FileSystem.java:2122)","logger":"task.stdout"}
{"timestamp":"2026-03-10T00:33:41.839335Z","level":"info","event":"\t\tat org.apache.hadoop.mapreduce.lib.output.FileOutputCommitter.getAllCommittedTaskPaths(FileOutputCommitter.java:334)","logger":"task.stdout"}
{"timestamp":"2026-03-10T00:33:41.839352Z","level":"info","event":"\t\tat org.apache.hadoop.mapreduce.lib.output.FileOutputCommitter.commitJobInternal(FileOutputCommitter.java:404)","logger":"task.stdout"}
{"timestamp":"2026-03-10T00:33:41.839368Z","level":"info","event":"\t\tat org.apache.hadoop.mapreduce.lib.output.FileOutputCommitter.commitJob(FileOutputCommitter.java:377)","logger":"task.stdout"}
{"timestamp":"2026-03-10T00:33:41.839384Z","level":"info","event":"\t\tat org.apache.parquet.hadoop.ParquetOutputCommitter.commitJob(ParquetOutputCommitter.java:46)","logger":"task.stdout"}
{"timestamp":"2026-03-10T00:33:41.839400Z","level":"info","event":"\t\tat org.apache.spark.internal.io.HadoopMapReduceCommitProtocol.commitJob(HadoopMapReduceCommitProtocol.scala:184)","logger":"task.stdout"}
{"timestamp":"2026-03-10T00:33:41.839416Z","level":"info","event":"\t\tat org.apache.spark.sql.execution.datasources.FileFormatWriter$.$anonfun$writeAndCommit$3(FileFormatWriter.scala:275)","logger":"task.stdout"}
{"timestamp":"2026-03-10T00:33:41.839431Z","level":"info","event":"\t\tat scala.runtime.java8.JFunction0$mcV$sp.apply(JFunction0$mcV$sp.scala:18)","logger":"task.stdout"}
{"timestamp":"2026-03-10T00:33:41.839447Z","level":"info","event":"\t\tat org.apache.spark.util.Utils$.timeTakenMs(Utils.scala:496)","logger":"task.stdout"}
{"timestamp":"2026-03-10T00:33:41.839463Z","level":"info","event":"\t\tat org.apache.spark.sql.execution.datasources.FileFormatWriter$.writeAndCommit(FileFormatWriter.scala:275)","logger":"task.stdout"}
{"timestamp":"2026-03-10T00:33:41.839478Z","level":"info","event":"\t\tat org.apache.spark.sql.execution.datasources.FileFormatWriter$.executeWrite(FileFormatWriter.scala:306)","logger":"task.stdout"}
{"timestamp":"2026-03-10T00:33:41.839493Z","level":"info","event":"\t\tat org.apache.spark.sql.execution.datasources.FileFormatWriter$.write(FileFormatWriter.scala:189)","logger":"task.stdout"}
{"timestamp":"2026-03-10T00:33:41.839509Z","level":"info","event":"\t\tat org.apache.spark.sql.execution.datasources.InsertIntoHadoopFsRelationCommand.run(InsertIntoHadoopFsRelationCommand.scala:195)","logger":"task.stdout"}
{"timestamp":"2026-03-10T00:33:41.839525Z","level":"info","event":"\t\tat org.apache.spark.sql.execution.command.DataWritingCommandExec.sideEffectResult$lzycompute(commands.scala:117)","logger":"task.stdout"}
{"timestamp":"2026-03-10T00:33:41.839541Z","level":"info","event":"\t\tat org.apache.spark.sql.execution.command.DataWritingCommandExec.sideEffectResult(commands.scala:115)","logger":"task.stdout"}
{"timestamp":"2026-03-10T00:33:41.839561Z","level":"info","event":"\t\tat org.apache.spark.sql.execution.command.DataWritingCommandExec.executeCollect(commands.scala:129)","logger":"task.stdout"}
{"timestamp":"2026-03-10T00:33:41.839576Z","level":"info","event":"\t\tat org.apache.spark.sql.execution.adaptive.AdaptiveSparkPlanExec.$anonfun$executeCollect$1(AdaptiveSparkPlanExec.scala:396)","logger":"task.stdout"}
{"timestamp":"2026-03-10T00:33:41.839592Z","level":"info","event":"\t\tat org.apache.spark.sql.execution.adaptive.ResultQueryStageExec.$anonfun$doMaterialize$1(QueryStageExec.scala:328)","logger":"task.stdout"}
{"timestamp":"2026-03-10T00:33:41.839775Z","level":"info","event":"\t\tat org.apache.spark.sql.execution.SQLExecution$.$anonfun$withThreadLocalCaptured$4(SQLExecution.scala:335)","logger":"task.stdout"}
{"timestamp":"2026-03-10T00:33:41.839797Z","level":"info","event":"\t\tat org.apache.spark.sql.execution.SQLExecution$.withSessionTagsApplied(SQLExecution.scala:285)","logger":"task.stdout"}
{"timestamp":"2026-03-10T00:33:41.839817Z","level":"info","event":"\t\tat org.apache.spark.sql.execution.SQLExecution$.$anonfun$withThreadLocalCaptured$3(SQLExecution.scala:333)","logger":"task.stdout"}
{"timestamp":"2026-03-10T00:33:41.839837Z","level":"info","event":"\t\tat org.apache.spark.JobArtifactSet$.withActiveJobArtifactState(JobArtifactSet.scala:94)","logger":"task.stdout"}
{"timestamp":"2026-03-10T00:33:41.839986Z","level":"info","event":"\t\tat org.apache.spark.sql.execution.SQLExecution$.$anonfun$withThreadLocalCaptured$2(SQLExecution.scala:329)","logger":"task.stdout"}
{"timestamp":"2026-03-10T00:33:41.840116Z","level":"info","event":"\t\tat java.base/java.util.concurrent.CompletableFuture$AsyncSupply.run(CompletableFuture.java:1768)","logger":"task.stdout"}
{"timestamp":"2026-03-10T00:33:41.840172Z","level":"info","event":"\t\tat java.base/java.util.concurrent.ThreadPoolExecutor.runWorker(ThreadPoolExecutor.java:1144)","logger":"task.stdout"}
{"timestamp":"2026-03-10T00:33:41.840231Z","level":"info","event":"\t\tat java.base/java.util.concurrent.ThreadPoolExecutor$Worker.run(ThreadPoolExecutor.java:642)","logger":"task.stdout"}
{"timestamp":"2026-03-10T00:33:41.840281Z","level":"info","event":"\t\t... 1 more","logger":"task.stdout"}
{"timestamp":"2026-03-10T00:33:41.840305Z","level":"info","event":"","logger":"task.stdout"}
{"timestamp":"2026-03-10T00:33:41.840333Z","level":"info","event":"","logger":"task.stdout"}
