{"timestamp":"2026-03-10T00:55:26.194839Z","level":"info","event":"DAG bundles loaded: dags-folder, example_dags","logger":"airflow.dag_processing.bundles.manager.DagBundlesManager","filename":"manager.py","lineno":179}
{"timestamp":"2026-03-10T00:55:26.195069Z","level":"info","event":"Filling up the DagBag from /Users/sujithsuji/uber-trip-pipeline/airflow/dags/trip_pipeline_dag.py","logger":"airflow.models.dagbag.BundleDagBag","filename":"dagbag.py","lineno":593}
{"timestamp":"2026-03-10T00:55:26.199027Z","level":"warning","event":"The `airflow.operators.python.PythonOperator` attribute is deprecated. Please use `'airflow.providers.standard.operators.python.PythonOperator'`.","category":"DeprecatedImportWarning","filename":"/Users/sujithsuji/uber-trip-pipeline/airflow/dags/trip_pipeline_dag.py","lineno":2,"logger":"py.warnings"}
{"timestamp":"2026-03-10T00:55:26.199077Z","level":"warning","event":"The `airflow.operators.bash.BashOperator` attribute is deprecated. Please use `'airflow.providers.standard.operators.bash.BashOperator'`.","category":"DeprecatedImportWarning","filename":"/Users/sujithsuji/uber-trip-pipeline/airflow/dags/trip_pipeline_dag.py","lineno":3,"logger":"py.warnings"}
{"timestamp":"2026-03-10T00:55:26.214594Z","level":"info","event":"Task instance is in running state","logger":"task.stdout"}
{"timestamp":"2026-03-10T00:55:26.214649Z","level":"info","event":" Previous state of the Task instance: TaskInstanceState.QUEUED","logger":"task.stdout"}
{"timestamp":"2026-03-10T00:55:26.214913Z","level":"info","event":"Current task name:dbt_run","logger":"task.stdout"}
{"timestamp":"2026-03-10T00:55:26.214937Z","level":"info","event":"Dag name:uber_trip_pipeline","logger":"task.stdout"}
{"timestamp":"2026-03-10T00:55:26.215143Z","level":"info","event":"Tmp dir root location: /var/folders/f6/7ll0qx9x4m3_qd296xhbqjd40000gn/T","logger":"airflow.task.hooks.airflow.providers.standard.hooks.subprocess.SubprocessHook","filename":"subprocess.py","lineno":78}
{"timestamp":"2026-03-10T00:55:26.215408Z","level":"info","event":"Running command: ['/bin/bash', '-c', 'cd /Users/sujithsuji/uber-trip-pipeline/dbt_project && /Users/sujithsuji/uber-trip-pipeline/venv311/bin/dbt run']","logger":"airflow.task.hooks.airflow.providers.standard.hooks.subprocess.SubprocessHook","filename":"subprocess.py","lineno":80}
{"timestamp":"2026-03-10T00:55:26.220790Z","level":"info","event":"Output:","logger":"airflow.task.hooks.airflow.providers.standard.hooks.subprocess.SubprocessHook","filename":"subprocess.py","lineno":92}
{"timestamp":"2026-03-10T00:55:27.039465Z","level":"info","event":"\u001b[0m00:55:27  Running with dbt=1.11.7","logger":"airflow.task.hooks.airflow.providers.standard.hooks.subprocess.SubprocessHook","filename":"subprocess.py","lineno":99}
{"timestamp":"2026-03-10T00:55:27.142914Z","level":"info","event":"\u001b[0m00:55:27  Registered adapter: postgres=1.10.0","logger":"airflow.task.hooks.airflow.providers.standard.hooks.subprocess.SubprocessHook","filename":"subprocess.py","lineno":99}
{"timestamp":"2026-03-10T00:55:27.245357Z","level":"info","event":"\u001b[0m00:55:27  [\u001b[33mWARNING\u001b[0m]: Configuration paths exist in your dbt_project.yml file which do not apply to any resources.","logger":"airflow.task.hooks.airflow.providers.standard.hooks.subprocess.SubprocessHook","filename":"subprocess.py","lineno":99}
{"timestamp":"2026-03-10T00:55:27.245420Z","level":"info","event":"There are 1 unused configuration paths:","logger":"airflow.task.hooks.airflow.providers.standard.hooks.subprocess.SubprocessHook","filename":"subprocess.py","lineno":99}
{"timestamp":"2026-03-10T00:55:27.245441Z","level":"info","event":"- models.dbt_project.intermediate","logger":"airflow.task.hooks.airflow.providers.standard.hooks.subprocess.SubprocessHook","filename":"subprocess.py","lineno":99}
{"timestamp":"2026-03-10T00:55:27.302944Z","level":"info","event":"\u001b[0m00:55:27  Found 7 models, 12 data tests, 464 macros","logger":"airflow.task.hooks.airflow.providers.standard.hooks.subprocess.SubprocessHook","filename":"subprocess.py","lineno":99}
{"timestamp":"2026-03-10T00:55:27.304119Z","level":"info","event":"\u001b[0m00:55:27","logger":"airflow.task.hooks.airflow.providers.standard.hooks.subprocess.SubprocessHook","filename":"subprocess.py","lineno":99}
{"timestamp":"2026-03-10T00:55:27.304273Z","level":"info","event":"\u001b[0m00:55:27  Concurrency: 4 threads (target='dev')","logger":"airflow.task.hooks.airflow.providers.standard.hooks.subprocess.SubprocessHook","filename":"subprocess.py","lineno":99}
{"timestamp":"2026-03-10T00:55:27.304392Z","level":"info","event":"\u001b[0m00:55:27","logger":"airflow.task.hooks.airflow.providers.standard.hooks.subprocess.SubprocessHook","filename":"subprocess.py","lineno":99}
{"timestamp":"2026-03-10T00:55:27.954055Z","level":"info","event":"\u001b[0m00:55:27  1 of 7 START sql view model analytics_staging.stg_customers .................... [RUN]","logger":"airflow.task.hooks.airflow.providers.standard.hooks.subprocess.SubprocessHook","filename":"subprocess.py","lineno":99}
{"timestamp":"2026-03-10T00:55:27.954441Z","level":"info","event":"\u001b[0m00:55:27  2 of 7 START sql view model analytics_staging.stg_drivers ...................... [RUN]","logger":"airflow.task.hooks.airflow.providers.standard.hooks.subprocess.SubprocessHook","filename":"subprocess.py","lineno":99}
{"timestamp":"2026-03-10T00:55:27.954867Z","level":"info","event":"\u001b[0m00:55:27  3 of 7 START sql view model analytics_staging.stg_trips ........................ [RUN]","logger":"airflow.task.hooks.airflow.providers.standard.hooks.subprocess.SubprocessHook","filename":"subprocess.py","lineno":99}
{"timestamp":"2026-03-10T00:55:28.286107Z","level":"info","event":"\u001b[0m00:55:28  1 of 7 OK created sql view model analytics_staging.stg_customers ............... [\u001b[32mCREATE VIEW\u001b[0m in 0.33s]","logger":"airflow.task.hooks.airflow.providers.standard.hooks.subprocess.SubprocessHook","filename":"subprocess.py","lineno":99}
{"timestamp":"2026-03-10T00:55:28.286655Z","level":"info","event":"\u001b[0m00:55:28  2 of 7 OK created sql view model analytics_staging.stg_drivers ................. [\u001b[32mCREATE VIEW\u001b[0m in 0.33s]","logger":"airflow.task.hooks.airflow.providers.standard.hooks.subprocess.SubprocessHook","filename":"subprocess.py","lineno":99}
{"timestamp":"2026-03-10T00:55:28.287330Z","level":"info","event":"\u001b[0m00:55:28  3 of 7 OK created sql view model analytics_staging.stg_trips ................... [\u001b[32mCREATE VIEW\u001b[0m in 0.33s]","logger":"airflow.task.hooks.airflow.providers.standard.hooks.subprocess.SubprocessHook","filename":"subprocess.py","lineno":99}
{"timestamp":"2026-03-10T00:55:28.288900Z","level":"info","event":"\u001b[0m00:55:28  4 of 7 START sql table model analytics_analytics.fct_trips ..................... [RUN]","logger":"airflow.task.hooks.airflow.providers.standard.hooks.subprocess.SubprocessHook","filename":"subprocess.py","lineno":99}
{"timestamp":"2026-03-10T00:55:28.797678Z","level":"info","event":"\u001b[0m00:55:28  4 of 7 OK created sql table model analytics_analytics.fct_trips ................ [\u001b[32mSELECT 10000\u001b[0m in 0.51s]","logger":"airflow.task.hooks.airflow.providers.standard.hooks.subprocess.SubprocessHook","filename":"subprocess.py","lineno":99}
{"timestamp":"2026-03-10T00:55:28.800476Z","level":"info","event":"\u001b[0m00:55:28  5 of 7 START sql table model analytics_analytics.agg_driver_performance ........ [RUN]","logger":"airflow.task.hooks.airflow.providers.standard.hooks.subprocess.SubprocessHook","filename":"subprocess.py","lineno":99}
{"timestamp":"2026-03-10T00:55:28.801747Z","level":"info","event":"\u001b[0m00:55:28  6 of 7 START sql table model analytics_analytics.agg_hourly_demand ............. [RUN]","logger":"airflow.task.hooks.airflow.providers.standard.hooks.subprocess.SubprocessHook","filename":"subprocess.py","lineno":99}
{"timestamp":"2026-03-10T00:55:28.802896Z","level":"info","event":"\u001b[0m00:55:28  7 of 7 START sql table model analytics_analytics.agg_zone_revenue .............. [RUN]","logger":"airflow.task.hooks.airflow.providers.standard.hooks.subprocess.SubprocessHook","filename":"subprocess.py","lineno":99}
{"timestamp":"2026-03-10T00:55:29.181827Z","level":"info","event":"\u001b[0m00:55:29  7 of 7 OK created sql table model analytics_analytics.agg_zone_revenue ......... [\u001b[32mSELECT 8\u001b[0m in 0.38s]","logger":"airflow.task.hooks.airflow.providers.standard.hooks.subprocess.SubprocessHook","filename":"subprocess.py","lineno":99}
{"timestamp":"2026-03-10T00:55:29.182483Z","level":"info","event":"\u001b[0m00:55:29  5 of 7 OK created sql table model analytics_analytics.agg_driver_performance ... [\u001b[32mSELECT 200\u001b[0m in 0.38s]","logger":"airflow.task.hooks.airflow.providers.standard.hooks.subprocess.SubprocessHook","filename":"subprocess.py","lineno":99}
{"timestamp":"2026-03-10T00:55:29.183165Z","level":"info","event":"\u001b[0m00:55:29  6 of 7 OK created sql table model analytics_analytics.agg_hourly_demand ........ [\u001b[32mSELECT 24\u001b[0m in 0.38s]","logger":"airflow.task.hooks.airflow.providers.standard.hooks.subprocess.SubprocessHook","filename":"subprocess.py","lineno":99}
{"timestamp":"2026-03-10T00:55:29.344623Z","level":"info","event":"\u001b[0m00:55:29","logger":"airflow.task.hooks.airflow.providers.standard.hooks.subprocess.SubprocessHook","filename":"subprocess.py","lineno":99}
{"timestamp":"2026-03-10T00:55:29.344947Z","level":"info","event":"\u001b[0m00:55:29  Finished running 4 table models, 3 view models in 0 hours 0 minutes and 2.04 seconds (2.04s).","logger":"airflow.task.hooks.airflow.providers.standard.hooks.subprocess.SubprocessHook","filename":"subprocess.py","lineno":99}
{"timestamp":"2026-03-10T00:55:29.383790Z","level":"info","event":"\u001b[0m00:55:29","logger":"airflow.task.hooks.airflow.providers.standard.hooks.subprocess.SubprocessHook","filename":"subprocess.py","lineno":99}
{"timestamp":"2026-03-10T00:55:29.384033Z","level":"info","event":"\u001b[0m00:55:29  \u001b[32mCompleted successfully\u001b[0m","logger":"airflow.task.hooks.airflow.providers.standard.hooks.subprocess.SubprocessHook","filename":"subprocess.py","lineno":99}
{"timestamp":"2026-03-10T00:55:29.384250Z","level":"info","event":"\u001b[0m00:55:29","logger":"airflow.task.hooks.airflow.providers.standard.hooks.subprocess.SubprocessHook","filename":"subprocess.py","lineno":99}
{"timestamp":"2026-03-10T00:55:29.384562Z","level":"info","event":"\u001b[0m00:55:29  Done. PASS=7 WARN=0 ERROR=0 SKIP=0 NO-OP=0 TOTAL=7","logger":"airflow.task.hooks.airflow.providers.standard.hooks.subprocess.SubprocessHook","filename":"subprocess.py","lineno":99}
{"timestamp":"2026-03-10T00:55:29.600783Z","level":"info","event":"Command exited with return code 0","logger":"airflow.task.hooks.airflow.providers.standard.hooks.subprocess.SubprocessHook","filename":"subprocess.py","lineno":103}
{"timestamp":"2026-03-10T00:55:29.601512Z","level":"info","event":"Pushing xcom","ti":"RuntimeTaskInstance(id=UUID('019cd53d-9f21-71df-af18-8d0fe14ff101'), task_id='dbt_run', dag_id='uber_trip_pipeline', run_id='manual__2026-03-10T00:45:03.953266+00:00', try_number=1, dag_version_id=UUID('019cd50e-bfd1-7767-8d8d-4c5efd53a219'), map_index=-1, hostname='sujiths-laptop.local', context_carrier={}, task=<Task(BashOperator): dbt_run>, bundle_instance=LocalDagBundle(name=dags-folder), max_tries=1, start_date=datetime.datetime(2026, 3, 10, 0, 55, 25, 820340, tzinfo=datetime.timezone.utc), end_date=None, state=<TaskInstanceState.RUNNING: 'running'>, is_mapped=False, rendered_map_index=None)","logger":"task","filename":"task_runner.py","lineno":1522}
{"timestamp":"2026-03-10T00:55:29.611622Z","level":"info","event":"Task instance in success state","logger":"task.stdout"}
{"timestamp":"2026-03-10T00:55:29.611670Z","level":"info","event":" Previous state of the Task instance: TaskInstanceState.RUNNING","logger":"task.stdout"}
{"timestamp":"2026-03-10T00:55:29.612170Z","level":"info","event":"Task operator:<Task(BashOperator): dbt_run>","logger":"task.stdout"}
