{"timestamp":"2026-03-10T00:33:44.395720Z","level":"info","event":"DAG bundles loaded: dags-folder, example_dags","logger":"airflow.dag_processing.bundles.manager.DagBundlesManager","filename":"manager.py","lineno":179}
{"timestamp":"2026-03-10T00:33:44.395954Z","level":"info","event":"Filling up the DagBag from /Users/sujithsuji/uber-trip-pipeline/airflow/dags/trip_pipeline_dag.py","logger":"airflow.models.dagbag.BundleDagBag","filename":"dagbag.py","lineno":593}
{"timestamp":"2026-03-10T00:33:44.399771Z","level":"warning","event":"The `airflow.operators.python.PythonOperator` attribute is deprecated. Please use `'airflow.providers.standard.operators.python.PythonOperator'`.","category":"DeprecatedImportWarning","filename":"/Users/sujithsuji/uber-trip-pipeline/airflow/dags/trip_pipeline_dag.py","lineno":2,"logger":"py.warnings"}
{"timestamp":"2026-03-10T00:33:44.399813Z","level":"warning","event":"The `airflow.operators.bash.BashOperator` attribute is deprecated. Please use `'airflow.providers.standard.operators.bash.BashOperator'`.","category":"DeprecatedImportWarning","filename":"/Users/sujithsuji/uber-trip-pipeline/airflow/dags/trip_pipeline_dag.py","lineno":3,"logger":"py.warnings"}
{"timestamp":"2026-03-10T00:33:44.406940Z","level":"info","event":"Task instance is in running state","logger":"task.stdout"}
{"timestamp":"2026-03-10T00:33:44.406986Z","level":"info","event":" Previous state of the Task instance: TaskInstanceState.QUEUED","logger":"task.stdout"}
{"timestamp":"2026-03-10T00:33:44.407218Z","level":"info","event":"Current task name:gold_transform","logger":"task.stdout"}
{"timestamp":"2026-03-10T00:33:44.407240Z","level":"info","event":"Dag name:uber_trip_pipeline","logger":"task.stdout"}
{"timestamp":"2026-03-10T00:33:48.661710Z","level":"info","event":"✅ Spark Session started","logger":"task.stdout"}
{"timestamp":"2026-03-10T00:33:48.662284Z","level":"info","event":"","logger":"task.stdout"}
{"timestamp":"2026-03-10T00:33:48.662179Z","level":"error","event":"Task failed with exception","logger":"task","filename":"task_runner.py","lineno":1142,"error_detail":[{"exc_type":"Exception","exc_value":"WARNING: Using incubator modules: jdk.incubator.vector\nUsing Spark's default log4j profile: org/apache/spark/log4j2-defaults.properties\n26/03/09 20:33:45 WARN Utils: Your hostname, Sujiths-Laptop.local, resolves to a loopback address: 127.0.0.1; using 192.168.1.230 instead (on interface en0)\n26/03/09 20:33:45 WARN Utils: Set SPARK_LOCAL_IP if you need to bind to another address\nUsing Spark's default log4j profile: org/apache/spark/log4j2-defaults.properties\nSetting default log level to \"WARN\".\nTo adjust logging level use sc.setLogLevel(newLevel). For SparkR, use setLogLevel(newLevel).\n26/03/09 20:33:45 WARN NativeCodeLoader: Unable to load native-hadoop library for your platform... using builtin-java classes where applicable\nTraceback (most recent call last):\n  File \"/Users/sujithsuji/uber-trip-pipeline/transformations/silver_to_gold.py\", line 14, in <module>\n    df = spark.read.parquet(\"data/processed/silver_trips/\")\n         ^^^^^^^^^^^^^^^^^^^^^^^^^^^^^^^^^^^^^^^^^^^^^^^^^^\n  File \"/Users/sujithsuji/uber-trip-pipeline/venv311/lib/python3.11/site-packages/pyspark/sql/readwriter.py\", line 642, in parquet\n    return self._df(self._jreader.parquet(_to_seq(self._spark._sc, paths)))\n                    ^^^^^^^^^^^^^^^^^^^^^^^^^^^^^^^^^^^^^^^^^^^^^^^^^^^^^^\n  File \"/Users/sujithsuji/uber-trip-pipeline/venv311/lib/python3.11/site-packages/py4j/java_gateway.py\", line 1362, in __call__\n    return_value = get_return_value(\n                   ^^^^^^^^^^^^^^^^^\n  File \"/Users/sujithsuji/uber-trip-pipeline/venv311/lib/python3.11/site-packages/pyspark/errors/exceptions/captured.py\", line 269, in deco\n    raise converted from None\npyspark.errors.exceptions.captured.AnalysisException: [UNABLE_TO_INFER_SCHEMA] Unable to infer schema for Parquet. It must be specified manually. SQLSTATE: 42KD9\n","exc_notes":[],"syntax_error":null,"is_cause":false,"frames":[{"filename":"/Users/sujithsuji/uber-trip-pipeline/venv311/lib/python3.11/site-packages/airflow/sdk/execution_time/task_runner.py","lineno":1068,"name":"run"},{"filename":"/Users/sujithsuji/uber-trip-pipeline/venv311/lib/python3.11/site-packages/airflow/sdk/execution_time/task_runner.py","lineno":1477,"name":"_execute_task"},{"filename":"/Users/sujithsuji/uber-trip-pipeline/venv311/lib/python3.11/site-packages/airflow/sdk/bases/operator.py","lineno":417,"name":"wrapper"},{"filename":"/Users/sujithsuji/uber-trip-pipeline/venv311/lib/python3.11/site-packages/airflow/providers/standard/operators/python.py","lineno":228,"name":"execute"},{"filename":"/Users/sujithsuji/uber-trip-pipeline/venv311/lib/python3.11/site-packages/airflow/providers/standard/operators/python.py","lineno":251,"name":"execute_callable"},{"filename":"/Users/sujithsuji/uber-trip-pipeline/venv311/lib/python3.11/site-packages/airflow/sdk/execution_time/callback_runner.py","lineno":82,"name":"run"},{"filename":"/Users/sujithsuji/uber-trip-pipeline/airflow/dags/trip_pipeline_dag.py","lineno":52,"name":"run_gold"}],"is_group":false,"exceptions":[]}]}
{"timestamp":"2026-03-10T00:33:48.677449Z","level":"info","event":"Task instance in failure state","logger":"task.stdout"}
{"timestamp":"2026-03-10T00:33:48.678408Z","level":"info","event":"Task start","logger":"task.stdout"}
{"timestamp":"2026-03-10T00:33:48.678506Z","level":"info","event":"Task:<Task(PythonOperator): gold_transform>","logger":"task.stdout"}
{"timestamp":"2026-03-10T00:33:48.678541Z","level":"info","event":"Failure caused by WARNING: Using incubator modules: jdk.incubator.vector","logger":"task.stdout"}
{"timestamp":"2026-03-10T00:33:48.678579Z","level":"info","event":"Using Spark's default log4j profile: org/apache/spark/log4j2-defaults.properties","logger":"task.stdout"}
{"timestamp":"2026-03-10T00:33:48.678609Z","level":"info","event":"26/03/09 20:33:45 WARN Utils: Your hostname, Sujiths-Laptop.local, resolves to a loopback address: 127.0.0.1; using 192.168.1.230 instead (on interface en0)","logger":"task.stdout"}
{"timestamp":"2026-03-10T00:33:48.678643Z","level":"info","event":"26/03/09 20:33:45 WARN Utils: Set SPARK_LOCAL_IP if you need to bind to another address","logger":"task.stdout"}
{"timestamp":"2026-03-10T00:33:48.678680Z","level":"info","event":"Using Spark's default log4j profile: org/apache/spark/log4j2-defaults.properties","logger":"task.stdout"}
{"timestamp":"2026-03-10T00:33:48.678716Z","level":"info","event":"Setting default log level to \"WARN\".","logger":"task.stdout"}
{"timestamp":"2026-03-10T00:33:48.678745Z","level":"info","event":"To adjust logging level use sc.setLogLevel(newLevel). For SparkR, use setLogLevel(newLevel).","logger":"task.stdout"}
{"timestamp":"2026-03-10T00:33:48.678780Z","level":"info","event":"26/03/09 20:33:45 WARN NativeCodeLoader: Unable to load native-hadoop library for your platform... using builtin-java classes where applicable","logger":"task.stdout"}
{"timestamp":"2026-03-10T00:33:48.678809Z","level":"info","event":"Traceback (most recent call last):","logger":"task.stdout"}
{"timestamp":"2026-03-10T00:33:48.678836Z","level":"info","event":"  File \"/Users/sujithsuji/uber-trip-pipeline/transformations/silver_to_gold.py\", line 14, in <module>","logger":"task.stdout"}
{"timestamp":"2026-03-10T00:33:48.678865Z","level":"info","event":"    df = spark.read.parquet(\"data/processed/silver_trips/\")","logger":"task.stdout"}
{"timestamp":"2026-03-10T00:33:48.678892Z","level":"info","event":"         ^^^^^^^^^^^^^^^^^^^^^^^^^^^^^^^^^^^^^^^^^^^^^^^^^^","logger":"task.stdout"}
{"timestamp":"2026-03-10T00:33:48.678919Z","level":"info","event":"  File \"/Users/sujithsuji/uber-trip-pipeline/venv311/lib/python3.11/site-packages/pyspark/sql/readwriter.py\", line 642, in parquet","logger":"task.stdout"}
{"timestamp":"2026-03-10T00:33:48.678953Z","level":"info","event":"    return self._df(self._jreader.parquet(_to_seq(self._spark._sc, paths)))","logger":"task.stdout"}
{"timestamp":"2026-03-10T00:33:48.678980Z","level":"info","event":"                    ^^^^^^^^^^^^^^^^^^^^^^^^^^^^^^^^^^^^^^^^^^^^^^^^^^^^^^","logger":"task.stdout"}
{"timestamp":"2026-03-10T00:33:48.679018Z","level":"info","event":"  File \"/Users/sujithsuji/uber-trip-pipeline/venv311/lib/python3.11/site-packages/py4j/java_gateway.py\", line 1362, in __call__","logger":"task.stdout"}
{"timestamp":"2026-03-10T00:33:48.679045Z","level":"info","event":"    return_value = get_return_value(","logger":"task.stdout"}
{"timestamp":"2026-03-10T00:33:48.679071Z","level":"info","event":"                   ^^^^^^^^^^^^^^^^^","logger":"task.stdout"}
{"timestamp":"2026-03-10T00:33:48.679097Z","level":"info","event":"  File \"/Users/sujithsuji/uber-trip-pipeline/venv311/lib/python3.11/site-packages/pyspark/errors/exceptions/captured.py\", line 269, in deco","logger":"task.stdout"}
{"timestamp":"2026-03-10T00:33:48.679132Z","level":"info","event":"    raise converted from None","logger":"task.stdout"}
{"timestamp":"2026-03-10T00:33:48.679158Z","level":"info","event":"pyspark.errors.exceptions.captured.AnalysisException: [UNABLE_TO_INFER_SCHEMA] Unable to infer schema for Parquet. It must be specified manually. SQLSTATE: 42KD9","logger":"task.stdout"}
{"timestamp":"2026-03-10T00:33:48.679185Z","level":"info","event":"","logger":"task.stdout"}
