{"timestamp":"2026-03-10T00:55:16.432259Z","level":"info","event":"DAG bundles loaded: dags-folder, example_dags","logger":"airflow.dag_processing.bundles.manager.DagBundlesManager","filename":"manager.py","lineno":179}
{"timestamp":"2026-03-10T00:55:16.432546Z","level":"info","event":"Filling up the DagBag from /Users/sujithsuji/uber-trip-pipeline/airflow/dags/trip_pipeline_dag.py","logger":"airflow.models.dagbag.BundleDagBag","filename":"dagbag.py","lineno":593}
{"timestamp":"2026-03-10T00:55:16.437602Z","level":"warning","event":"The `airflow.operators.python.PythonOperator` attribute is deprecated. Please use `'airflow.providers.standard.operators.python.PythonOperator'`.","category":"DeprecatedImportWarning","filename":"/Users/sujithsuji/uber-trip-pipeline/airflow/dags/trip_pipeline_dag.py","lineno":2,"logger":"py.warnings"}
{"timestamp":"2026-03-10T00:55:16.437658Z","level":"warning","event":"The `airflow.operators.bash.BashOperator` attribute is deprecated. Please use `'airflow.providers.standard.operators.bash.BashOperator'`.","category":"DeprecatedImportWarning","filename":"/Users/sujithsuji/uber-trip-pipeline/airflow/dags/trip_pipeline_dag.py","lineno":3,"logger":"py.warnings"}
{"timestamp":"2026-03-10T00:55:16.461546Z","level":"info","event":"Task instance is in running state","logger":"task.stdout"}
{"timestamp":"2026-03-10T00:55:16.461700Z","level":"info","event":" Previous state of the Task instance: TaskInstanceState.QUEUED","logger":"task.stdout"}
{"timestamp":"2026-03-10T00:55:16.462542Z","level":"info","event":"Current task name:upload_s3_bronze","logger":"task.stdout"}
{"timestamp":"2026-03-10T00:55:16.462630Z","level":"info","event":"Dag name:uber_trip_pipeline","logger":"task.stdout"}
{"timestamp":"2026-03-10T00:55:17.893731Z","level":"info","event":"","logger":"task.stdout"}
{"timestamp":"2026-03-10T00:55:17.894407Z","level":"info","event":"🚀 Uploading to S3 Bronze Layer...","logger":"task.stdout"}
{"timestamp":"2026-03-10T00:55:17.894450Z","level":"info","event":"   Bucket: uber-trip-pipeline-sujith","logger":"task.stdout"}
{"timestamp":"2026-03-10T00:55:17.894475Z","level":"info","event":"   Date partition: year=2026/month=03/day=09","logger":"task.stdout"}
{"timestamp":"2026-03-10T00:55:17.894521Z","level":"info","event":"","logger":"task.stdout"}
{"timestamp":"2026-03-10T00:55:17.894545Z","level":"info","event":"Uploading data/raw/trips.csv → s3://uber-trip-pipeline-sujith/bronze/trips/year=2026/month=03/day=09/trips.csv","logger":"task.stdout"}
{"timestamp":"2026-03-10T00:55:17.894572Z","level":"info","event":"✅ Uploaded successfully!","logger":"task.stdout"}
{"timestamp":"2026-03-10T00:55:17.894593Z","level":"info","event":"Uploading data/raw/drivers.csv → s3://uber-trip-pipeline-sujith/bronze/drivers/year=2026/month=03/day=09/drivers.csv","logger":"task.stdout"}
{"timestamp":"2026-03-10T00:55:17.894616Z","level":"info","event":"✅ Uploaded successfully!","logger":"task.stdout"}
{"timestamp":"2026-03-10T00:55:17.894647Z","level":"info","event":"Uploading data/raw/customers.csv → s3://uber-trip-pipeline-sujith/bronze/customers/year=2026/month=03/day=09/customers.csv","logger":"task.stdout"}
{"timestamp":"2026-03-10T00:55:17.894674Z","level":"info","event":"✅ Uploaded successfully!","logger":"task.stdout"}
{"timestamp":"2026-03-10T00:55:17.894699Z","level":"info","event":"","logger":"task.stdout"}
{"timestamp":"2026-03-10T00:55:17.894717Z","level":"info","event":"📂 Verifying S3 Bronze Layer contents:","logger":"task.stdout"}
{"timestamp":"2026-03-10T00:55:17.894736Z","level":"info","event":"   ✅ bronze/customers/year=2026/month=03/day=09/customers.csv (17.8 KB)","logger":"task.stdout"}
{"timestamp":"2026-03-10T00:55:17.894754Z","level":"info","event":"   ✅ bronze/drivers/year=2026/month=03/day=09/drivers.csv (10.5 KB)","logger":"task.stdout"}
{"timestamp":"2026-03-10T00:55:17.894771Z","level":"info","event":"   ✅ bronze/trips/year=2026/month=03/day=09/trips.csv (1436.4 KB)","logger":"task.stdout"}
{"timestamp":"2026-03-10T00:55:17.894789Z","level":"info","event":"","logger":"task.stdout"}
{"timestamp":"2026-03-10T00:55:17.894831Z","level":"info","event":"🎉 Bronze Layer upload complete!","logger":"task.stdout"}
{"timestamp":"2026-03-10T00:55:17.894849Z","level":"info","event":"","logger":"task.stdout"}
{"timestamp":"2026-03-10T00:55:17.895052Z","level":"info","event":"Done. Returned value was: None","logger":"airflow.task.operators.airflow.providers.standard.operators.python.PythonOperator","filename":"python.py","lineno":230}
{"timestamp":"2026-03-10T00:55:17.905464Z","level":"info","event":"Task instance in success state","logger":"task.stdout"}
{"timestamp":"2026-03-10T00:55:17.905548Z","level":"info","event":" Previous state of the Task instance: TaskInstanceState.RUNNING","logger":"task.stdout"}
{"timestamp":"2026-03-10T00:55:17.906555Z","level":"info","event":"Task operator:<Task(PythonOperator): upload_s3_bronze>","logger":"task.stdout"}
