{"timestamp":"2026-03-10T00:55:19.670702Z","level":"info","event":"DAG bundles loaded: dags-folder, example_dags","logger":"airflow.dag_processing.bundles.manager.DagBundlesManager","filename":"manager.py","lineno":179}
{"timestamp":"2026-03-10T00:55:19.670961Z","level":"info","event":"Filling up the DagBag from /Users/sujithsuji/uber-trip-pipeline/airflow/dags/trip_pipeline_dag.py","logger":"airflow.models.dagbag.BundleDagBag","filename":"dagbag.py","lineno":593}
{"timestamp":"2026-03-10T00:55:19.674893Z","level":"warning","event":"The `airflow.operators.python.PythonOperator` attribute is deprecated. Please use `'airflow.providers.standard.operators.python.PythonOperator'`.","category":"DeprecatedImportWarning","filename":"/Users/sujithsuji/uber-trip-pipeline/airflow/dags/trip_pipeline_dag.py","lineno":2,"logger":"py.warnings"}
{"timestamp":"2026-03-10T00:55:19.674942Z","level":"warning","event":"The `airflow.operators.bash.BashOperator` attribute is deprecated. Please use `'airflow.providers.standard.operators.bash.BashOperator'`.","category":"DeprecatedImportWarning","filename":"/Users/sujithsuji/uber-trip-pipeline/airflow/dags/trip_pipeline_dag.py","lineno":3,"logger":"py.warnings"}
{"timestamp":"2026-03-10T00:55:19.693917Z","level":"info","event":"Task instance is in running state","logger":"task.stdout"}
{"timestamp":"2026-03-10T00:55:19.694090Z","level":"info","event":" Previous state of the Task instance: TaskInstanceState.QUEUED","logger":"task.stdout"}
{"timestamp":"2026-03-10T00:55:19.694646Z","level":"info","event":"Current task name:dbt_run","logger":"task.stdout"}
{"timestamp":"2026-03-10T00:55:19.694696Z","level":"info","event":"Dag name:uber_trip_pipeline","logger":"task.stdout"}
{"timestamp":"2026-03-10T00:55:19.694935Z","level":"info","event":"Tmp dir root location: /var/folders/f6/7ll0qx9x4m3_qd296xhbqjd40000gn/T","logger":"airflow.task.hooks.airflow.providers.standard.hooks.subprocess.SubprocessHook","filename":"subprocess.py","lineno":78}
{"timestamp":"2026-03-10T00:55:19.695293Z","level":"info","event":"Running command: ['/bin/bash', '-c', 'cd /Users/sujithsuji/uber-trip-pipeline/dbt_project && /Users/sujithsuji/uber-trip-pipeline/venv311/bin/dbt run']","logger":"airflow.task.hooks.airflow.providers.standard.hooks.subprocess.SubprocessHook","filename":"subprocess.py","lineno":80}
{"timestamp":"2026-03-10T00:55:19.702170Z","level":"info","event":"Output:","logger":"airflow.task.hooks.airflow.providers.standard.hooks.subprocess.SubprocessHook","filename":"subprocess.py","lineno":92}
{"timestamp":"2026-03-10T00:55:20.969921Z","level":"info","event":"\u001b[0m00:55:20  Running with dbt=1.11.7","logger":"airflow.task.hooks.airflow.providers.standard.hooks.subprocess.SubprocessHook","filename":"subprocess.py","lineno":99}
{"timestamp":"2026-03-10T00:55:21.125405Z","level":"info","event":"\u001b[0m00:55:21  Registered adapter: postgres=1.10.0","logger":"airflow.task.hooks.airflow.providers.standard.hooks.subprocess.SubprocessHook","filename":"subprocess.py","lineno":99}
{"timestamp":"2026-03-10T00:55:21.294500Z","level":"info","event":"\u001b[0m00:55:21  [\u001b[33mWARNING\u001b[0m]: Configuration paths exist in your dbt_project.yml file which do not apply to any resources.","logger":"airflow.task.hooks.airflow.providers.standard.hooks.subprocess.SubprocessHook","filename":"subprocess.py","lineno":99}
{"timestamp":"2026-03-10T00:55:21.294641Z","level":"info","event":"There are 1 unused configuration paths:","logger":"airflow.task.hooks.airflow.providers.standard.hooks.subprocess.SubprocessHook","filename":"subprocess.py","lineno":99}
{"timestamp":"2026-03-10T00:55:21.294684Z","level":"info","event":"- models.dbt_project.intermediate","logger":"airflow.task.hooks.airflow.providers.standard.hooks.subprocess.SubprocessHook","filename":"subprocess.py","lineno":99}
{"timestamp":"2026-03-10T00:55:21.377280Z","level":"info","event":"\u001b[0m00:55:21  Found 7 models, 12 data tests, 464 macros","logger":"airflow.task.hooks.airflow.providers.standard.hooks.subprocess.SubprocessHook","filename":"subprocess.py","lineno":99}
{"timestamp":"2026-03-10T00:55:21.379022Z","level":"info","event":"\u001b[0m00:55:21","logger":"airflow.task.hooks.airflow.providers.standard.hooks.subprocess.SubprocessHook","filename":"subprocess.py","lineno":99}
{"timestamp":"2026-03-10T00:55:21.379289Z","level":"info","event":"\u001b[0m00:55:21  Concurrency: 4 threads (target='dev')","logger":"airflow.task.hooks.airflow.providers.standard.hooks.subprocess.SubprocessHook","filename":"subprocess.py","lineno":99}
{"timestamp":"2026-03-10T00:55:21.379640Z","level":"info","event":"\u001b[0m00:55:21","logger":"airflow.task.hooks.airflow.providers.standard.hooks.subprocess.SubprocessHook","filename":"subprocess.py","lineno":99}
{"timestamp":"2026-03-10T00:55:22.118588Z","level":"info","event":"\u001b[0m00:55:22  1 of 7 START sql view model analytics_staging.stg_customers .................... [RUN]","logger":"airflow.task.hooks.airflow.providers.standard.hooks.subprocess.SubprocessHook","filename":"subprocess.py","lineno":99}
{"timestamp":"2026-03-10T00:55:22.119193Z","level":"info","event":"\u001b[0m00:55:22  2 of 7 START sql view model analytics_staging.stg_drivers ...................... [RUN]","logger":"airflow.task.hooks.airflow.providers.standard.hooks.subprocess.SubprocessHook","filename":"subprocess.py","lineno":99}
{"timestamp":"2026-03-10T00:55:22.119757Z","level":"info","event":"\u001b[0m00:55:22  3 of 7 START sql view model analytics_staging.stg_trips ........................ [RUN]","logger":"airflow.task.hooks.airflow.providers.standard.hooks.subprocess.SubprocessHook","filename":"subprocess.py","lineno":99}
{"timestamp":"2026-03-10T00:55:22.471760Z","level":"info","event":"\u001b[0m00:55:22  1 of 7 OK created sql view model analytics_staging.stg_customers ............... [\u001b[32mCREATE VIEW\u001b[0m in 0.35s]","logger":"airflow.task.hooks.airflow.providers.standard.hooks.subprocess.SubprocessHook","filename":"subprocess.py","lineno":99}
{"timestamp":"2026-03-10T00:55:22.472022Z","level":"info","event":"\u001b[0m00:55:22  2 of 7 OK created sql view model analytics_staging.stg_drivers ................. [\u001b[32mCREATE VIEW\u001b[0m in 0.35s]","logger":"airflow.task.hooks.airflow.providers.standard.hooks.subprocess.SubprocessHook","filename":"subprocess.py","lineno":99}
{"timestamp":"2026-03-10T00:55:22.472283Z","level":"info","event":"\u001b[0m00:55:22  3 of 7 OK created sql view model analytics_staging.stg_trips ................... [\u001b[32mCREATE VIEW\u001b[0m in 0.35s]","logger":"airflow.task.hooks.airflow.providers.standard.hooks.subprocess.SubprocessHook","filename":"subprocess.py","lineno":99}
{"timestamp":"2026-03-10T00:55:22.474133Z","level":"info","event":"\u001b[0m00:55:22  4 of 7 START sql table model analytics_analytics.fct_trips ..................... [RUN]","logger":"airflow.task.hooks.airflow.providers.standard.hooks.subprocess.SubprocessHook","filename":"subprocess.py","lineno":99}
{"timestamp":"2026-03-10T00:55:22.887496Z","level":"info","event":"\u001b[0m00:55:22  4 of 7 OK created sql table model analytics_analytics.fct_trips ................ [\u001b[32mSELECT 10000\u001b[0m in 0.41s]","logger":"airflow.task.hooks.airflow.providers.standard.hooks.subprocess.SubprocessHook","filename":"subprocess.py","lineno":99}
{"timestamp":"2026-03-10T00:55:22.889561Z","level":"info","event":"\u001b[0m00:55:22  5 of 7 START sql table model analytics_analytics.agg_driver_performance ........ [RUN]","logger":"airflow.task.hooks.airflow.providers.standard.hooks.subprocess.SubprocessHook","filename":"subprocess.py","lineno":99}
{"timestamp":"2026-03-10T00:55:22.890177Z","level":"info","event":"\u001b[0m00:55:22  6 of 7 START sql table model analytics_analytics.agg_hourly_demand ............. [RUN]","logger":"airflow.task.hooks.airflow.providers.standard.hooks.subprocess.SubprocessHook","filename":"subprocess.py","lineno":99}
{"timestamp":"2026-03-10T00:55:22.891038Z","level":"info","event":"\u001b[0m00:55:22  7 of 7 START sql table model analytics_analytics.agg_zone_revenue .............. [RUN]","logger":"airflow.task.hooks.airflow.providers.standard.hooks.subprocess.SubprocessHook","filename":"subprocess.py","lineno":99}
{"timestamp":"2026-03-10T00:55:23.139293Z","level":"info","event":"\u001b[0m00:55:23  7 of 7 OK created sql table model analytics_analytics.agg_zone_revenue ......... [\u001b[32mSELECT 8\u001b[0m in 0.25s]","logger":"airflow.task.hooks.airflow.providers.standard.hooks.subprocess.SubprocessHook","filename":"subprocess.py","lineno":99}
{"timestamp":"2026-03-10T00:55:23.141237Z","level":"info","event":"\u001b[0m00:55:23  6 of 7 OK created sql table model analytics_analytics.agg_hourly_demand ........ [\u001b[32mSELECT 24\u001b[0m in 0.25s]","logger":"airflow.task.hooks.airflow.providers.standard.hooks.subprocess.SubprocessHook","filename":"subprocess.py","lineno":99}
{"timestamp":"2026-03-10T00:55:23.155510Z","level":"info","event":"\u001b[0m00:55:23  5 of 7 OK created sql table model analytics_analytics.agg_driver_performance ... [\u001b[32mSELECT 200\u001b[0m in 0.26s]","logger":"airflow.task.hooks.airflow.providers.standard.hooks.subprocess.SubprocessHook","filename":"subprocess.py","lineno":99}
{"timestamp":"2026-03-10T00:55:23.284999Z","level":"info","event":"\u001b[0m00:55:23","logger":"airflow.task.hooks.airflow.providers.standard.hooks.subprocess.SubprocessHook","filename":"subprocess.py","lineno":99}
{"timestamp":"2026-03-10T00:55:23.285161Z","level":"info","event":"\u001b[0m00:55:23  Finished running 4 table models, 3 view models in 0 hours 0 minutes and 1.91 seconds (1.91s).","logger":"airflow.task.hooks.airflow.providers.standard.hooks.subprocess.SubprocessHook","filename":"subprocess.py","lineno":99}
{"timestamp":"2026-03-10T00:55:23.305215Z","level":"info","event":"\u001b[0m00:55:23","logger":"airflow.task.hooks.airflow.providers.standard.hooks.subprocess.SubprocessHook","filename":"subprocess.py","lineno":99}
{"timestamp":"2026-03-10T00:55:23.305409Z","level":"info","event":"\u001b[0m00:55:23  \u001b[32mCompleted successfully\u001b[0m","logger":"airflow.task.hooks.airflow.providers.standard.hooks.subprocess.SubprocessHook","filename":"subprocess.py","lineno":99}
{"timestamp":"2026-03-10T00:55:23.305518Z","level":"info","event":"\u001b[0m00:55:23","logger":"airflow.task.hooks.airflow.providers.standard.hooks.subprocess.SubprocessHook","filename":"subprocess.py","lineno":99}
{"timestamp":"2026-03-10T00:55:23.305665Z","level":"info","event":"\u001b[0m00:55:23  Done. PASS=7 WARN=0 ERROR=0 SKIP=0 NO-OP=0 TOTAL=7","logger":"airflow.task.hooks.airflow.providers.standard.hooks.subprocess.SubprocessHook","filename":"subprocess.py","lineno":99}
{"timestamp":"2026-03-10T00:55:23.684177Z","level":"info","event":"Command exited with return code 0","logger":"airflow.task.hooks.airflow.providers.standard.hooks.subprocess.SubprocessHook","filename":"subprocess.py","lineno":103}
{"timestamp":"2026-03-10T00:55:23.685452Z","level":"info","event":"Pushing xcom","ti":"RuntimeTaskInstance(id=UUID('019cd534-5125-7006-9321-18ab8d02f850'), task_id='dbt_run', dag_id='uber_trip_pipeline', run_id='manual__2026-03-10T00:43:31.482007+00:00', try_number=1, dag_version_id=UUID('019cd50e-bfd1-7767-8d8d-4c5efd53a219'), map_index=-1, hostname='sujiths-laptop.local', context_carrier={}, task=<Task(BashOperator): dbt_run>, bundle_instance=LocalDagBundle(name=dags-folder), max_tries=1, start_date=datetime.datetime(2026, 3, 10, 0, 55, 19, 159492, tzinfo=datetime.timezone.utc), end_date=None, state=<TaskInstanceState.RUNNING: 'running'>, is_mapped=False, rendered_map_index=None)","logger":"task","filename":"task_runner.py","lineno":1522}
{"timestamp":"2026-03-10T00:55:23.700460Z","level":"info","event":"Task instance in success state","logger":"task.stdout"}
{"timestamp":"2026-03-10T00:55:23.700673Z","level":"info","event":" Previous state of the Task instance: TaskInstanceState.RUNNING","logger":"task.stdout"}
{"timestamp":"2026-03-10T00:55:23.701553Z","level":"info","event":"Task operator:<Task(BashOperator): dbt_run>","logger":"task.stdout"}
