{"timestamp":"2026-03-10T00:58:11.567878Z","level":"info","event":"DAG bundles loaded: dags-folder, example_dags","logger":"airflow.dag_processing.bundles.manager.DagBundlesManager","filename":"manager.py","lineno":179}
{"timestamp":"2026-03-10T00:58:11.568100Z","level":"info","event":"Filling up the DagBag from /Users/sujithsuji/uber-trip-pipeline/airflow/dags/trip_pipeline_dag.py","logger":"airflow.models.dagbag.BundleDagBag","filename":"dagbag.py","lineno":593}
{"timestamp":"2026-03-10T00:58:11.572071Z","level":"warning","event":"The `airflow.operators.python.PythonOperator` attribute is deprecated. Please use `'airflow.providers.standard.operators.python.PythonOperator'`.","category":"DeprecatedImportWarning","filename":"/Users/sujithsuji/uber-trip-pipeline/airflow/dags/trip_pipeline_dag.py","lineno":2,"logger":"py.warnings"}
{"timestamp":"2026-03-10T00:58:11.572113Z","level":"warning","event":"The `airflow.operators.bash.BashOperator` attribute is deprecated. Please use `'airflow.providers.standard.operators.bash.BashOperator'`.","category":"DeprecatedImportWarning","filename":"/Users/sujithsuji/uber-trip-pipeline/airflow/dags/trip_pipeline_dag.py","lineno":3,"logger":"py.warnings"}
{"timestamp":"2026-03-10T00:58:11.580101Z","level":"info","event":"Task instance is in running state","logger":"task.stdout"}
{"timestamp":"2026-03-10T00:58:11.580141Z","level":"info","event":" Previous state of the Task instance: TaskInstanceState.QUEUED","logger":"task.stdout"}
{"timestamp":"2026-03-10T00:58:11.580373Z","level":"info","event":"Current task name:dbt_run","logger":"task.stdout"}
{"timestamp":"2026-03-10T00:58:11.580393Z","level":"info","event":"Dag name:uber_trip_pipeline","logger":"task.stdout"}
{"timestamp":"2026-03-10T00:58:11.581800Z","level":"info","event":"Tmp dir root location: /var/folders/f6/7ll0qx9x4m3_qd296xhbqjd40000gn/T","logger":"airflow.task.hooks.airflow.providers.standard.hooks.subprocess.SubprocessHook","filename":"subprocess.py","lineno":78}
{"timestamp":"2026-03-10T00:58:11.582612Z","level":"info","event":"Running command: ['/bin/bash', '-c', 'cd /Users/sujithsuji/uber-trip-pipeline/dbt_project && /Users/sujithsuji/uber-trip-pipeline/venv311/bin/dbt run']","logger":"airflow.task.hooks.airflow.providers.standard.hooks.subprocess.SubprocessHook","filename":"subprocess.py","lineno":80}
{"timestamp":"2026-03-10T00:58:11.590623Z","level":"info","event":"Output:","logger":"airflow.task.hooks.airflow.providers.standard.hooks.subprocess.SubprocessHook","filename":"subprocess.py","lineno":92}
{"timestamp":"2026-03-10T00:58:12.525454Z","level":"info","event":"\u001b[0m00:58:12  Running with dbt=1.11.7","logger":"airflow.task.hooks.airflow.providers.standard.hooks.subprocess.SubprocessHook","filename":"subprocess.py","lineno":99}
{"timestamp":"2026-03-10T00:58:12.644164Z","level":"info","event":"\u001b[0m00:58:12  Registered adapter: postgres=1.10.0","logger":"airflow.task.hooks.airflow.providers.standard.hooks.subprocess.SubprocessHook","filename":"subprocess.py","lineno":99}
{"timestamp":"2026-03-10T00:58:12.756333Z","level":"info","event":"\u001b[0m00:58:12  [\u001b[33mWARNING\u001b[0m]: Configuration paths exist in your dbt_project.yml file which do not apply to any resources.","logger":"airflow.task.hooks.airflow.providers.standard.hooks.subprocess.SubprocessHook","filename":"subprocess.py","lineno":99}
{"timestamp":"2026-03-10T00:58:12.756407Z","level":"info","event":"There are 1 unused configuration paths:","logger":"airflow.task.hooks.airflow.providers.standard.hooks.subprocess.SubprocessHook","filename":"subprocess.py","lineno":99}
{"timestamp":"2026-03-10T00:58:12.756427Z","level":"info","event":"- models.dbt_project.intermediate","logger":"airflow.task.hooks.airflow.providers.standard.hooks.subprocess.SubprocessHook","filename":"subprocess.py","lineno":99}
{"timestamp":"2026-03-10T00:58:12.819565Z","level":"info","event":"\u001b[0m00:58:12  Found 7 models, 12 data tests, 464 macros","logger":"airflow.task.hooks.airflow.providers.standard.hooks.subprocess.SubprocessHook","filename":"subprocess.py","lineno":99}
{"timestamp":"2026-03-10T00:58:12.820656Z","level":"info","event":"\u001b[0m00:58:12","logger":"airflow.task.hooks.airflow.providers.standard.hooks.subprocess.SubprocessHook","filename":"subprocess.py","lineno":99}
{"timestamp":"2026-03-10T00:58:12.820808Z","level":"info","event":"\u001b[0m00:58:12  Concurrency: 4 threads (target='dev')","logger":"airflow.task.hooks.airflow.providers.standard.hooks.subprocess.SubprocessHook","filename":"subprocess.py","lineno":99}
{"timestamp":"2026-03-10T00:58:12.820928Z","level":"info","event":"\u001b[0m00:58:12","logger":"airflow.task.hooks.airflow.providers.standard.hooks.subprocess.SubprocessHook","filename":"subprocess.py","lineno":99}
{"timestamp":"2026-03-10T00:58:13.516647Z","level":"info","event":"\u001b[0m00:58:13  1 of 7 START sql view model analytics_staging.stg_customers .................... [RUN]","logger":"airflow.task.hooks.airflow.providers.standard.hooks.subprocess.SubprocessHook","filename":"subprocess.py","lineno":99}
{"timestamp":"2026-03-10T00:58:13.517923Z","level":"info","event":"\u001b[0m00:58:13  2 of 7 START sql view model analytics_staging.stg_drivers ...................... [RUN]","logger":"airflow.task.hooks.airflow.providers.standard.hooks.subprocess.SubprocessHook","filename":"subprocess.py","lineno":99}
{"timestamp":"2026-03-10T00:58:13.521036Z","level":"info","event":"\u001b[0m00:58:13  3 of 7 START sql view model analytics_staging.stg_trips ........................ [RUN]","logger":"airflow.task.hooks.airflow.providers.standard.hooks.subprocess.SubprocessHook","filename":"subprocess.py","lineno":99}
{"timestamp":"2026-03-10T00:58:13.932835Z","level":"info","event":"\u001b[0m00:58:13  1 of 7 OK created sql view model analytics_staging.stg_customers ............... [\u001b[32mCREATE VIEW\u001b[0m in 0.41s]","logger":"airflow.task.hooks.airflow.providers.standard.hooks.subprocess.SubprocessHook","filename":"subprocess.py","lineno":99}
{"timestamp":"2026-03-10T00:58:13.933526Z","level":"info","event":"\u001b[0m00:58:13  2 of 7 OK created sql view model analytics_staging.stg_drivers ................. [\u001b[32mCREATE VIEW\u001b[0m in 0.41s]","logger":"airflow.task.hooks.airflow.providers.standard.hooks.subprocess.SubprocessHook","filename":"subprocess.py","lineno":99}
{"timestamp":"2026-03-10T00:58:13.934360Z","level":"info","event":"\u001b[0m00:58:13  3 of 7 OK created sql view model analytics_staging.stg_trips ................... [\u001b[32mCREATE VIEW\u001b[0m in 0.41s]","logger":"airflow.task.hooks.airflow.providers.standard.hooks.subprocess.SubprocessHook","filename":"subprocess.py","lineno":99}
{"timestamp":"2026-03-10T00:58:13.936203Z","level":"info","event":"\u001b[0m00:58:13  4 of 7 START sql table model analytics_analytics.fct_trips ..................... [RUN]","logger":"airflow.task.hooks.airflow.providers.standard.hooks.subprocess.SubprocessHook","filename":"subprocess.py","lineno":99}
{"timestamp":"2026-03-10T00:58:14.351910Z","level":"info","event":"\u001b[0m00:58:14  4 of 7 OK created sql table model analytics_analytics.fct_trips ................ [\u001b[32mSELECT 10000\u001b[0m in 0.41s]","logger":"airflow.task.hooks.airflow.providers.standard.hooks.subprocess.SubprocessHook","filename":"subprocess.py","lineno":99}
{"timestamp":"2026-03-10T00:58:14.355242Z","level":"info","event":"\u001b[0m00:58:14  5 of 7 START sql table model analytics_analytics.agg_driver_performance ........ [RUN]","logger":"airflow.task.hooks.airflow.providers.standard.hooks.subprocess.SubprocessHook","filename":"subprocess.py","lineno":99}
{"timestamp":"2026-03-10T00:58:14.355755Z","level":"info","event":"\u001b[0m00:58:14  6 of 7 START sql table model analytics_analytics.agg_hourly_demand ............. [RUN]","logger":"airflow.task.hooks.airflow.providers.standard.hooks.subprocess.SubprocessHook","filename":"subprocess.py","lineno":99}
{"timestamp":"2026-03-10T00:58:14.356243Z","level":"info","event":"\u001b[0m00:58:14  7 of 7 START sql table model analytics_analytics.agg_zone_revenue .............. [RUN]","logger":"airflow.task.hooks.airflow.providers.standard.hooks.subprocess.SubprocessHook","filename":"subprocess.py","lineno":99}
{"timestamp":"2026-03-10T00:58:14.669502Z","level":"info","event":"\u001b[0m00:58:14  5 of 7 OK created sql table model analytics_analytics.agg_driver_performance ... [\u001b[32mSELECT 200\u001b[0m in 0.31s]","logger":"airflow.task.hooks.airflow.providers.standard.hooks.subprocess.SubprocessHook","filename":"subprocess.py","lineno":99}
{"timestamp":"2026-03-10T00:58:14.670468Z","level":"info","event":"\u001b[0m00:58:14  7 of 7 OK created sql table model analytics_analytics.agg_zone_revenue ......... [\u001b[32mSELECT 8\u001b[0m in 0.31s]","logger":"airflow.task.hooks.airflow.providers.standard.hooks.subprocess.SubprocessHook","filename":"subprocess.py","lineno":99}
{"timestamp":"2026-03-10T00:58:14.671497Z","level":"info","event":"\u001b[0m00:58:14  6 of 7 OK created sql table model analytics_analytics.agg_hourly_demand ........ [\u001b[32mSELECT 24\u001b[0m in 0.31s]","logger":"airflow.task.hooks.airflow.providers.standard.hooks.subprocess.SubprocessHook","filename":"subprocess.py","lineno":99}
{"timestamp":"2026-03-10T00:58:14.904415Z","level":"info","event":"\u001b[0m00:58:14","logger":"airflow.task.hooks.airflow.providers.standard.hooks.subprocess.SubprocessHook","filename":"subprocess.py","lineno":99}
{"timestamp":"2026-03-10T00:58:14.904777Z","level":"info","event":"\u001b[0m00:58:14  Finished running 4 table models, 3 view models in 0 hours 0 minutes and 2.08 seconds (2.08s).","logger":"airflow.task.hooks.airflow.providers.standard.hooks.subprocess.SubprocessHook","filename":"subprocess.py","lineno":99}
{"timestamp":"2026-03-10T00:58:14.954046Z","level":"info","event":"\u001b[0m00:58:14","logger":"airflow.task.hooks.airflow.providers.standard.hooks.subprocess.SubprocessHook","filename":"subprocess.py","lineno":99}
{"timestamp":"2026-03-10T00:58:14.954300Z","level":"info","event":"\u001b[0m00:58:14  \u001b[32mCompleted successfully\u001b[0m","logger":"airflow.task.hooks.airflow.providers.standard.hooks.subprocess.SubprocessHook","filename":"subprocess.py","lineno":99}
{"timestamp":"2026-03-10T00:58:14.954503Z","level":"info","event":"\u001b[0m00:58:14","logger":"airflow.task.hooks.airflow.providers.standard.hooks.subprocess.SubprocessHook","filename":"subprocess.py","lineno":99}
{"timestamp":"2026-03-10T00:58:14.954752Z","level":"info","event":"\u001b[0m00:58:14  Done. PASS=7 WARN=0 ERROR=0 SKIP=0 NO-OP=0 TOTAL=7","logger":"airflow.task.hooks.airflow.providers.standard.hooks.subprocess.SubprocessHook","filename":"subprocess.py","lineno":99}
{"timestamp":"2026-03-10T00:58:15.548878Z","level":"info","event":"Command exited with return code 0","logger":"airflow.task.hooks.airflow.providers.standard.hooks.subprocess.SubprocessHook","filename":"subprocess.py","lineno":103}
{"timestamp":"2026-03-10T00:58:15.549605Z","level":"info","event":"Pushing xcom","ti":"RuntimeTaskInstance(id=UUID('019cd540-058c-73ea-b9f5-ca966923f16e'), task_id='dbt_run', dag_id='uber_trip_pipeline', run_id='manual__2026-03-10T00:57:48.656765+00:00', try_number=1, dag_version_id=UUID('019cd50e-bfd1-7767-8d8d-4c5efd53a219'), map_index=-1, hostname='sujiths-laptop.local', context_carrier={}, task=<Task(BashOperator): dbt_run>, bundle_instance=LocalDagBundle(name=dags-folder), max_tries=1, start_date=datetime.datetime(2026, 3, 10, 0, 58, 10, 967443, tzinfo=datetime.timezone.utc), end_date=None, state=<TaskInstanceState.RUNNING: 'running'>, is_mapped=False, rendered_map_index=None)","logger":"task","filename":"task_runner.py","lineno":1522}
{"timestamp":"2026-03-10T00:58:15.568067Z","level":"info","event":"Task instance in success state","logger":"task.stdout"}
{"timestamp":"2026-03-10T00:58:15.568143Z","level":"info","event":" Previous state of the Task instance: TaskInstanceState.RUNNING","logger":"task.stdout"}
{"timestamp":"2026-03-10T00:58:15.568632Z","level":"info","event":"Task operator:<Task(BashOperator): dbt_run>","logger":"task.stdout"}
