{"timestamp":"2026-03-10T00:57:50.254204Z","level":"info","event":"DAG bundles loaded: dags-folder, example_dags","logger":"airflow.dag_processing.bundles.manager.DagBundlesManager","filename":"manager.py","lineno":179}
{"timestamp":"2026-03-10T00:57:50.254432Z","level":"info","event":"Filling up the DagBag from /Users/sujithsuji/uber-trip-pipeline/airflow/dags/trip_pipeline_dag.py","logger":"airflow.models.dagbag.BundleDagBag","filename":"dagbag.py","lineno":593}
{"timestamp":"2026-03-10T00:57:50.257611Z","level":"warning","event":"The `airflow.operators.python.PythonOperator` attribute is deprecated. Please use `'airflow.providers.standard.operators.python.PythonOperator'`.","category":"DeprecatedImportWarning","filename":"/Users/sujithsuji/uber-trip-pipeline/airflow/dags/trip_pipeline_dag.py","lineno":2,"logger":"py.warnings"}
{"timestamp":"2026-03-10T00:57:50.257653Z","level":"warning","event":"The `airflow.operators.bash.BashOperator` attribute is deprecated. Please use `'airflow.providers.standard.operators.bash.BashOperator'`.","category":"DeprecatedImportWarning","filename":"/Users/sujithsuji/uber-trip-pipeline/airflow/dags/trip_pipeline_dag.py","lineno":3,"logger":"py.warnings"}
{"timestamp":"2026-03-10T00:57:50.265535Z","level":"info","event":"Task instance is in running state","logger":"task.stdout"}
{"timestamp":"2026-03-10T00:57:50.265590Z","level":"info","event":" Previous state of the Task instance: TaskInstanceState.QUEUED","logger":"task.stdout"}
{"timestamp":"2026-03-10T00:57:50.265943Z","level":"info","event":"Current task name:upload_s3_bronze","logger":"task.stdout"}
{"timestamp":"2026-03-10T00:57:50.265977Z","level":"info","event":"Dag name:uber_trip_pipeline","logger":"task.stdout"}
{"timestamp":"2026-03-10T00:57:50.830959Z","level":"info","event":"","logger":"task.stdout"}
{"timestamp":"2026-03-10T00:57:50.831264Z","level":"info","event":"🚀 Uploading to S3 Bronze Layer...","logger":"task.stdout"}
{"timestamp":"2026-03-10T00:57:50.831307Z","level":"info","event":"   Bucket: uber-trip-pipeline-sujith","logger":"task.stdout"}
{"timestamp":"2026-03-10T00:57:50.831330Z","level":"info","event":"   Date partition: year=2026/month=03/day=09","logger":"task.stdout"}
{"timestamp":"2026-03-10T00:57:50.831358Z","level":"info","event":"","logger":"task.stdout"}
{"timestamp":"2026-03-10T00:57:50.831384Z","level":"info","event":"Uploading data/raw/trips.csv → s3://uber-trip-pipeline-sujith/bronze/trips/year=2026/month=03/day=09/trips.csv","logger":"task.stdout"}
{"timestamp":"2026-03-10T00:57:50.831404Z","level":"info","event":"","logger":"task.stdout"}
{"timestamp":"2026-03-10T00:57:50.831311Z","level":"error","event":"Task failed with exception","logger":"task","filename":"task_runner.py","lineno":1142,"error_detail":[{"exc_type":"Exception","exc_value":"Traceback (most recent call last):\n  File \"/Users/sujithsuji/uber-trip-pipeline/venv311/lib/python3.11/site-packages/boto3/s3/transfer.py\", line 452, in upload_file\n    future.result()\n  File \"/Users/sujithsuji/uber-trip-pipeline/venv311/lib/python3.11/site-packages/s3transfer/futures.py\", line 111, in result\n    return self._coordinator.result()\n           ^^^^^^^^^^^^^^^^^^^^^^^^^^\n  File \"/Users/sujithsuji/uber-trip-pipeline/venv311/lib/python3.11/site-packages/s3transfer/futures.py\", line 287, in result\n    raise self._exception\n  File \"/Users/sujithsuji/uber-trip-pipeline/venv311/lib/python3.11/site-packages/s3transfer/tasks.py\", line 142, in __call__\n    return self._execute_main(kwargs)\n           ^^^^^^^^^^^^^^^^^^^^^^^^^^\n  File \"/Users/sujithsuji/uber-trip-pipeline/venv311/lib/python3.11/site-packages/s3transfer/tasks.py\", line 165, in _execute_main\n    return_value = self._main(**kwargs)\n                   ^^^^^^^^^^^^^^^^^^^^\n  File \"/Users/sujithsuji/uber-trip-pipeline/venv311/lib/python3.11/site-packages/s3transfer/upload.py\", line 796, in _main\n    client.put_object(Bucket=bucket, Key=key, Body=body, **extra_args)\n  File \"/Users/sujithsuji/uber-trip-pipeline/venv311/lib/python3.11/site-packages/botocore/client.py\", line 602, in _api_call\n    return self._make_api_call(operation_name, kwargs)\n           ^^^^^^^^^^^^^^^^^^^^^^^^^^^^^^^^^^^^^^^^^^^\n  File \"/Users/sujithsuji/uber-trip-pipeline/venv311/lib/python3.11/site-packages/botocore/context.py\", line 123, in wrapper\n    return func(*args, **kwargs)\n           ^^^^^^^^^^^^^^^^^^^^^\n  File \"/Users/sujithsuji/uber-trip-pipeline/venv311/lib/python3.11/site-packages/botocore/client.py\", line 1078, in _make_api_call\n    raise error_class(parsed_response, operation_name)\nbotocore.exceptions.ClientError: An error occurred (IncompleteBody) when calling the PutObject operation: You did not provide the number of bytes specified by the Content-Length HTTP header\n\nDuring handling of the above exception, another exception occurred:\n\nTraceback (most recent call last):\n  File \"/Users/sujithsuji/uber-trip-pipeline/ingestion/upload_to_s3.py\", line 28, in <module>\n    upload_file(local_path, s3_key)\n  File \"/Users/sujithsuji/uber-trip-pipeline/ingestion/upload_to_s3.py\", line 13, in upload_file\n    s3.upload_file(local_path, BUCKET_NAME, s3_key)\n  File \"/Users/sujithsuji/uber-trip-pipeline/venv311/lib/python3.11/site-packages/botocore/context.py\", line 123, in wrapper\n    return func(*args, **kwargs)\n           ^^^^^^^^^^^^^^^^^^^^^\n  File \"/Users/sujithsuji/uber-trip-pipeline/venv311/lib/python3.11/site-packages/boto3/s3/inject.py\", line 175, in upload_file\n    return transfer.upload_file(\n           ^^^^^^^^^^^^^^^^^^^^^\n  File \"/Users/sujithsuji/uber-trip-pipeline/venv311/lib/python3.11/site-packages/boto3/s3/transfer.py\", line 458, in upload_file\n    raise S3UploadFailedError(\nboto3.exceptions.S3UploadFailedError: Failed to upload data/raw/trips.csv to uber-trip-pipeline-sujith/bronze/trips/year=2026/month=03/day=09/trips.csv: An error occurred (IncompleteBody) when calling the PutObject operation: You did not provide the number of bytes specified by the Content-Length HTTP header\n","exc_notes":[],"syntax_error":null,"is_cause":false,"frames":[{"filename":"/Users/sujithsuji/uber-trip-pipeline/venv311/lib/python3.11/site-packages/airflow/sdk/execution_time/task_runner.py","lineno":1068,"name":"run"},{"filename":"/Users/sujithsuji/uber-trip-pipeline/venv311/lib/python3.11/site-packages/airflow/sdk/execution_time/task_runner.py","lineno":1477,"name":"_execute_task"},{"filename":"/Users/sujithsuji/uber-trip-pipeline/venv311/lib/python3.11/site-packages/airflow/sdk/bases/operator.py","lineno":417,"name":"wrapper"},{"filename":"/Users/sujithsuji/uber-trip-pipeline/venv311/lib/python3.11/site-packages/airflow/providers/standard/operators/python.py","lineno":228,"name":"execute"},{"filename":"/Users/sujithsuji/uber-trip-pipeline/venv311/lib/python3.11/site-packages/airflow/providers/standard/operators/python.py","lineno":251,"name":"execute_callable"},{"filename":"/Users/sujithsuji/uber-trip-pipeline/venv311/lib/python3.11/site-packages/airflow/sdk/execution_time/callback_runner.py","lineno":82,"name":"run"},{"filename":"/Users/sujithsuji/uber-trip-pipeline/airflow/dags/trip_pipeline_dag.py","lineno":36,"name":"upload_to_s3"}],"is_group":false,"exceptions":[]}]}
{"timestamp":"2026-03-10T00:57:50.844800Z","level":"info","event":"Task instance in failure state","logger":"task.stdout"}
{"timestamp":"2026-03-10T00:57:50.845603Z","level":"info","event":"Task start","logger":"task.stdout"}
{"timestamp":"2026-03-10T00:57:50.845638Z","level":"info","event":"Task:<Task(PythonOperator): upload_s3_bronze>","logger":"task.stdout"}
{"timestamp":"2026-03-10T00:57:50.845658Z","level":"info","event":"Failure caused by Traceback (most recent call last):","logger":"task.stdout"}
{"timestamp":"2026-03-10T00:57:50.845682Z","level":"info","event":"  File \"/Users/sujithsuji/uber-trip-pipeline/venv311/lib/python3.11/site-packages/boto3/s3/transfer.py\", line 452, in upload_file","logger":"task.stdout"}
{"timestamp":"2026-03-10T00:57:50.845751Z","level":"info","event":"    future.result()","logger":"task.stdout"}
{"timestamp":"2026-03-10T00:57:50.845769Z","level":"info","event":"  File \"/Users/sujithsuji/uber-trip-pipeline/venv311/lib/python3.11/site-packages/s3transfer/futures.py\", line 111, in result","logger":"task.stdout"}
{"timestamp":"2026-03-10T00:57:50.845794Z","level":"info","event":"    return self._coordinator.result()","logger":"task.stdout"}
{"timestamp":"2026-03-10T00:57:50.845825Z","level":"info","event":"           ^^^^^^^^^^^^^^^^^^^^^^^^^^","logger":"task.stdout"}
{"timestamp":"2026-03-10T00:57:50.845842Z","level":"info","event":"  File \"/Users/sujithsuji/uber-trip-pipeline/venv311/lib/python3.11/site-packages/s3transfer/futures.py\", line 287, in result","logger":"task.stdout"}
{"timestamp":"2026-03-10T00:57:50.845865Z","level":"info","event":"    raise self._exception","logger":"task.stdout"}
{"timestamp":"2026-03-10T00:57:50.845882Z","level":"info","event":"  File \"/Users/sujithsuji/uber-trip-pipeline/venv311/lib/python3.11/site-packages/s3transfer/tasks.py\", line 142, in __call__","logger":"task.stdout"}
{"timestamp":"2026-03-10T00:57:50.845906Z","level":"info","event":"    return self._execute_main(kwargs)","logger":"task.stdout"}
{"timestamp":"2026-03-10T00:57:50.845929Z","level":"info","event":"           ^^^^^^^^^^^^^^^^^^^^^^^^^^","logger":"task.stdout"}
{"timestamp":"2026-03-10T00:57:50.845950Z","level":"info","event":"  File \"/Users/sujithsuji/uber-trip-pipeline/venv311/lib/python3.11/site-packages/s3transfer/tasks.py\", line 165, in _execute_main","logger":"task.stdout"}
{"timestamp":"2026-03-10T00:57:50.845972Z","level":"info","event":"    return_value = self._main(**kwargs)","logger":"task.stdout"}
{"timestamp":"2026-03-10T00:57:50.845989Z","level":"info","event":"                   ^^^^^^^^^^^^^^^^^^^^","logger":"task.stdout"}
{"timestamp":"2026-03-10T00:57:50.846006Z","level":"info","event":"  File \"/Users/sujithsuji/uber-trip-pipeline/venv311/lib/python3.11/site-packages/s3transfer/upload.py\", line 796, in _main","logger":"task.stdout"}
{"timestamp":"2026-03-10T00:57:50.846024Z","level":"info","event":"    client.put_object(Bucket=bucket, Key=key, Body=body, **extra_args)","logger":"task.stdout"}
{"timestamp":"2026-03-10T00:57:50.846047Z","level":"info","event":"  File \"/Users/sujithsuji/uber-trip-pipeline/venv311/lib/python3.11/site-packages/botocore/client.py\", line 602, in _api_call","logger":"task.stdout"}
{"timestamp":"2026-03-10T00:57:50.846068Z","level":"info","event":"    return self._make_api_call(operation_name, kwargs)","logger":"task.stdout"}
{"timestamp":"2026-03-10T00:57:50.846085Z","level":"info","event":"           ^^^^^^^^^^^^^^^^^^^^^^^^^^^^^^^^^^^^^^^^^^^","logger":"task.stdout"}
{"timestamp":"2026-03-10T00:57:50.846103Z","level":"info","event":"  File \"/Users/sujithsuji/uber-trip-pipeline/venv311/lib/python3.11/site-packages/botocore/context.py\", line 123, in wrapper","logger":"task.stdout"}
{"timestamp":"2026-03-10T00:57:50.846126Z","level":"info","event":"    return func(*args, **kwargs)","logger":"task.stdout"}
{"timestamp":"2026-03-10T00:57:50.846148Z","level":"info","event":"           ^^^^^^^^^^^^^^^^^^^^^","logger":"task.stdout"}
{"timestamp":"2026-03-10T00:57:50.846176Z","level":"info","event":"  File \"/Users/sujithsuji/uber-trip-pipeline/venv311/lib/python3.11/site-packages/botocore/client.py\", line 1078, in _make_api_call","logger":"task.stdout"}
{"timestamp":"2026-03-10T00:57:50.846197Z","level":"info","event":"    raise error_class(parsed_response, operation_name)","logger":"task.stdout"}
{"timestamp":"2026-03-10T00:57:50.846214Z","level":"info","event":"botocore.exceptions.ClientError: An error occurred (IncompleteBody) when calling the PutObject operation: You did not provide the number of bytes specified by the Content-Length HTTP header","logger":"task.stdout"}
{"timestamp":"2026-03-10T00:57:50.846232Z","level":"info","event":"","logger":"task.stdout"}
{"timestamp":"2026-03-10T00:57:50.846251Z","level":"info","event":"During handling of the above exception, another exception occurred:","logger":"task.stdout"}
{"timestamp":"2026-03-10T00:57:50.846269Z","level":"info","event":"","logger":"task.stdout"}
{"timestamp":"2026-03-10T00:57:50.846285Z","level":"info","event":"Traceback (most recent call last):","logger":"task.stdout"}
{"timestamp":"2026-03-10T00:57:50.846306Z","level":"info","event":"  File \"/Users/sujithsuji/uber-trip-pipeline/ingestion/upload_to_s3.py\", line 28, in <module>","logger":"task.stdout"}
{"timestamp":"2026-03-10T00:57:50.846373Z","level":"info","event":"    upload_file(local_path, s3_key)","logger":"task.stdout"}
{"timestamp":"2026-03-10T00:57:50.846394Z","level":"info","event":"  File \"/Users/sujithsuji/uber-trip-pipeline/ingestion/upload_to_s3.py\", line 13, in upload_file","logger":"task.stdout"}
{"timestamp":"2026-03-10T00:57:50.846415Z","level":"info","event":"    s3.upload_file(local_path, BUCKET_NAME, s3_key)","logger":"task.stdout"}
{"timestamp":"2026-03-10T00:57:50.846432Z","level":"info","event":"  File \"/Users/sujithsuji/uber-trip-pipeline/venv311/lib/python3.11/site-packages/botocore/context.py\", line 123, in wrapper","logger":"task.stdout"}
{"timestamp":"2026-03-10T00:57:50.846449Z","level":"info","event":"    return func(*args, **kwargs)","logger":"task.stdout"}
{"timestamp":"2026-03-10T00:57:50.846464Z","level":"info","event":"           ^^^^^^^^^^^^^^^^^^^^^","logger":"task.stdout"}
{"timestamp":"2026-03-10T00:57:50.846480Z","level":"info","event":"  File \"/Users/sujithsuji/uber-trip-pipeline/venv311/lib/python3.11/site-packages/boto3/s3/inject.py\", line 175, in upload_file","logger":"task.stdout"}
{"timestamp":"2026-03-10T00:57:50.846497Z","level":"info","event":"    return transfer.upload_file(","logger":"task.stdout"}
{"timestamp":"2026-03-10T00:57:50.846522Z","level":"info","event":"           ^^^^^^^^^^^^^^^^^^^^^","logger":"task.stdout"}
{"timestamp":"2026-03-10T00:57:50.846543Z","level":"info","event":"  File \"/Users/sujithsuji/uber-trip-pipeline/venv311/lib/python3.11/site-packages/boto3/s3/transfer.py\", line 458, in upload_file","logger":"task.stdout"}
{"timestamp":"2026-03-10T00:57:50.846560Z","level":"info","event":"    raise S3UploadFailedError(","logger":"task.stdout"}
{"timestamp":"2026-03-10T00:57:50.846624Z","level":"info","event":"boto3.exceptions.S3UploadFailedError: Failed to upload data/raw/trips.csv to uber-trip-pipeline-sujith/bronze/trips/year=2026/month=03/day=09/trips.csv: An error occurred (IncompleteBody) when calling the PutObject operation: You did not provide the number of bytes specified by the Content-Length HTTP header","logger":"task.stdout"}
{"timestamp":"2026-03-10T00:57:50.846730Z","level":"info","event":"","logger":"task.stdout"}
