{"timestamp":"2026-03-10T00:55:20.902935Z","level":"info","event":"DAG bundles loaded: dags-folder, example_dags","logger":"airflow.dag_processing.bundles.manager.DagBundlesManager","filename":"manager.py","lineno":179}
{"timestamp":"2026-03-10T00:55:20.903311Z","level":"info","event":"Filling up the DagBag from /Users/sujithsuji/uber-trip-pipeline/airflow/dags/trip_pipeline_dag.py","logger":"airflow.models.dagbag.BundleDagBag","filename":"dagbag.py","lineno":593}
{"timestamp":"2026-03-10T00:55:20.909420Z","level":"warning","event":"The `airflow.operators.python.PythonOperator` attribute is deprecated. Please use `'airflow.providers.standard.operators.python.PythonOperator'`.","category":"DeprecatedImportWarning","filename":"/Users/sujithsuji/uber-trip-pipeline/airflow/dags/trip_pipeline_dag.py","lineno":2,"logger":"py.warnings"}
{"timestamp":"2026-03-10T00:55:20.909484Z","level":"warning","event":"The `airflow.operators.bash.BashOperator` attribute is deprecated. Please use `'airflow.providers.standard.operators.bash.BashOperator'`.","category":"DeprecatedImportWarning","filename":"/Users/sujithsuji/uber-trip-pipeline/airflow/dags/trip_pipeline_dag.py","lineno":3,"logger":"py.warnings"}
{"timestamp":"2026-03-10T00:55:20.954386Z","level":"info","event":"Task instance is in running state","logger":"task.stdout"}
{"timestamp":"2026-03-10T00:55:20.954580Z","level":"info","event":" Previous state of the Task instance: TaskInstanceState.QUEUED","logger":"task.stdout"}
{"timestamp":"2026-03-10T00:55:20.954892Z","level":"info","event":"Current task name:gold_transform","logger":"task.stdout"}
{"timestamp":"2026-03-10T00:55:20.954947Z","level":"info","event":"Dag name:uber_trip_pipeline","logger":"task.stdout"}
{"timestamp":"2026-03-10T00:55:21.462315Z","level":"info","event":"✅ Starting Gold Layer transformation (pandas)","logger":"task.stdout"}
{"timestamp":"2026-03-10T00:55:21.462510Z","level":"info","event":"📂 Loaded 10000 silver trip records","logger":"task.stdout"}
{"timestamp":"2026-03-10T00:55:21.462590Z","level":"info","event":"🔄 Building Daily Revenue Summary...","logger":"task.stdout"}
{"timestamp":"2026-03-10T00:55:21.466442Z","level":"info","event":"   ✅ Daily summary: 31 days","logger":"task.stdout"}
{"timestamp":"2026-03-10T00:55:21.466538Z","level":"info","event":"🔄 Building Zone Revenue Performance...","logger":"task.stdout"}
{"timestamp":"2026-03-10T00:55:21.466594Z","level":"info","event":"   ✅ Zone performance: 8 zones","logger":"task.stdout"}
{"timestamp":"2026-03-10T00:55:21.466655Z","level":"info","event":"🔄 Building Hourly Demand...","logger":"task.stdout"}
{"timestamp":"2026-03-10T00:55:21.466704Z","level":"info","event":"   ✅ Hourly demand: 24 hours","logger":"task.stdout"}
{"timestamp":"2026-03-10T00:55:21.466750Z","level":"info","event":"🔄 Building Driver Performance...","logger":"task.stdout"}
{"timestamp":"2026-03-10T00:55:21.466796Z","level":"info","event":"   ✅ Driver performance: 200 drivers","logger":"task.stdout"}
{"timestamp":"2026-03-10T00:55:21.466903Z","level":"info","event":"🔄 Building Surge Analysis...","logger":"task.stdout"}
{"timestamp":"2026-03-10T00:55:21.466963Z","level":"info","event":"   ✅ Surge analysis complete","logger":"task.stdout"}
{"timestamp":"2026-03-10T00:55:21.466993Z","level":"info","event":"==================================================","logger":"task.stdout"}
{"timestamp":"2026-03-10T00:55:21.467016Z","level":"info","event":"🎉 Gold Layer Complete!","logger":"task.stdout"}
{"timestamp":"2026-03-10T00:55:21.467067Z","level":"info","event":"==================================================","logger":"task.stdout"}
{"timestamp":"2026-03-10T00:55:21.467089Z","level":"info","event":"","logger":"task.stdout"}
{"timestamp":"2026-03-10T00:55:21.463350Z","level":"info","event":"Done. Returned value was: None","logger":"airflow.task.operators.airflow.providers.standard.operators.python.PythonOperator","filename":"python.py","lineno":230}
{"timestamp":"2026-03-10T00:55:21.477096Z","level":"info","event":"Task instance in success state","logger":"task.stdout"}
{"timestamp":"2026-03-10T00:55:21.477354Z","level":"info","event":" Previous state of the Task instance: TaskInstanceState.RUNNING","logger":"task.stdout"}
{"timestamp":"2026-03-10T00:55:21.478112Z","level":"info","event":"Task operator:<Task(PythonOperator): gold_transform>","logger":"task.stdout"}
