{"timestamp":"2026-03-10T00:44:30.555118Z","level":"info","event":"DAG bundles loaded: dags-folder, example_dags","logger":"airflow.dag_processing.bundles.manager.DagBundlesManager","filename":"manager.py","lineno":179}
{"timestamp":"2026-03-10T00:44:30.555394Z","level":"info","event":"Filling up the DagBag from /Users/sujithsuji/uber-trip-pipeline/airflow/dags/trip_pipeline_dag.py","logger":"airflow.models.dagbag.BundleDagBag","filename":"dagbag.py","lineno":593}
{"timestamp":"2026-03-10T00:44:30.562580Z","level":"warning","event":"The `airflow.operators.python.PythonOperator` attribute is deprecated. Please use `'airflow.providers.standard.operators.python.PythonOperator'`.","category":"DeprecatedImportWarning","filename":"/Users/sujithsuji/uber-trip-pipeline/airflow/dags/trip_pipeline_dag.py","lineno":2,"logger":"py.warnings"}
{"timestamp":"2026-03-10T00:44:30.562633Z","level":"warning","event":"The `airflow.operators.bash.BashOperator` attribute is deprecated. Please use `'airflow.providers.standard.operators.bash.BashOperator'`.","category":"DeprecatedImportWarning","filename":"/Users/sujithsuji/uber-trip-pipeline/airflow/dags/trip_pipeline_dag.py","lineno":3,"logger":"py.warnings"}
{"timestamp":"2026-03-10T00:44:30.576766Z","level":"info","event":"Task instance is in running state","logger":"task.stdout"}
{"timestamp":"2026-03-10T00:44:30.576834Z","level":"info","event":" Previous state of the Task instance: TaskInstanceState.QUEUED","logger":"task.stdout"}
{"timestamp":"2026-03-10T00:44:30.577078Z","level":"info","event":"Current task name:generate_trip_data","logger":"task.stdout"}
{"timestamp":"2026-03-10T00:44:30.577102Z","level":"info","event":"Dag name:uber_trip_pipeline","logger":"task.stdout"}
{"timestamp":"2026-03-10T00:44:31.326029Z","level":"info","event":"Generating trip data...","logger":"task.stdout"}
{"timestamp":"2026-03-10T00:44:31.326147Z","level":"info","event":"✅ Generated 200 drivers","logger":"task.stdout"}
{"timestamp":"2026-03-10T00:44:31.326180Z","level":"info","event":"✅ Generated 500 customers","logger":"task.stdout"}
{"timestamp":"2026-03-10T00:44:31.326203Z","level":"info","event":"✅ Generated 10000 trips","logger":"task.stdout"}
{"timestamp":"2026-03-10T00:44:31.326232Z","level":"info","event":"","logger":"task.stdout"}
{"timestamp":"2026-03-10T00:44:31.326252Z","level":"info","event":"📊 Data Summary:","logger":"task.stdout"}
{"timestamp":"2026-03-10T00:44:31.326272Z","level":"info","event":"   Total Trips:     10000","logger":"task.stdout"}
{"timestamp":"2026-03-10T00:44:31.326290Z","level":"info","event":"   Completed Trips: 7484","logger":"task.stdout"}
{"timestamp":"2026-03-10T00:44:31.326307Z","level":"info","event":"   Cancelled Trips: 2516","logger":"task.stdout"}
{"timestamp":"2026-03-10T00:44:31.326325Z","level":"info","event":"   Total Revenue:   $362,746.09","logger":"task.stdout"}
{"timestamp":"2026-03-10T00:44:31.326342Z","level":"info","event":"   Avg Fare:        $41.14","logger":"task.stdout"}
{"timestamp":"2026-03-10T00:44:31.326360Z","level":"info","event":"","logger":"task.stdout"}
{"timestamp":"2026-03-10T00:44:31.326378Z","level":"info","event":"✅ Clean data saved to data/raw/","logger":"task.stdout"}
{"timestamp":"2026-03-10T00:44:31.326396Z","level":"info","event":"","logger":"task.stdout"}
{"timestamp":"2026-03-10T00:44:31.326584Z","level":"info","event":"Done. Returned value was: None","logger":"airflow.task.operators.airflow.providers.standard.operators.python.PythonOperator","filename":"python.py","lineno":230}
{"timestamp":"2026-03-10T00:44:31.335746Z","level":"info","event":"Task instance in success state","logger":"task.stdout"}
{"timestamp":"2026-03-10T00:44:31.335813Z","level":"info","event":" Previous state of the Task instance: TaskInstanceState.RUNNING","logger":"task.stdout"}
{"timestamp":"2026-03-10T00:44:31.336319Z","level":"info","event":"Task operator:<Task(PythonOperator): generate_trip_data>","logger":"task.stdout"}
